
 *********************************** NBO 5.0 ***********************************
             N A T U R A L   A T O M I C   O R B I T A L   A N D
          N A T U R A L   B O N D   O R B I T A L   A N A L Y S I S
 *******************************************************************************
  (c) Copyright 1996-2003 Board of Regents of the University of Wisconsin System
      on behalf of the Theoretical Chemistry Institute.  All Rights Reserved.

          Cite this program as:

          NBO 5.0.  E. D. Glendening, J. K. Badenhoop, A. E. Reed,
          J. E. Carpenter, J. A. Bohmann, C. M. Morales, and F. Weinhold
          (Theoretical Chemistry Institute, University of Wisconsin,
          Madison, WI, 2001); http://www.chem.wisc.edu/~nbo5

       /NPA    / : Natural Population Analysis
       /NBO    / : Natural Bond Orbital Analysis
       /PLOT   / : Write information for the orbital plotter
       /FILE   / : Set to allyl                                               

 Job title:  *** NBO job generated by orca_scf                              

 Storage needed:       22767 in NPA,       18235 in NBO,
                       18355 in NLMO (    20000000 available)


 NATURAL POPULATIONS:  Natural atomic orbital occupancies 
                                                          
  NAO Atom No lang   Type(AO)    Occupancy      Spin      
 -------------------------------------------------------  
   1    C  1  s      Cor( 1s)         1.99896         0.00001
   2    C  1  s      Val( 2s)         1.06495         0.00913
   3    C  1  s      Ryd( 3s)         0.00077         0.00004
   4    C  1  px     Val( 2p)         1.12424         0.00837
   5    C  1  px     Ryd( 3p)         0.00198         0.00013
   6    C  1  py     Val( 2p)         1.19683         0.00123
   7    C  1  py     Ryd( 3p)         0.00382        -0.00012
   8    C  1  pz     Val( 2p)         1.00783         0.00837
   9    C  1  pz     Ryd( 3p)         0.00095        -0.00002
  10    C  1  dxy    Ryd( 3d)         0.00075        -0.00001
  11    C  1  dxz    Ryd( 3d)         0.00056         0.00002
  12    C  1  dyz    Ryd( 3d)         0.00001         0.00000
  13    C  1  dx2y2  Ryd( 3d)         0.00067         0.00005
  14    C  1  dz2    Ryd( 3d)         0.00050         0.00000
 
  15    C  2  s      Cor( 1s)         1.99896        -0.00001
  16    C  2  s      Val( 2s)         0.99241        -0.00886
  17    C  2  s      Ryd( 3s)         0.00174         0.00031
  18    C  2  px     Val( 2p)         1.12079        -0.01107
  19    C  2  px     Ryd( 3p)         0.00308         0.00006
  20    C  2  py     Val( 2p)         1.16679        -0.01535
  21    C  2  py     Ryd( 3p)         0.00297         0.00012
  22    C  2  pz     Val( 2p)         1.00512        -0.00825
  23    C  2  pz     Ryd( 3p)         0.00241         0.00014
  24    C  2  dxy    Ryd( 3d)         0.00084        -0.00006
  25    C  2  dxz    Ryd( 3d)         0.00068         0.00001
  26    C  2  dyz    Ryd( 3d)         0.00011        -0.00001
  27    C  2  dx2y2  Ryd( 3d)         0.00106         0.00072
  28    C  2  dz2    Ryd( 3d)         0.00048        -0.00001
 
  29    C  3  s      Cor( 1s)         1.99921         0.00001
  30    C  3  s      Val( 2s)         1.10290         0.04234
  31    C  3  s      Ryd( 3s)         0.00081         0.00019
  32    C  3  px     Val( 2p)         1.03105         0.45911
  33    C  3  px     Ryd( 3p)         0.00533         0.00327
  34    C  3  py     Val( 2p)         1.01478         0.48669
  35    C  3  py     Ryd( 3p)         0.00430         0.00260
  36    C  3  pz     Val( 2p)         1.16405         0.02059
  37    C  3  pz     Ryd( 3p)         0.00085        -0.00006
  38    C  3  dxy    Ryd( 3d)         0.00075        -0.00049
  39    C  3  dxz    Ryd( 3d)         0.00058         0.00000
  40    C  3  dyz    Ryd( 3d)         0.00028         0.00002
  41    C  3  dx2y2  Ryd( 3d)         0.00024         0.00002
  42    C  3  dz2    Ryd( 3d)         0.00060        -0.00017
 
  43    H  4  s      Val( 1s)         0.78993        -0.00065
  44    H  4  s      Ryd( 2s)         0.00228         0.00040
  45    H  4  px     Ryd( 2p)         0.00019         0.00000
  46    H  4  py     Ryd( 2p)         0.00072         0.00000
  47    H  4  pz     Ryd( 2p)         0.00022         0.00000
 
  48    H  5  s      Val( 1s)         0.78635         0.00214
  49    H  5  s      Ryd( 2s)         0.00168         0.00024
  50    H  5  px     Ryd( 2p)         0.00036         0.00000
  51    H  5  py     Ryd( 2p)         0.00056         0.00000
  52    H  5  pz     Ryd( 2p)         0.00024         0.00000
 
  53    H  6  s      Val( 1s)         0.77395         0.05103
  54    H  6  s      Ryd( 2s)         0.00332         0.00139
  55    H  6  px     Ryd( 2p)         0.00021         0.00006
  56    H  6  py     Ryd( 2p)         0.00075        -0.00003
  57    H  6  pz     Ryd( 2p)         0.00022         0.00001
 
  58    H  7  s      Val( 1s)         0.80396        -0.02697
  59    H  7  s      Ryd( 2s)         0.00134        -0.00001
  60    H  7  px     Ryd( 2p)         0.00029         0.00009
  61    H  7  py     Ryd( 2p)         0.00027         0.00014
  62    H  7  pz     Ryd( 2p)         0.00065        -0.00007
 
  63    H  8  s      Val( 1s)         0.80396        -0.02697
  64    H  8  s      Ryd( 2s)         0.00134        -0.00001
  65    H  8  px     Ryd( 2p)         0.00029         0.00009
  66    H  8  py     Ryd( 2p)         0.00027         0.00014
  67    H  8  pz     Ryd( 2p)         0.00065        -0.00007
 
   1 low occupancy (<1.9990e) core orbital  found on  C  1
   1 low occupancy (<1.9990e) core orbital  found on  C  2


 Summary of Natural Population Analysis:

                                     Natural Population                 Natural
             Natural    ---------------------------------------------    Spin
  Atom No    Charge        Core      Valence    Rydberg      Total      Density
 ------------------------------------------------------------------------------
    C  1   -0.40283      1.99896     4.39386    0.01001     6.40283     0.02719
    C  2   -0.29745      1.99896     4.28510    0.01338     6.29745    -0.04227
    C  3   -0.32573      1.99921     4.31278    0.01374     6.32573     1.01412
    H  4    0.20665      0.00000     0.78993    0.00342     0.79335    -0.00025
    H  5    0.21082      0.00000     0.78635    0.00283     0.78918     0.00238
    H  6    0.22155      0.00000     0.77395    0.00450     0.77845     0.05246
    H  7    0.19349      0.00000     0.80396    0.00254     0.80651    -0.02682
    H  8    0.19349      0.00000     0.80396    0.00254     0.80651    -0.02682
 ===============================================================================
 * Total *  0.00000      5.99714    16.94990    0.05296    23.00000     1.00000

                                 Natural Population      
 --------------------------------------------------------
   Core                       5.99714 ( 99.9523% of   6)
   Valence                   16.94990 ( 99.7053% of  17)
   Natural Minimal Basis     22.94704 ( 99.7697% of  23)
   Natural Rydberg Basis      0.05296 (  0.2303% of  23)
 --------------------------------------------------------

    Atom No         Natural Electron Configuration
 ----------------------------------------------------------------------------
      C  1      [core]2s( 1.06)2p( 3.33)3p( 0.01)
      C  2      [core]2s( 0.99)2p( 3.29)3p( 0.01)
      C  3      [core]2s( 1.10)2p( 3.21)3p( 0.01)
      H  4            1s( 0.79)
      H  5            1s( 0.79)
      H  6            1s( 0.77)
      H  7            1s( 0.80)
      H  8            1s( 0.80)


 ***************************************************
 *******         Alpha spin orbitals         *******
 ***************************************************


 NATURAL POPULATIONS:  Natural atomic orbital occupancies 
                                                          
  NAO Atom No lang   Type(AO)    Occupancy      Energy    
 ---------------------------------------------------------
   1    C  1  s      Cor( 1s)         0.99948          -9.77844
   2    C  1  s      Val( 2s)         0.53704          -0.18931
   3    C  1  s      Ryd( 3s)         0.00041           0.51483
   4    C  1  px     Val( 2p)         0.56630          -0.03705
   5    C  1  px     Ryd( 3p)         0.00106           0.48821
   6    C  1  py     Val( 2p)         0.59903          -0.03474
   7    C  1  py     Ryd( 3p)         0.00185           0.82072
   8    C  1  pz     Val( 2p)         0.50810          -0.11467
   9    C  1  pz     Ryd( 3p)         0.00047           0.48421
  10    C  1  dxy    Ryd( 3d)         0.00037           2.41457
  11    C  1  dxz    Ryd( 3d)         0.00029           1.88246
  12    C  1  dyz    Ryd( 3d)         0.00001           1.79683
  13    C  1  dx2y2  Ryd( 3d)         0.00036           2.33260
  14    C  1  dz2    Ryd( 3d)         0.00025           2.10539
 
  15    C  2  s      Cor( 1s)         0.99948          -9.78575
  16    C  2  s      Val( 2s)         0.49177          -0.17496
  17    C  2  s      Ryd( 3s)         0.00103           0.48936
  18    C  2  px     Val( 2p)         0.55486          -0.05033
  19    C  2  px     Ryd( 3p)         0.00157           0.56010
  20    C  2  py     Val( 2p)         0.57572          -0.05434
  21    C  2  py     Ryd( 3p)         0.00154           0.83878
  22    C  2  pz     Val( 2p)         0.49843          -0.10853
  23    C  2  pz     Ryd( 3p)         0.00128           0.52258
  24    C  2  dxy    Ryd( 3d)         0.00039           2.33274
  25    C  2  dxz    Ryd( 3d)         0.00035           1.88600
  26    C  2  dyz    Ryd( 3d)         0.00005           1.82820
  27    C  2  dx2y2  Ryd( 3d)         0.00089           2.34851
  28    C  2  dz2    Ryd( 3d)         0.00024           2.09197
 
  29    C  3  s      Cor( 1s)         0.99961          -9.81216
  30    C  3  s      Val( 2s)         0.57262          -0.26301
  31    C  3  s      Ryd( 3s)         0.00050           0.51115
  32    C  3  px     Val( 2p)         0.74508          -0.10442
  33    C  3  px     Ryd( 3p)         0.00430           0.47988
  34    C  3  py     Val( 2p)         0.75073          -0.11027
  35    C  3  py     Ryd( 3p)         0.00345           0.46507
  36    C  3  pz     Val( 2p)         0.59232          -0.04352
  37    C  3  pz     Ryd( 3p)         0.00040           0.64846
  38    C  3  dxy    Ryd( 3d)         0.00013           2.08730
  39    C  3  dxz    Ryd( 3d)         0.00029           2.10239
  40    C  3  dyz    Ryd( 3d)         0.00015           1.99074
  41    C  3  dx2y2  Ryd( 3d)         0.00013           1.88083
  42    C  3  dz2    Ryd( 3d)         0.00021           2.20220
 
  43    H  4  s      Val( 1s)         0.39464           0.05968
  44    H  4  s      Ryd( 2s)         0.00134           0.31942
  45    H  4  px     Ryd( 2p)         0.00010           1.84811
  46    H  4  py     Ryd( 2p)         0.00036           2.22653
  47    H  4  pz     Ryd( 2p)         0.00011           1.57496
 
  48    H  5  s      Val( 1s)         0.39425           0.05965
  49    H  5  s      Ryd( 2s)         0.00096           0.31508
  50    H  5  px     Ryd( 2p)         0.00018           1.97042
  51    H  5  py     Ryd( 2p)         0.00028           2.10591
  52    H  5  pz     Ryd( 2p)         0.00012           1.57195
 
  53    H  6  s      Val( 1s)         0.41249           0.04999
  54    H  6  s      Ryd( 2s)         0.00236           0.32031
  55    H  6  px     Ryd( 2p)         0.00013           1.88373
  56    H  6  py     Ryd( 2p)         0.00036           2.22458
  57    H  6  pz     Ryd( 2p)         0.00012           1.58643
 
  58    H  7  s      Val( 1s)         0.38850           0.04779
  59    H  7  s      Ryd( 2s)         0.00067           0.31236
  60    H  7  px     Ryd( 2p)         0.00019           1.75364
  61    H  7  py     Ryd( 2p)         0.00020           1.69916
  62    H  7  pz     Ryd( 2p)         0.00029           2.14541
 
  63    H  8  s      Val( 1s)         0.38850           0.04779
  64    H  8  s      Ryd( 2s)         0.00067           0.31236
  65    H  8  px     Ryd( 2p)         0.00019           1.75364
  66    H  8  py     Ryd( 2p)         0.00020           1.69916
  67    H  8  pz     Ryd( 2p)         0.00029           2.14541


 Summary of Natural Population Analysis:

                                     Natural Population
             Natural    ---------------------------------------------
  Atom No    Charge        Core      Valence    Rydberg      Total
 --------------------------------------------------------------------
    C  1   -0.21501      0.99948     2.21048    0.00505     3.21501
    C  2   -0.12759      0.99948     2.12078    0.00733     3.12759
    C  3   -0.66992      0.99961     2.66075    0.00956     3.66992
    H  4    0.10345      0.00000     0.39464    0.00191     0.39655
    H  5    0.10422      0.00000     0.39425    0.00153     0.39578
    H  6    0.08455      0.00000     0.41249    0.00296     0.41545
    H  7    0.11015      0.00000     0.38850    0.00135     0.38985
    H  8    0.11015      0.00000     0.38850    0.00135     0.38985
 ====================================================================
 * Total * -0.50000      2.99857     8.97038    0.03104    12.00000

                                 Natural Population      
 --------------------------------------------------------
   Core                       2.99857 ( 99.9524% of   3)
   Valence                    8.97038 ( 99.6709% of   9)
   Natural Minimal Basis     11.96896 ( 99.7413% of  12)
   Natural Rydberg Basis      0.03104 (  0.2587% of  12)
 --------------------------------------------------------

    Atom No         Natural Electron Configuration
 ----------------------------------------------------------------------------
      C  1      [core]2s( 0.54)2p( 1.67)
      C  2      [core]2s( 0.49)2p( 1.63)
      C  3      [core]2s( 0.57)2p( 2.09)3p( 0.01)
      H  4            1s( 0.39)
      H  5            1s( 0.39)
      H  6            1s( 0.41)
      H  7            1s( 0.39)
      H  8            1s( 0.39)


 NATURAL BOND ORBITAL ANALYSIS, alpha spin orbitals:

                       Occupancies       Lewis Structure    Low   High
           Occ.    -------------------  -----------------   occ   occ
  Cycle   Thresh.   Lewis   Non-Lewis     CR  BD  3C  LP    (L)   (NL)   Dev
 =============================================================================
   1(1)    0.90    11.89611   0.10389      3   8   0   1     0      0    0.01
 -----------------------------------------------------------------------------

 Structure accepted: No low occupancy Lewis orbitals

 --------------------------------------------------------
   Core                      2.99858 ( 99.953% of   3)
   Valence Lewis             8.89753 ( 98.861% of   9)
  ==================       ============================
   Total Lewis              11.89611 ( 99.134% of  12)
  -----------------------------------------------------
   Valence non-Lewis         0.08528 (  0.711% of  12)
   Rydberg non-Lewis         0.01861 (  0.155% of  12)
  ==================       ============================
   Total non-Lewis           0.10389 (  0.866% of  12)
 --------------------------------------------------------


     (Occupancy)   Bond orbital/ Coefficients/ Hybrids
 -------------------------------------------------------------------------------
   1. (0.99578) BD ( 1) C  1- C  2       
               ( 49.35%)   0.7025* C  1 s( 40.65%)p 1.46( 59.29%)d 0.00(  0.07%)
                                         0.0002  0.6373  0.0187  0.7644  0.0249
                                         0.0888  0.0084  0.0000  0.0000  0.0048
                                         0.0000  0.0000  0.0204 -0.0152
               ( 50.65%)   0.7117* C  2 s( 39.79%)p 1.51( 60.15%)d 0.00(  0.06%)
                                         0.0001  0.6306  0.0187 -0.7677 -0.0282
                                        -0.1063  0.0103  0.0000  0.0000  0.0048
                                         0.0000  0.0000  0.0188 -0.0138
   2. (0.98885) BD ( 2) C  1- C  2       
               ( 50.51%)   0.7107* C  1 s(  0.00%)p 1.00( 99.94%)d 0.00(  0.06%)
                                         0.0000  0.0000  0.0000  0.0000  0.0000
                                         0.0000  0.0000  0.9994 -0.0250  0.0000
                                         0.0240  0.0032  0.0000  0.0000
               ( 49.49%)   0.7035* C  2 s(  0.00%)p 1.00( 99.95%)d 0.00(  0.05%)
                                         0.0000  0.0000  0.0000  0.0000  0.0000
                                         0.0000  0.0000  0.9994 -0.0273  0.0000
                                        -0.0229 -0.0044  0.0000  0.0000
   3. (0.99243) BD ( 1) C  1- H  4       
               ( 60.60%)   0.7785* C  1 s( 29.79%)p 2.36( 70.18%)d 0.00(  0.04%)
                                         0.0002 -0.5457  0.0105  0.3666  0.0184
                                         0.7530 -0.0049  0.0000  0.0000 -0.0109
                                         0.0000  0.0000  0.0119  0.0107
               ( 39.40%)   0.6277* H  4 s( 99.91%)p 0.00(  0.09%)
                                        -0.9995  0.0036 -0.0123 -0.0280  0.0000
   4. (0.99196) BD ( 1) C  1- H  5       
               ( 60.56%)   0.7782* C  1 s( 29.57%)p 2.38( 70.39%)d 0.00(  0.04%)
                                         0.0002 -0.5437  0.0057  0.5283  0.0120
                                        -0.6516  0.0087  0.0000  0.0000  0.0154
                                         0.0000  0.0000  0.0063  0.0107
               ( 39.44%)   0.6280* H  5 s( 99.91%)p 0.00(  0.09%)
                                        -0.9995  0.0016 -0.0185  0.0240  0.0000
   5. (0.99434) BD ( 1) C  2- C  3       
               ( 51.02%)   0.7143* C  2 s( 33.41%)p 1.99( 66.54%)d 0.00(  0.04%)
                                         0.0000  0.5779  0.0128  0.5570  0.0181
                                        -0.5957  0.0047  0.0000  0.0000 -0.0159
                                         0.0000  0.0000 -0.0012 -0.0128
               ( 48.98%)   0.6999* C  3 s( 37.07%)p 1.70( 62.89%)d 0.00(  0.04%)
                                         0.0003  0.6088  0.0065 -0.5324 -0.0120
                                         0.5873  0.0205  0.0000  0.0000 -0.0147
                                         0.0000  0.0000 -0.0032 -0.0135
   6. (0.99046) BD ( 1) C  2- H  6       
               ( 59.89%)   0.7739* C  2 s( 26.86%)p 2.72( 73.10%)d 0.00(  0.04%)
                                        -0.0004  0.5175 -0.0282  0.3141 -0.0008
                                         0.7951 -0.0116  0.0000  0.0000  0.0100
                                         0.0000  0.0000 -0.0139 -0.0105
               ( 40.11%)   0.6333* H  6 s( 99.91%)p 0.00(  0.09%)
                                         0.9995 -0.0018 -0.0116 -0.0281  0.0000
   7. (0.98885) BD ( 1) C  3- H  7       
               ( 61.00%)   0.7810* C  3 s( 31.10%)p 2.21( 68.87%)d 0.00(  0.03%)
                                        -0.0001  0.5576 -0.0075  0.3435  0.0131
                                        -0.2655 -0.0162  0.7069  0.0108  0.0016
                                         0.0121 -0.0072  0.0012  0.0098
               ( 39.00%)   0.6245* H  7 s( 99.91%)p 0.00(  0.09%)
                                         0.9995 -0.0086 -0.0114  0.0115 -0.0257
   8. (0.98885) BD ( 1) C  3- H  8       
               ( 61.00%)   0.7810* C  3 s( 31.10%)p 2.21( 68.87%)d 0.00(  0.03%)
                                        -0.0001  0.5576 -0.0075  0.3435  0.0131
                                        -0.2655 -0.0162 -0.7069 -0.0108  0.0016
                                        -0.0121  0.0072  0.0012  0.0098
               ( 39.00%)   0.6245* H  8 s( 99.91%)p 0.00(  0.09%)
                                         0.9995 -0.0086 -0.0114  0.0115  0.0257
   9. (0.99949) CR ( 1) C  1             s(100.00%)p 0.00(  0.00%)
                                         1.0000  0.0001  0.0000 -0.0004  0.0000
                                         0.0000  0.0000  0.0000  0.0000  0.0000
                                         0.0000  0.0000  0.0000  0.0000
  10. (0.99948) CR ( 1) C  2             s(100.00%)p 0.00(  0.00%)
                                         1.0000  0.0001  0.0000  0.0002  0.0000
                                         0.0003  0.0000  0.0000  0.0000  0.0000
                                         0.0000  0.0000  0.0000  0.0000
  11. (0.99961) CR ( 1) C  3             s(100.00%)p 0.00(  0.00%)
                                         1.0000  0.0000  0.0000  0.0002  0.0000
                                        -0.0003  0.0000  0.0000  0.0000  0.0000
                                         0.0000  0.0000  0.0000  0.0000
  12. (0.96599) LP ( 1) C  3             s(  0.74%)p99.99( 99.26%)d 0.00(  0.00%)
                                         0.0000  0.0851 -0.0133 -0.6907  0.0503
                                        -0.7148  0.0457  0.0000  0.0000 -0.0005
                                         0.0000  0.0000  0.0020  0.0000
  13. (0.00209) RY*( 1) C  1             s(  1.59%)p57.18( 91.12%)d 4.57(  7.28%)
                                         0.0000  0.0028  0.1262 -0.0021  0.2567
                                        -0.0159 -0.9193  0.0000  0.0000 -0.2599
                                         0.0000  0.0000  0.0729  0.0028
  14. (0.00041) RY*( 2) C  1             s(  7.57%)p12.07( 91.39%)d 0.14(  1.04%)
                                         0.0000 -0.0012  0.2752 -0.0393  0.9025
                                        -0.0079  0.3125  0.0000  0.0000 -0.0556
                                         0.0000  0.0000  0.0848  0.0102
  15. (0.00012) RY*( 3) C  1             s( 75.39%)p 0.13(  9.54%)d 0.20( 15.08%)
                                         0.0000 -0.0069  0.8682 -0.0037 -0.2936
                                        -0.0052  0.0955  0.0000  0.0000 -0.2624
                                         0.0000  0.0000 -0.1937 -0.2107
  16. (0.00010) RY*( 4) C  1             s(  0.00%)p 1.00( 95.77%)d 0.04(  4.23%)
                                         0.0000  0.0000  0.0000  0.0000  0.0000
                                         0.0000  0.0000  0.0198  0.9784  0.0000
                                         0.1987 -0.0536  0.0000  0.0000
  17. (0.00002) RY*( 5) C  1             s(  7.26%)p 0.41(  3.00%)d12.36( 89.74%)
  18. (0.00000) RY*( 6) C  1             s(  0.00%)p 1.00(  4.02%)d23.90( 95.98%)
  19. (0.00000) RY*( 7) C  1             s(  0.00%)p 1.00(  0.28%)d99.99( 99.72%)
  20. (0.00000) RY*( 8) C  1             s(  0.05%)p85.13(  4.34%)d99.99( 95.61%)
  21. (0.00000) RY*( 9) C  1             s(  8.14%)p 0.09(  0.77%)d11.20( 91.10%)
  22. (0.00219) RY*( 1) C  2             s( 12.44%)p 5.35( 66.51%)d 1.69( 21.05%)
                                         0.0000 -0.0077  0.3526  0.0261 -0.2601
                                         0.0282  0.7720  0.0000  0.0000 -0.2441
                                         0.0000  0.0000  0.3884  0.0083
  23. (0.00126) RY*( 2) C  2             s(  0.00%)p 1.00( 86.29%)d 0.16( 13.71%)
                                         0.0000  0.0000  0.0000  0.0000  0.0000
                                         0.0000  0.0000  0.0321  0.9284  0.0000
                                         0.3289 -0.1701  0.0000  0.0000
  24. (0.00101) RY*( 3) C  2             s(  0.00%)p 1.00( 95.44%)d 0.05(  4.55%)
                                         0.0000  0.0052  0.0041 -0.0269  0.9557
                                         0.0152  0.2003  0.0000  0.0000 -0.1528
                                         0.0000  0.0000  0.1437 -0.0390
  25. (0.00060) RY*( 4) C  2             s( 15.86%)p 1.42( 22.45%)d 3.89( 61.69%)
                                         0.0000 -0.0028  0.3983  0.0182  0.0248
                                         0.0119 -0.4727  0.0000  0.0000  0.2450
                                         0.0000  0.0000  0.7462  0.0033
  26. (0.00011) RY*( 5) C  2             s( 52.36%)p 0.14(  7.35%)d 0.77( 40.29%)
                                         0.0000 -0.0038  0.7236 -0.0039  0.0316
                                         0.0231 -0.2682  0.0000  0.0000 -0.4759
                                         0.0000  0.0000 -0.4006 -0.1263
  27. (0.00000) RY*( 6) C  2             s(  0.00%)p 1.00( 11.19%)d 7.94( 88.81%)
  28. (0.00000) RY*( 7) C  2             s(  0.00%)p 1.00(  2.57%)d37.84( 97.43%)
  29. (0.00000) RY*( 8) C  2             s( 18.30%)p 0.45(  8.18%)d 4.02( 73.51%)
  30. (0.00001) RY*( 9) C  2             s(  0.96%)p 0.29(  0.28%)d99.99( 98.76%)
  31. (0.00259) RY*( 1) C  3             s(  4.34%)p21.00( 91.08%)d 1.06(  4.59%)
                                         0.0000  0.0090  0.2080 -0.0453 -0.7690
                                        -0.0484 -0.5612  0.0000  0.0000 -0.0309
                                         0.0000  0.0000  0.2119  0.0001
  32. (0.00047) RY*( 2) C  3             s(  0.00%)p 1.00( 48.73%)d 1.05( 51.27%)
                                         0.0000  0.0000  0.0000  0.0000  0.0000
                                         0.0000  0.0000  0.0034  0.6980  0.0000
                                        -0.5443  0.4653  0.0000  0.0000
  33. (0.00027) RY*( 3) C  3             s( 41.28%)p 1.40( 57.81%)d 0.02(  0.91%)
                                         0.0000  0.0087  0.6424  0.0309 -0.3374
                                        -0.0211  0.6803  0.0000  0.0000 -0.0129
                                         0.0000  0.0000 -0.0539 -0.0778
  34. (0.00004) RY*( 4) C  3             s( 46.30%)p 0.89( 41.30%)d 0.27( 12.40%)
  35. (0.00001) RY*( 5) C  3             s(  0.36%)p 0.47(  0.17%)d99.99( 99.47%)
  36. (0.00000) RY*( 6) C  3             s(  0.00%)p 1.00( 37.84%)d 1.64( 62.16%)
  37. (0.00000) RY*( 7) C  3             s(  0.00%)p 1.00( 13.48%)d 6.42( 86.52%)
  38. (0.00000) RY*( 8) C  3             s(  5.18%)p 1.83(  9.47%)d16.48( 85.36%)
  39. (0.00000) RY*( 9) C  3             s(  2.53%)p 0.10(  0.26%)d38.45( 97.22%)
  40. (0.00137) RY*( 1) H  4             s( 98.38%)p 0.02(  1.62%)
                                         0.0074  0.9918 -0.0391 -0.1212  0.0000
  41. (0.00011) RY*( 2) H  4             s(  0.00%)p 1.00(100.00%)
                                         0.0000  0.0000  0.0000  0.0000  1.0000
  42. (0.00004) RY*( 3) H  4             s(  0.32%)p99.99( 99.68%)
  43. (0.00002) RY*( 4) H  4             s(  1.39%)p70.76( 98.61%)
  44. (0.00099) RY*( 1) H  5             s( 97.65%)p 0.02(  2.35%)
                                         0.0062  0.9882 -0.1068  0.1098  0.0000
  45. (0.00012) RY*( 2) H  5             s(  0.00%)p 1.00(100.00%)
                                         0.0000  0.0000  0.0000  0.0000  1.0000
  46. (0.00005) RY*( 3) H  5             s(  0.09%)p99.99( 99.91%)
  47. (0.00002) RY*( 4) H  5             s(  2.35%)p41.61( 97.65%)
  48. (0.00240) RY*( 1) H  6             s( 98.85%)p 0.01(  1.15%)
                                         0.0043  0.9942 -0.0298  0.1031  0.0000
  49. (0.00012) RY*( 2) H  6             s(  0.00%)p 1.00(100.00%)
                                         0.0000  0.0000  0.0000  0.0000  1.0000
  50. (0.00006) RY*( 3) H  6             s(  0.16%)p99.99( 99.84%)
  51. (0.00002) RY*( 4) H  6             s(  1.08%)p91.44( 98.92%)
  52. (0.00067) RY*( 1) H  7             s( 97.81%)p 0.02(  2.19%)
                                         0.0126  0.9889  0.0618 -0.1020  0.0874
  53. (0.00027) RY*( 2) H  7             s(  0.11%)p99.99( 99.89%)
                                        -0.0004  0.0327  0.6875  0.7253 -0.0095
  54. (0.00004) RY*( 3) H  7             s(  0.04%)p99.99( 99.96%)
  55. (0.00001) RY*( 4) H  7             s(  2.14%)p45.80( 97.86%)
  56. (0.00067) RY*( 1) H  8             s( 97.81%)p 0.02(  2.19%)
                                         0.0126  0.9889  0.0618 -0.1020 -0.0874
  57. (0.00027) RY*( 2) H  8             s(  0.11%)p99.99( 99.89%)
                                        -0.0004  0.0327  0.6876  0.7253  0.0095
  58. (0.00004) RY*( 3) H  8             s(  0.04%)p99.99( 99.96%)
  59. (0.00001) RY*( 4) H  8             s(  2.14%)p45.80( 97.86%)
  60. (0.01102) BD*( 1) C  1- C  2       
               ( 50.65%)   0.7117* C  1 s( 40.65%)p 1.46( 59.29%)d 0.00(  0.07%)
                                         0.0002  0.6373  0.0187  0.7644  0.0249
                                         0.0888  0.0084  0.0000  0.0000  0.0048
                                         0.0000  0.0000  0.0204 -0.0152
               ( 49.35%)  -0.7025* C  2 s( 39.79%)p 1.51( 60.15%)d 0.00(  0.06%)
                                         0.0001  0.6306  0.0187 -0.7677 -0.0282
                                        -0.1063  0.0103  0.0000  0.0000  0.0048
                                         0.0000  0.0000  0.0188 -0.0138
  61. (0.01876) BD*( 2) C  1- C  2       
               ( 49.49%)   0.7035* C  1 s(  0.00%)p 1.00( 99.94%)d 0.00(  0.06%)
                                         0.0000  0.0000  0.0000  0.0000  0.0000
                                         0.0000  0.0000 -0.9994  0.0250  0.0000
                                        -0.0240 -0.0032  0.0000  0.0000
               ( 50.51%)  -0.7107* C  2 s(  0.00%)p 1.00( 99.95%)d 0.00(  0.05%)
                                         0.0000  0.0000  0.0000  0.0000  0.0000
                                         0.0000  0.0000 -0.9994  0.0273  0.0000
                                         0.0229  0.0044  0.0000  0.0000
  62. (0.00660) BD*( 1) C  1- H  4       
               ( 39.40%)   0.6277* C  1 s( 29.79%)p 2.36( 70.18%)d 0.00(  0.04%)
                                        -0.0002  0.5457 -0.0105 -0.3666 -0.0184
                                        -0.7530  0.0049  0.0000  0.0000  0.0109
                                         0.0000  0.0000 -0.0119 -0.0107
               ( 60.60%)  -0.7785* H  4 s( 99.91%)p 0.00(  0.09%)
                                         0.9995 -0.0036  0.0123  0.0280  0.0000
  63. (0.00565) BD*( 1) C  1- H  5       
               ( 39.44%)   0.6280* C  1 s( 29.57%)p 2.38( 70.39%)d 0.00(  0.04%)
                                        -0.0002  0.5437 -0.0057 -0.5283 -0.0120
                                         0.6516 -0.0087  0.0000  0.0000 -0.0154
                                         0.0000  0.0000 -0.0063 -0.0107
               ( 60.56%)  -0.7782* H  5 s( 99.91%)p 0.00(  0.09%)
                                         0.9995 -0.0016  0.0185 -0.0240  0.0000
  64. (0.00674) BD*( 1) C  2- C  3       
               ( 48.98%)   0.6999* C  2 s( 33.41%)p 1.99( 66.54%)d 0.00(  0.04%)
                                         0.0000 -0.5779 -0.0128 -0.5570 -0.0181
                                         0.5957 -0.0047  0.0000  0.0000  0.0159
                                         0.0000  0.0000  0.0012  0.0128
               ( 51.02%)  -0.7143* C  3 s( 37.07%)p 1.70( 62.89%)d 0.00(  0.04%)
                                        -0.0003 -0.6088 -0.0065  0.5324  0.0120
                                        -0.5873 -0.0205  0.0000  0.0000  0.0147
                                         0.0000  0.0000  0.0032  0.0135
  65. (0.02603) BD*( 1) C  2- H  6       
               ( 40.11%)   0.6333* C  2 s( 26.86%)p 2.72( 73.10%)d 0.00(  0.04%)
                                         0.0004 -0.5175  0.0282 -0.3141  0.0008
                                        -0.7951  0.0116  0.0000  0.0000 -0.0100
                                         0.0000  0.0000  0.0139  0.0105
               ( 59.89%)  -0.7739* H  6 s( 99.91%)p 0.00(  0.09%)
                                        -0.9995  0.0018  0.0116  0.0281  0.0000
  66. (0.00524) BD*( 1) C  3- H  7       
               ( 39.00%)   0.6245* C  3 s( 31.10%)p 2.21( 68.87%)d 0.00(  0.03%)
                                         0.0001 -0.5576  0.0075 -0.3435 -0.0131
                                         0.2655  0.0162 -0.7069 -0.0108 -0.0016
                                        -0.0121  0.0072 -0.0012 -0.0098
               ( 61.00%)  -0.7810* H  7 s( 99.91%)p 0.00(  0.09%)
                                        -0.9995  0.0086  0.0114 -0.0115  0.0257
  67. (0.00524) BD*( 1) C  3- H  8       
               ( 39.00%)   0.6245* C  3 s( 31.10%)p 2.21( 68.87%)d 0.00(  0.03%)
                                         0.0001 -0.5576  0.0075 -0.3435 -0.0131
                                         0.2655  0.0162  0.7069  0.0108 -0.0016
                                         0.0121 -0.0072 -0.0012 -0.0098
               ( 61.00%)  -0.7810* H  8 s( 99.91%)p 0.00(  0.09%)
                                        -0.9995  0.0086  0.0114 -0.0115 -0.0257


 NHO DIRECTIONALITY AND BOND BENDING (deviations from line of nuclear centers)

         [Thresholds for printing:  angular deviation  >  1.0 degree]
                                    p- or d-character  > 25.0%
                                    orbital occupancy  >  0.10e

                       Line of Centers        Hybrid 1              Hybrid 2
                       ---------------  -------------------   ------------------
           NBO           Theta   Phi    Theta   Phi    Dev    Theta   Phi    Dev
 ===============================================================================
   2. BD ( 2) C 1- C 2    90.0    6.7     5.7    7.6  84.3      5.7  191.0  84.3
   3. BD ( 1) C 1- H 4    90.0  245.2    90.0  242.8   2.4      --     --    --
   4. BD ( 1) C 1- H 5    90.0  127.8    90.0  130.0   2.2      --     --    --
   5. BD ( 1) C 2- C 3    90.0  312.9    90.0  314.2   1.3     90.0  131.8   1.1
   6. BD ( 1) C 2- H 6    90.0   69.4    90.0   68.2   1.2      --     --    --
  12. LP ( 1) C 3          --     --     90.0    0.0   --       --     --    --


 SECOND ORDER PERTURBATION THEORY ANALYSIS OF FOCK MATRIX IN NBO BASIS

     Threshold for printing:   0.25 kcal/mol
                                                          E(2)  E(j)-E(i) F(i,j)
      Donor NBO (i)              Acceptor NBO (j)       kcal/mol   a.u.    a.u. 
 ===============================================================================

 within unit  1
   1. BD ( 1) C 1- C 2       31. RY*( 1) C 3              0.55    1.17    0.032
   1. BD ( 1) C 1- C 2       62. BD*( 1) C 1- H 4         0.39    1.07    0.026
   1. BD ( 1) C 1- C 2       63. BD*( 1) C 1- H 5         0.52    1.07    0.030
   1. BD ( 1) C 1- C 2       64. BD*( 1) C 2- C 3         1.22    1.07    0.046
   1. BD ( 1) C 1- C 2       65. BD*( 1) C 2- H 6         0.51    1.05    0.029
   2. BD ( 2) C 1- C 2       32. RY*( 2) C 3              0.27    1.82    0.028
   2. BD ( 2) C 1- C 2       66. BD*( 1) C 3- H 7         1.56    0.63    0.040
   2. BD ( 2) C 1- C 2       67. BD*( 1) C 3- H 8         1.56    0.63    0.040
   3. BD ( 1) C 1- H 4       22. RY*( 1) C 2              0.48    1.58    0.035
   3. BD ( 1) C 1- H 4       60. BD*( 1) C 1- C 2         0.39    1.04    0.025
   3. BD ( 1) C 1- H 4       65. BD*( 1) C 2- H 6         2.33    0.84    0.056
   4. BD ( 1) C 1- H 5       24. RY*( 3) C 2              0.51    1.11    0.030
   4. BD ( 1) C 1- H 5       60. BD*( 1) C 1- C 2         0.40    1.04    0.026
   4. BD ( 1) C 1- H 5       64. BD*( 1) C 2- C 3         2.96    0.86    0.064
   5. BD ( 1) C 2- C 3       13. RY*( 1) C 1              0.71    1.57    0.042
   5. BD ( 1) C 2- C 3       60. BD*( 1) C 1- C 2         1.30    1.19    0.050
   5. BD ( 1) C 2- C 3       63. BD*( 1) C 1- H 5         1.18    1.01    0.044
   6. BD ( 1) C 2- H 6       13. RY*( 1) C 1              0.44    1.41    0.032
   6. BD ( 1) C 2- H 6       31. RY*( 1) C 3              0.54    0.96    0.029
   6. BD ( 1) C 2- H 6       60. BD*( 1) C 1- C 2         0.39    1.03    0.025
   6. BD ( 1) C 2- H 6       62. BD*( 1) C 1- H 4         2.32    0.85    0.056
   7. BD ( 1) C 3- H 7       23. RY*( 2) C 2              0.53    1.16    0.031
   7. BD ( 1) C 3- H 7       60. BD*( 1) C 1- C 2         0.44    1.05    0.027
   7. BD ( 1) C 3- H 7       61. BD*( 2) C 1- C 2         1.86    0.47    0.038
   8. BD ( 1) C 3- H 8       23. RY*( 2) C 2              0.53    1.16    0.031
   8. BD ( 1) C 3- H 8       60. BD*( 1) C 1- C 2         0.44    1.05    0.027
   8. BD ( 1) C 3- H 8       61. BD*( 2) C 1- C 2         1.86    0.47    0.038
   9. CR ( 1) C 1            22. RY*( 1) C 2              0.26   10.91    0.067
   9. CR ( 1) C 1            24. RY*( 3) C 2              1.12   10.44    0.137
   9. CR ( 1) C 1            40. RY*( 1) H 4              0.39   10.15    0.080
   9. CR ( 1) C 1            44. RY*( 1) H 5              0.39   10.16    0.079
   9. CR ( 1) C 1            60. BD*( 1) C 1- C 2         0.34   10.37    0.075
   9. CR ( 1) C 1            64. BD*( 1) C 2- C 3         0.72   10.19    0.108
   9. CR ( 1) C 1            65. BD*( 1) C 2- H 6         0.36   10.17    0.077
  10. CR ( 1) C 2            14. RY*( 2) C 1              1.20   10.27    0.140
  10. CR ( 1) C 2            33. RY*( 3) C 3              0.66   10.26    0.104
  10. CR ( 1) C 2            48. RY*( 1) H 6              0.35   10.14    0.075
  10. CR ( 1) C 2            60. BD*( 1) C 1- C 2         0.30   10.37    0.070
  10. CR ( 1) C 2            62. BD*( 1) C 1- H 4         0.38   10.19    0.079
  10. CR ( 1) C 2            63. BD*( 1) C 1- H 5         0.35   10.20    0.076
  11. CR ( 1) C 3            24. RY*( 3) C 2              0.32   10.47    0.073
  11. CR ( 1) C 3            26. RY*( 5) C 2              0.35   11.00    0.078
  11. CR ( 1) C 3            52. RY*( 1) H 7              0.45   10.18    0.085
  11. CR ( 1) C 3            56. RY*( 1) H 8              0.45   10.18    0.085
  11. CR ( 1) C 3            60. BD*( 1) C 1- C 2         0.47   10.40    0.089
  12. LP ( 1) C 3            53. RY*( 2) H 7              0.35    1.75    0.032
  12. LP ( 1) C 3            57. RY*( 2) H 8              0.35    1.75    0.032
  12. LP ( 1) C 3            60. BD*( 1) C 1- C 2         3.63    0.77    0.067
  12. LP ( 1) C 3            65. BD*( 1) C 2- H 6         5.85    0.57    0.073


 NATURAL BOND ORBITALS (Summary):

                                                     Principal Delocalizations
           NBO                 Occupancy    Energy   (geminal,vicinal,remote)
 ===============================================================================
 Molecular unit  1  (C3H5)
   1. BD ( 1) C  1- C  2        0.99578    -0.65827  64(g),31(v),63(g),65(g)
                                                    62(g)
   2. BD ( 2) C  1- C  2        0.98885    -0.23674  66(v),67(v),32(v)
   3. BD ( 1) C  1- H  4        0.99243    -0.44810  65(v),22(v),60(g)
   4. BD ( 1) C  1- H  5        0.99196    -0.44843  64(v),24(v),60(g)
   5. BD ( 1) C  2- C  3        0.99434    -0.59901  60(g),63(v),13(v)
   6. BD ( 1) C  2- H  6        0.99046    -0.44384  62(v),31(v),13(v),60(g)
   7. BD ( 1) C  3- H  7        0.98885    -0.46450  61(v),23(v),60(v)
   8. BD ( 1) C  3- H  8        0.98885    -0.46450  61(v),23(v),60(v)
   9. CR ( 1) C  1              0.99949    -9.77861   24(v),64(v),40(v),44(v)
                                                    65(v),60(g),22(v)
  10. CR ( 1) C  2              0.99948    -9.78598   14(v),33(v),62(v),63(v)
                                                    48(v),60(g)
  11. CR ( 1) C  3              0.99961    -9.81215   60(v),52(v),56(v),26(v)
                                                    24(v),65(v)
  12. LP ( 1) C  3              0.96599    -0.17652   65(v),60(v),53(v),57(v)
  13. RY*( 1) C  1              0.00209     0.96941
  14. RY*( 2) C  1              0.00041     0.48803
  15. RY*( 3) C  1              0.00012     0.73899
  16. RY*( 4) C  1              0.00010     0.53195
  17. RY*( 5) C  1              0.00002     2.15863
  18. RY*( 6) C  1              0.00000     1.84030
  19. RY*( 7) C  1              0.00000     1.79291
  20. RY*( 8) C  1              0.00000     2.27041
  21. RY*( 9) C  1              0.00000     2.02979
  22. RY*( 1) C  2              0.00219     1.13500
  23. RY*( 2) C  2              0.00126     0.69877
  24. RY*( 3) C  2              0.00101     0.66148
  25. RY*( 4) C  2              0.00060     1.67695
  26. RY*( 5) C  2              0.00011     1.18812
  27. RY*( 6) C  2              0.00000     1.73045
  28. RY*( 7) C  2              0.00000     1.80916
  29. RY*( 8) C  2              0.00000     1.87431
  30. RY*( 9) C  2              0.00001     2.10764
  31. RY*( 1) C  3              0.00259     0.51353
  32. RY*( 2) C  3              0.00047     1.58504
  33. RY*( 3) C  3              0.00027     0.47659
  34. RY*( 4) C  3              0.00004     0.70972
  35. RY*( 5) C  3              0.00001     2.08452
  36. RY*( 6) C  3              0.00000     1.48133
  37. RY*( 7) C  3              0.00000     1.67126
  38. RY*( 8) C  3              0.00000     1.70669
  39. RY*( 9) C  3              0.00000     2.12671
  40. RY*( 1) H  4              0.00137     0.36958
  41. RY*( 2) H  4              0.00011     1.57496
  42. RY*( 3) H  4              0.00004     1.79050
  43. RY*( 4) H  4              0.00002     2.22459
  44. RY*( 1) H  5              0.00099     0.38550
  45. RY*( 2) H  5              0.00012     1.57195
  46. RY*( 3) H  5              0.00005     1.78485
  47. RY*( 4) H  5              0.00002     2.21236
  48. RY*( 1) H  6              0.00240     0.35416
  49. RY*( 2) H  6              0.00012     1.58643
  50. RY*( 3) H  6              0.00006     1.85547
  51. RY*( 4) H  6              0.00002     2.21056
  52. RY*( 1) H  7              0.00067     0.36957
  53. RY*( 2) H  7              0.00027     1.57015
  54. RY*( 3) H  7              0.00004     1.83733
  55. RY*( 4) H  7              0.00001     2.12274
  56. RY*( 1) H  8              0.00067     0.36957
  57. RY*( 2) H  8              0.00027     1.57015
  58. RY*( 3) H  8              0.00004     1.83733
  59. RY*( 4) H  8              0.00001     2.12274
  60. BD*( 1) C  1- C  2        0.01102     0.58898
  61. BD*( 2) C  1- C  2        0.01876     0.01027
  62. BD*( 1) C  1- H  4        0.00660     0.40765
  63. BD*( 1) C  1- H  5        0.00565     0.40993
  64. BD*( 1) C  2- C  3        0.00674     0.41473
  65. BD*( 1) C  2- H  6        0.02603     0.38883
  66. BD*( 1) C  3- H  7        0.00524     0.39807
  67. BD*( 1) C  3- H  8        0.00524     0.39807
          -------------------------------
                 Total Lewis   11.89611  ( 99.1343%)
           Valence non-Lewis    0.08528  (  0.7107%)
           Rydberg non-Lewis    0.01861  (  0.1551%)
          -------------------------------
               Total unit  1   12.00000  (100.0000%)
              Charge unit  1   -0.50000


 NATURAL LOCALIZED MOLECULAR ORBITAL (NLMO) ANALYSIS:

 Maximum off-diagonal element of DM in NLMO basis:  0.47283D-07

 Hybridization/Polarization Analysis of NLMOs in NAO Basis, Alpha Spin:
 NLMO/Occupancy/Percent from Parent NBO/ Atomic Hybrid Contributions
 -------------------------------------------------------------------------------
   1. (1.00000)  99.5783%  BD ( 1) C  1- C  2       
                          49.174%  C  1 s( 38.25%)p 1.61( 61.68%)d 0.00(  0.07%)
                          50.500%  C  2 s( 36.51%)p 1.74( 63.44%)d 0.00(  0.06%)
                           0.189%  C  3 s(  3.55%)p26.55( 94.27%)d 0.61(  2.17%)
                           0.030%  H  4 s( 90.82%)p 0.10(  9.18%)
                           0.037%  H  5 s( 91.88%)p 0.09(  8.12%)
                           0.043%  H  6 s( 92.12%)p 0.09(  7.88%)
                           0.013%  H  7 s( 98.88%)p 0.01(  1.12%)
                           0.013%  H  8 s( 98.88%)p 0.01(  1.12%)
   2. (1.00000)  98.8849%  BD ( 2) C  1- C  2       
                          49.964%  C  1 s(  0.00%)p 1.00( 99.94%)d 0.00(  0.06%)
                          48.921%  C  2 s(  0.00%)p 1.00( 99.95%)d 0.00(  0.05%)
                           0.420%  C  3 s(  0.00%)p 1.00( 95.11%)d 0.05(  4.89%)
                           0.011%  H  4 s(  0.00%)p 1.00(100.00%)
                           0.011%  H  5 s(  0.00%)p 1.00(100.00%)
                           0.012%  H  6 s(  0.00%)p 1.00(100.00%)
                           0.331%  H  7 s( 99.69%)p 0.00(  0.31%)
                           0.331%  H  8 s( 99.69%)p 0.00(  0.31%)
   3. (1.00000)  99.2417%  BD ( 1) C  1- H  4       
                          60.160%  C  1 s( 28.77%)p 2.47( 71.19%)d 0.00(  0.04%)
                           0.351%  C  2 s(  2.21%)p42.99( 95.17%)d 1.18(  2.62%)
                           0.048%  C  3 s( 44.37%)p 1.23( 54.77%)d 0.02(  0.86%)
                          39.099%  H  4 s( 99.91%)p 0.00(  0.09%)
                           0.015%  H  5 s( 72.22%)p 0.38( 27.78%)
                           0.324%  H  6 s( 99.78%)p 0.00(  0.22%)
   4. (1.00000)  99.1957%  BD ( 1) C  1- H  5       
                          60.098%  C  1 s( 28.56%)p 2.50( 71.40%)d 0.00(  0.04%)
                           0.400%  C  2 s(  1.95%)p49.13( 95.68%)d 1.22(  2.38%)
                           0.287%  C  3 s( 47.18%)p 1.11( 52.60%)d 0.00(  0.23%)
                           0.016%  H  4 s( 76.79%)p 0.30( 23.21%)
                          39.119%  H  5 s( 99.91%)p 0.00(  0.09%)
                           0.075%  H  6 s( 99.43%)p 0.01(  0.57%)
   5. (1.00000)  99.4339%  BD ( 1) C  2- C  3       
                           0.274%  C  1 s(  0.97%)p99.99( 97.43%)d 1.65(  1.60%)
                          50.783%  C  2 s( 30.79%)p 2.25( 69.17%)d 0.00(  0.04%)
                          48.703%  C  3 s( 36.94%)p 1.71( 63.02%)d 0.00(  0.04%)
                           0.039%  H  4 s( 99.62%)p 0.00(  0.38%)
                           0.152%  H  5 s( 99.77%)p 0.00(  0.23%)
                           0.028%  H  6 s( 92.01%)p 0.09(  7.99%)
                           0.011%  H  7 s( 90.68%)p 0.10(  9.32%)
                           0.011%  H  8 s( 90.68%)p 0.10(  9.32%)
   6. (1.00000)  99.0452%  BD ( 1) C  2- H  6       
                           0.346%  C  1 s(  2.89%)p32.81( 94.67%)d 0.85(  2.44%)
                          59.311%  C  2 s( 25.52%)p 2.92( 74.44%)d 0.00(  0.04%)
                           0.140%  C  3 s(  1.90%)p48.33( 91.95%)d 3.23(  6.14%)
                           0.389%  H  4 s( 99.92%)p 0.00(  0.08%)
                           0.048%  H  5 s( 99.38%)p 0.01(  0.62%)
                          39.751%  H  6 s( 99.91%)p 0.00(  0.09%)
   7. (1.00000)  98.8833%  BD ( 1) C  3- H  7       
                           0.491%  C  1 s(  1.83%)p53.49( 98.10%)d 0.04(  0.07%)
                           0.590%  C  2 s(  2.76%)p34.79( 96.09%)d 0.41(  1.15%)
                          60.322%  C  3 s( 31.88%)p 2.14( 68.09%)d 0.00(  0.03%)
                          38.570%  H  7 s( 99.91%)p 0.00(  0.09%)
                           0.013%  H  8 s( 76.17%)p 0.31( 23.83%)
   8. (1.00000)  98.8834%  BD ( 1) C  3- H  8       
                           0.491%  C  1 s(  1.83%)p53.49( 98.10%)d 0.04(  0.07%)
                           0.590%  C  2 s(  2.76%)p34.79( 96.09%)d 0.41(  1.15%)
                          60.322%  C  3 s( 31.88%)p 2.14( 68.09%)d 0.00(  0.03%)
                           0.013%  H  7 s( 76.17%)p 0.31( 23.83%)
                          38.570%  H  8 s( 99.91%)p 0.00(  0.09%)
   9. (1.00000)  99.9488%  CR ( 1) C  1             
                          99.951%  C  1 s(100.00%)p 0.00(  0.00%)d 0.00(  0.00%)
                           0.025%  C  2 s( 21.47%)p 3.53( 75.81%)d 0.13(  2.73%)
  10. (1.00000)  99.9481%  CR ( 1) C  2             
                           0.022%  C  1 s( 23.41%)p 3.14( 73.42%)d 0.14(  3.17%)
                          99.950%  C  2 s(100.00%)p 0.00(  0.00%)d 0.00(  0.00%)
                           0.013%  C  3 s( 35.63%)p 1.64( 58.30%)d 0.17(  6.07%)
                           0.010%  H  6 s( 87.87%)p 0.14( 12.13%)
  11. (1.00000)  99.9611%  CR ( 1) C  3             
                           0.015%  C  2 s( 21.80%)p 3.36( 73.32%)d 0.22(  4.88%)
                          99.962%  C  3 s(100.00%)p 0.00(  0.00%)d 0.00(  0.00%)
  12. (1.00000)  96.5822%  LP ( 1) C  3             
                           0.529%  C  1 s( 80.29%)p 0.24( 19.04%)d 0.01(  0.67%)
                           1.323%  C  2 s(  1.32%)p71.72( 94.41%)d 3.25(  4.28%)
                          96.582%  C  3 s(  0.72%)p99.99( 99.28%)d 0.00(  0.00%)
                           0.051%  H  4 s( 98.51%)p 0.02(  1.49%)
                           0.171%  H  5 s( 99.99%)p 0.00(  0.01%)
                           1.291%  H  6 s( 99.70%)p 0.00(  0.30%)
                           0.026%  H  7 s(  0.29%)p99.99( 99.71%)
                           0.026%  H  8 s(  0.29%)p99.99( 99.71%)


 ***************************************************
 *******         Beta  spin orbitals         *******
 ***************************************************


 NATURAL POPULATIONS:  Natural atomic orbital occupancies 
                                                          
  NAO Atom No lang   Type(AO)    Occupancy      Energy    
 ---------------------------------------------------------
   1    C  1  s      Cor( 1s)         0.99948          -9.77760
   2    C  1  s      Val( 2s)         0.52791          -0.18692
   3    C  1  s      Ryd( 3s)         0.00036           0.51590
   4    C  1  px     Val( 2p)         0.55793          -0.03445
   5    C  1  px     Ryd( 3p)         0.00093           0.48913
   6    C  1  py     Val( 2p)         0.59780          -0.03335
   7    C  1  py     Ryd( 3p)         0.00197           0.82141
   8    C  1  pz     Val( 2p)         0.49973          -0.11274
   9    C  1  pz     Ryd( 3p)         0.00048           0.48519
  10    C  1  dxy    Ryd( 3d)         0.00038           2.41656
  11    C  1  dxz    Ryd( 3d)         0.00027           1.88502
  12    C  1  dyz    Ryd( 3d)         0.00001           1.79863
  13    C  1  dx2y2  Ryd( 3d)         0.00031           2.33469
  14    C  1  dz2    Ryd( 3d)         0.00025           2.10783
 
  15    C  2  s      Cor( 1s)         0.99948          -9.78650
  16    C  2  s      Val( 2s)         0.50063          -0.17686
  17    C  2  s      Ryd( 3s)         0.00072           0.49074
  18    C  2  px     Val( 2p)         0.56593          -0.05109
  19    C  2  px     Ryd( 3p)         0.00151           0.56655
  20    C  2  py     Val( 2p)         0.59107          -0.05592
  21    C  2  py     Ryd( 3p)         0.00143           0.84532
  22    C  2  pz     Val( 2p)         0.50668          -0.11049
  23    C  2  pz     Ryd( 3p)         0.00113           0.52253
  24    C  2  dxy    Ryd( 3d)         0.00045           2.33154
  25    C  2  dxz    Ryd( 3d)         0.00033           1.88405
  26    C  2  dyz    Ryd( 3d)         0.00006           1.82597
  27    C  2  dx2y2  Ryd( 3d)         0.00017           2.34998
  28    C  2  dz2    Ryd( 3d)         0.00024           2.09037
 
  29    C  3  s      Cor( 1s)         0.99960          -9.79893
  30    C  3  s      Val( 2s)         0.53028          -0.19530
  31    C  3  s      Ryd( 3s)         0.00031           0.54922
  32    C  3  px     Val( 2p)         0.28597          -0.04003
  33    C  3  px     Ryd( 3p)         0.00103           0.51403
  34    C  3  py     Val( 2p)         0.26405          -0.04181
  35    C  3  py     Ryd( 3p)         0.00085           0.50184
  36    C  3  pz     Val( 2p)         0.57173          -0.01706
  37    C  3  pz     Ryd( 3p)         0.00046           0.66152
  38    C  3  dxy    Ryd( 3d)         0.00062           2.17045
  39    C  3  dxz    Ryd( 3d)         0.00029           2.14791
  40    C  3  dyz    Ryd( 3d)         0.00013           2.03970
  41    C  3  dx2y2  Ryd( 3d)         0.00011           1.95599
  42    C  3  dz2    Ryd( 3d)         0.00038           2.23993
 
  43    H  4  s      Val( 1s)         0.39529           0.05959
  44    H  4  s      Ryd( 2s)         0.00094           0.31962
  45    H  4  px     Ryd( 2p)         0.00010           1.84821
  46    H  4  py     Ryd( 2p)         0.00036           2.22657
  47    H  4  pz     Ryd( 2p)         0.00011           1.57489
 
  48    H  5  s      Val( 1s)         0.39210           0.06041
  49    H  5  s      Ryd( 2s)         0.00072           0.31582
  50    H  5  px     Ryd( 2p)         0.00018           1.97111
  51    H  5  py     Ryd( 2p)         0.00028           2.10664
  52    H  5  pz     Ryd( 2p)         0.00012           1.57253
 
  53    H  6  s      Val( 1s)         0.36146           0.06236
  54    H  6  s      Ryd( 2s)         0.00096           0.32613
  55    H  6  px     Ryd( 2p)         0.00007           1.89386
  56    H  6  py     Ryd( 2p)         0.00039           2.23549
  57    H  6  pz     Ryd( 2p)         0.00011           1.59647
 
  58    H  7  s      Val( 1s)         0.41547           0.04375
  59    H  7  s      Ryd( 2s)         0.00067           0.31148
  60    H  7  px     Ryd( 2p)         0.00010           1.75549
  61    H  7  py     Ryd( 2p)         0.00007           1.70168
  62    H  7  pz     Ryd( 2p)         0.00036           2.14447
 
  63    H  8  s      Val( 1s)         0.41547           0.04375
  64    H  8  s      Ryd( 2s)         0.00067           0.31148
  65    H  8  px     Ryd( 2p)         0.00010           1.75549
  66    H  8  py     Ryd( 2p)         0.00007           1.70168
  67    H  8  pz     Ryd( 2p)         0.00036           2.14447


 Summary of Natural Population Analysis:

                                     Natural Population
             Natural    ---------------------------------------------
  Atom No    Charge        Core      Valence    Rydberg      Total
 --------------------------------------------------------------------
    C  1   -0.18782      0.99948     2.18338    0.00496     3.18782
    C  2   -0.16986      0.99948     2.16432    0.00605     3.16986
    C  3    0.34419      0.99960     1.65202    0.00418     2.65581
    H  4    0.10320      0.00000     0.39529    0.00151     0.39680
    H  5    0.10660      0.00000     0.39210    0.00129     0.39340
    H  6    0.13700      0.00000     0.36146    0.00153     0.36300
    H  7    0.08334      0.00000     0.41547    0.00120     0.41666
    H  8    0.08334      0.00000     0.41547    0.00120     0.41666
 ====================================================================
 * Total *  0.50000      2.99857     7.97952    0.02192    11.00000

                                 Natural Population      
 --------------------------------------------------------
   Core                       2.99857 ( 99.9522% of   3)
   Valence                    7.97952 ( 99.7440% of   8)
   Natural Minimal Basis     10.97808 ( 99.8007% of  11)
   Natural Rydberg Basis      0.02192 (  0.1993% of  11)
 --------------------------------------------------------

    Atom No         Natural Electron Configuration
 ----------------------------------------------------------------------------
      C  1      [core]2s( 0.53)2p( 1.66)
      C  2      [core]2s( 0.50)2p( 1.66)
      C  3      [core]2s( 0.53)2p( 1.12)
      H  4            1s( 0.40)
      H  5            1s( 0.39)
      H  6            1s( 0.36)
      H  7            1s( 0.42)
      H  8            1s( 0.42)


 NATURAL BOND ORBITAL ANALYSIS, beta spin orbitals:

                       Occupancies       Lewis Structure    Low   High
           Occ.    -------------------  -----------------   occ   occ
  Cycle   Thresh.   Lewis   Non-Lewis     CR  BD  3C  LP    (L)   (NL)   Dev
 =============================================================================
   1(1)    0.90    10.89908   0.10092      3   8   0   0     0      0    0.01
 -----------------------------------------------------------------------------

 Structure accepted: No low occupancy Lewis orbitals

 --------------------------------------------------------
   Core                      2.99857 ( 99.952% of   3)
   Valence Lewis             7.90051 ( 98.756% of   8)
  ==================       ============================
   Total Lewis              10.89908 ( 99.083% of  11)
  -----------------------------------------------------
   Valence non-Lewis         0.08851 (  0.805% of  11)
   Rydberg non-Lewis         0.01241 (  0.113% of  11)
  ==================       ============================
   Total non-Lewis           0.10092 (  0.917% of  11)
 --------------------------------------------------------


     (Occupancy)   Bond orbital/ Coefficients/ Hybrids
 -------------------------------------------------------------------------------
   1. (0.98912) BD ( 1) C  1- C  2       
               ( 48.31%)   0.6951* C  1 s( 39.78%)p 1.51( 60.16%)d 0.00(  0.06%)
                                         0.0005  0.6304  0.0192  0.7701  0.0225
                                         0.0893  0.0098  0.0000  0.0000  0.0045
                                         0.0000  0.0000  0.0193 -0.0153
               ( 51.69%)   0.7189* C  2 s( 39.34%)p 1.54( 60.62%)d 0.00(  0.04%)
                                         0.0001  0.6270  0.0164 -0.7723 -0.0262
                                        -0.0942  0.0090  0.0000  0.0000  0.0050
                                         0.0000  0.0000  0.0143 -0.0136
   2. (0.98857) BD ( 2) C  1- C  2       
               ( 49.65%)   0.7047* C  1 s(  0.00%)p 1.00( 99.94%)d 0.00(  0.06%)
                                         0.0000  0.0000  0.0000  0.0000  0.0000
                                         0.0000  0.0000  0.9994 -0.0251  0.0000
                                         0.0234  0.0033  0.0000  0.0000
               ( 50.35%)   0.7096* C  2 s(  0.00%)p 1.00( 99.95%)d 0.00(  0.05%)
                                         0.0000  0.0000  0.0000  0.0000  0.0000
                                         0.0000  0.0000  0.9994 -0.0269  0.0000
                                        -0.0217 -0.0050  0.0000  0.0000
   3. (0.99258) BD ( 1) C  1- H  4       
               ( 60.48%)   0.7777* C  1 s( 30.15%)p 2.32( 69.81%)d 0.00(  0.04%)
                                         0.0002 -0.5490  0.0103  0.3613  0.0180
                                         0.7532 -0.0052  0.0000  0.0000 -0.0115
                                         0.0000  0.0000  0.0117  0.0109
               ( 39.52%)   0.6286* H  4 s( 99.91%)p 0.00(  0.09%)
                                        -0.9995  0.0037 -0.0121 -0.0282  0.0000
   4. (0.99105) BD ( 1) C  1- H  5       
               ( 60.66%)   0.7789* C  1 s( 30.08%)p 2.32( 69.88%)d 0.00(  0.04%)
                                         0.0003 -0.5484  0.0058  0.5239  0.0112
                                        -0.6513  0.0093  0.0000  0.0000  0.0155
                                         0.0000  0.0000  0.0059  0.0109
               ( 39.34%)   0.6272* H  5 s( 99.91%)p 0.00(  0.09%)
                                        -0.9995  0.0030 -0.0188  0.0242  0.0000
   5. (0.99357) BD ( 1) C  2- C  3       
               ( 53.35%)   0.7304* C  2 s( 34.15%)p 1.93( 65.80%)d 0.00(  0.05%)
                                         0.0000  0.5843  0.0068  0.5470  0.0194
                                        -0.5986  0.0039  0.0000  0.0000 -0.0181
                                         0.0000  0.0000 -0.0027 -0.0135
               ( 46.65%)   0.6830* C  3 s( 36.94%)p 1.70( 62.96%)d 0.00(  0.10%)
                                         0.0003  0.6076  0.0154 -0.5535 -0.0129
                                         0.5679  0.0253  0.0000  0.0000 -0.0310
                                         0.0000  0.0000 -0.0036 -0.0045
   6. (0.96778) BD ( 1) C  2- H  6       
               ( 63.09%)   0.7943* C  2 s( 26.55%)p 2.77( 73.43%)d 0.00(  0.03%)
                                        -0.0004  0.5146 -0.0249  0.3205 -0.0046
                                         0.7947 -0.0096  0.0000  0.0000  0.0099
                                         0.0000  0.0000 -0.0072 -0.0101
               ( 36.91%)   0.6075* H  6 s( 99.89%)p 0.00(  0.11%)
                                         0.9994 -0.0140 -0.0086 -0.0313  0.0000
   7. (0.98892) BD ( 1) C  3- H  7       
               ( 58.26%)   0.7633* C  3 s( 31.39%)p 2.18( 68.54%)d 0.00(  0.06%)
                                        -0.0001  0.5603  0.0010  0.3241  0.0142
                                        -0.2832 -0.0132  0.7069  0.0126 -0.0116
                                         0.0127 -0.0061  0.0024  0.0176
               ( 41.74%)   0.6461* H  7 s( 99.90%)p 0.00(  0.10%)
                                         0.9995  0.0022 -0.0137  0.0109 -0.0270
   8. (0.98892) BD ( 1) C  3- H  8       
               ( 58.26%)   0.7633* C  3 s( 31.39%)p 2.18( 68.54%)d 0.00(  0.06%)
                                        -0.0001  0.5603  0.0010  0.3241  0.0142
                                        -0.2832 -0.0132 -0.7069 -0.0126 -0.0116
                                        -0.0127  0.0061  0.0024  0.0176
               ( 41.74%)   0.6461* H  8 s( 99.90%)p 0.00(  0.10%)
                                         0.9995  0.0022 -0.0137  0.0109  0.0270
   9. (0.99948) CR ( 1) C  1             s(100.00%)p 0.00(  0.00%)
                                         1.0000  0.0000  0.0000 -0.0006  0.0000
                                         0.0000  0.0000  0.0000  0.0000  0.0000
                                         0.0000  0.0000  0.0000  0.0000
  10. (0.99949) CR ( 1) C  2             s(100.00%)p 0.00(  0.00%)
                                         1.0000  0.0001  0.0000  0.0002  0.0000
                                         0.0003  0.0000  0.0000  0.0000  0.0000
                                         0.0000  0.0000  0.0000  0.0000
  11. (0.99960) CR ( 1) C  3             s(100.00%)p 0.00(  0.00%)
                                         1.0000  0.0000  0.0000  0.0003  0.0000
                                        -0.0003  0.0000  0.0000  0.0000  0.0000
                                         0.0000  0.0000  0.0000  0.0000
  12. (0.03172) LP*( 1) C  3             s(  0.24%)p99.99( 99.44%)d 1.30(  0.32%)
                                         0.0000  0.0385  0.0311 -0.6842 -0.1343
                                        -0.7087 -0.0775  0.0000  0.0000 -0.0128
                                         0.0000  0.0000  0.0547  0.0054
  13. (0.00222) RY*( 1) C  1             s(  1.91%)p47.56( 90.72%)d 3.86(  7.37%)
                                         0.0000  0.0036  0.1381  0.0002  0.2375
                                        -0.0164 -0.9223  0.0000  0.0000 -0.2628
                                         0.0000  0.0000  0.0678  0.0000
  14. (0.00040) RY*( 2) C  1             s( 10.93%)p 8.02( 87.61%)d 0.13(  1.47%)
                                         0.0000 -0.0009  0.3306 -0.0376  0.8824
                                        -0.0086  0.3096  0.0000  0.0000 -0.0959
                                         0.0000  0.0000  0.0740 -0.0030
  15. (0.00012) RY*( 3) C  1             s(  0.00%)p 1.00( 96.60%)d 0.04(  3.40%)
                                         0.0000  0.0000  0.0000  0.0000  0.0000
                                         0.0000  0.0000  0.0207  0.9827  0.0000
                                         0.1772 -0.0504  0.0000  0.0000
  16. (0.00003) RY*( 4) C  1             s( 37.34%)p 0.09(  3.18%)d 1.59( 59.49%)
  17. (0.00000) RY*( 5) C  1             s( 43.15%)p 0.40( 17.46%)d 0.91( 39.38%)
  18. (0.00000) RY*( 6) C  1             s(  0.00%)p 1.00(  3.20%)d30.21( 96.80%)
  19. (0.00000) RY*( 7) C  1             s(  0.00%)p 1.00(  0.25%)d99.99( 99.75%)
  20. (0.00000) RY*( 8) C  1             s(  1.93%)p 0.42(  0.81%)d50.41( 97.26%)
  21. (0.00000) RY*( 9) C  1             s(  4.74%)p 0.08(  0.37%)d20.00( 94.89%)
  22. (0.00167) RY*( 1) C  2             s(  2.54%)p34.00( 86.26%)d 4.41( 11.20%)
                                         0.0000 -0.0062  0.1592  0.0165 -0.3104
                                         0.0159  0.8751  0.0000  0.0000 -0.3243
                                         0.0000  0.0000  0.0826  0.0011
  23. (0.00111) RY*( 2) C  2             s(  0.00%)p 1.00( 83.23%)d 0.20( 16.77%)
                                         0.0000  0.0000  0.0000  0.0000  0.0000
                                         0.0000  0.0000  0.0314  0.9117  0.0000
                                         0.3606 -0.1941  0.0000  0.0000
  24. (0.00096) RY*( 3) C  2             s(  0.09%)p99.99( 95.90%)d45.19(  4.01%)
                                         0.0000 -0.0047  0.0294  0.0271 -0.9422
                                        -0.0180 -0.2651  0.0000  0.0000  0.1854
                                         0.0000  0.0000 -0.0640  0.0407
  25. (0.00018) RY*( 4) C  2             s( 84.44%)p 0.08(  7.06%)d 0.10(  8.50%)
                                         0.0000 -0.0029  0.9189  0.0107  0.0401
                                         0.0266 -0.2610  0.0000  0.0000 -0.2687
                                         0.0000  0.0000  0.0835 -0.0763
  26. (0.00001) RY*( 5) C  2             s( 11.59%)p 0.88( 10.14%)d 6.76( 78.27%)
  27. (0.00000) RY*( 6) C  2             s(  0.00%)p 1.00( 13.56%)d 6.37( 86.44%)
  28. (0.00000) RY*( 7) C  2             s(  0.00%)p 1.00(  3.26%)d29.67( 96.74%)
  29. (0.00001) RY*( 8) C  2             s(  0.79%)p 0.78(  0.62%)d99.99( 98.60%)
  30. (0.00001) RY*( 9) C  2             s(  0.52%)p 0.36(  0.18%)d99.99( 99.30%)
  31. (0.00047) RY*( 1) C  3             s(  0.00%)p 1.00( 50.37%)d 0.99( 49.63%)
                                         0.0000  0.0000  0.0000  0.0000  0.0000
                                         0.0000  0.0000  0.0008  0.7097  0.0000
                                        -0.5322  0.4616  0.0000  0.0000
  32. (0.00032) RY*( 2) C  3             s( 55.22%)p 0.79( 43.82%)d 0.02(  0.96%)
                                         0.0000 -0.0054  0.7431  0.0883 -0.6304
                                         0.0480  0.1751  0.0000  0.0000 -0.0162
                                         0.0000  0.0000  0.0148 -0.0954
  33. (0.00020) RY*( 3) C  3             s(  0.07%)p99.99( 98.27%)d24.70(  1.66%)
                                         0.0000  0.0017  0.0259  0.0561 -0.2074
                                         0.0934 -0.9632  0.0000  0.0000  0.0650
                                         0.0000  0.0000  0.0476 -0.1006
  34. (0.00001) RY*( 4) C  3             s( 43.87%)p 1.28( 56.11%)d 0.00(  0.02%)
  35. (0.00001) RY*( 5) C  3             s(  0.11%)p 5.16(  0.55%)d99.99( 99.35%)
  36. (0.00000) RY*( 6) C  3             s(  0.00%)p 1.00( 36.02%)d 1.78( 63.98%)
  37. (0.00000) RY*( 7) C  3             s(  0.00%)p 1.00( 13.65%)d 6.33( 86.35%)
  38. (0.00000) RY*( 8) C  3             s(  0.04%)p10.10(  0.44%)d99.99( 99.51%)
  39. (0.00000) RY*( 9) C  3             s(  0.72%)p 1.78(  1.29%)d99.99( 97.99%)
  40. (0.00096) RY*( 1) H  4             s( 98.25%)p 0.02(  1.75%)
                                         0.0077  0.9912 -0.0694 -0.1126  0.0000
  41. (0.00011) RY*( 2) H  4             s(  0.00%)p 1.00(100.00%)
                                         0.0000  0.0000  0.0000  0.0000  1.0000
  42. (0.00004) RY*( 3) H  4             s(  0.10%)p99.99( 99.90%)
  43. (0.00002) RY*( 4) H  4             s(  1.74%)p56.31( 98.26%)
  44. (0.00074) RY*( 1) H  5             s( 97.03%)p 0.03(  2.97%)
                                         0.0082  0.9850 -0.1152  0.1281  0.0000
  45. (0.00012) RY*( 2) H  5             s(  0.00%)p 1.00(100.00%)
                                         0.0000  0.0000  0.0000  0.0000  1.0000
  46. (0.00005) RY*( 3) H  5             s(  0.12%)p99.99( 99.88%)
  47. (0.00002) RY*( 4) H  5             s(  2.94%)p33.03( 97.06%)
  48. (0.00094) RY*( 1) H  6             s( 97.92%)p 0.02(  2.08%)
                                         0.0178  0.9894  0.1056  0.0983  0.0000
  49. (0.00011) RY*( 2) H  6             s(  0.00%)p 1.00(100.00%)
                                         0.0000  0.0000  0.0000  0.0000  1.0000
  50. (0.00004) RY*( 3) H  6             s(  0.46%)p99.99( 99.54%)
  51. (0.00002) RY*( 4) H  6             s(  1.73%)p56.85( 98.27%)
  52. (0.00069) RY*( 1) H  7             s( 96.38%)p 0.04(  3.62%)
                                         0.0037  0.9817  0.1130 -0.0857  0.1267
  53. (0.00006) RY*( 2) H  7             s(  0.14%)p99.99( 99.86%)
  54. (0.00001) RY*( 3) H  7             s(  1.22%)p80.89( 98.78%)
  55. (0.00001) RY*( 4) H  7             s(  2.36%)p41.33( 97.64%)
  56. (0.00069) RY*( 1) H  8             s( 96.38%)p 0.04(  3.62%)
                                         0.0037  0.9817  0.1130 -0.0857 -0.1267
  57. (0.00006) RY*( 2) H  8             s(  0.14%)p99.99( 99.86%)
  58. (0.00001) RY*( 3) H  8             s(  1.22%)p80.89( 98.78%)
  59. (0.00001) RY*( 4) H  8             s(  2.36%)p41.33( 97.64%)
  60. (0.00361) BD*( 1) C  1- C  2       
               ( 51.69%)   0.7189* C  1 s( 39.78%)p 1.51( 60.16%)d 0.00(  0.06%)
                                         0.0005  0.6304  0.0192  0.7701  0.0225
                                         0.0893  0.0098  0.0000  0.0000  0.0045
                                         0.0000  0.0000  0.0193 -0.0153
               ( 48.31%)  -0.6951* C  2 s( 39.34%)p 1.54( 60.62%)d 0.00(  0.04%)
                                         0.0001  0.6270  0.0164 -0.7723 -0.0262
                                        -0.0942  0.0090  0.0000  0.0000  0.0050
                                         0.0000  0.0000  0.0143 -0.0136
  61. (0.01890) BD*( 2) C  1- C  2       
               ( 50.35%)   0.7096* C  1 s(  0.00%)p 1.00( 99.94%)d 0.00(  0.06%)
                                         0.0000  0.0000  0.0000  0.0000  0.0000
                                         0.0000  0.0000  0.9994 -0.0251  0.0000
                                         0.0234  0.0033  0.0000  0.0000
               ( 49.65%)  -0.7047* C  2 s(  0.00%)p 1.00( 99.95%)d 0.00(  0.05%)
                                         0.0000  0.0000  0.0000  0.0000  0.0000
                                         0.0000  0.0000  0.9994 -0.0269  0.0000
                                        -0.0217 -0.0050  0.0000  0.0000
  62. (0.00565) BD*( 1) C  1- H  4       
               ( 39.52%)   0.6286* C  1 s( 30.15%)p 2.32( 69.81%)d 0.00(  0.04%)
                                        -0.0002  0.5490 -0.0103 -0.3613 -0.0180
                                        -0.7532  0.0052  0.0000  0.0000  0.0115
                                         0.0000  0.0000 -0.0117 -0.0109
               ( 60.48%)  -0.7777* H  4 s( 99.91%)p 0.00(  0.09%)
                                         0.9995 -0.0037  0.0121  0.0282  0.0000
  63. (0.00432) BD*( 1) C  1- H  5       
               ( 39.34%)   0.6272* C  1 s( 30.08%)p 2.32( 69.88%)d 0.00(  0.04%)
                                        -0.0003  0.5484 -0.0058 -0.5239 -0.0112
                                         0.6513 -0.0093  0.0000  0.0000 -0.0155
                                         0.0000  0.0000 -0.0059 -0.0109
               ( 60.66%)  -0.7789* H  5 s( 99.91%)p 0.00(  0.09%)
                                         0.9995 -0.0030  0.0188 -0.0242  0.0000
  64. (0.00621) BD*( 1) C  2- C  3       
               ( 46.65%)   0.6830* C  2 s( 34.15%)p 1.93( 65.80%)d 0.00(  0.05%)
                                         0.0000 -0.5843 -0.0068 -0.5470 -0.0194
                                         0.5986 -0.0039  0.0000  0.0000  0.0181
                                         0.0000  0.0000  0.0027  0.0135
               ( 53.35%)  -0.7304* C  3 s( 36.94%)p 1.70( 62.96%)d 0.00(  0.10%)
                                        -0.0003 -0.6076 -0.0154  0.5535  0.0129
                                        -0.5679 -0.0253  0.0000  0.0000  0.0310
                                         0.0000  0.0000  0.0036  0.0045
  65. (0.00751) BD*( 1) C  2- H  6       
               ( 36.91%)   0.6075* C  2 s( 26.55%)p 2.77( 73.43%)d 0.00(  0.03%)
                                         0.0004 -0.5146  0.0249 -0.3205  0.0046
                                        -0.7947  0.0096  0.0000  0.0000 -0.0099
                                         0.0000  0.0000  0.0072  0.0101
               ( 63.09%)  -0.7943* H  6 s( 99.89%)p 0.00(  0.11%)
                                        -0.9994  0.0140  0.0086  0.0313  0.0000
  66. (0.00530) BD*( 1) C  3- H  7       
               ( 41.74%)   0.6461* C  3 s( 31.39%)p 2.18( 68.54%)d 0.00(  0.06%)
                                         0.0001 -0.5603 -0.0010 -0.3241 -0.0142
                                         0.2832  0.0132 -0.7069 -0.0126  0.0116
                                        -0.0127  0.0061 -0.0024 -0.0176
               ( 58.26%)  -0.7633* H  7 s( 99.90%)p 0.00(  0.10%)
                                        -0.9995 -0.0022  0.0137 -0.0109  0.0270
  67. (0.00530) BD*( 1) C  3- H  8       
               ( 41.74%)   0.6461* C  3 s( 31.39%)p 2.18( 68.54%)d 0.00(  0.06%)
                                         0.0001 -0.5603 -0.0010 -0.3241 -0.0142
                                         0.2832  0.0132  0.7069  0.0126  0.0116
                                         0.0127 -0.0061 -0.0024 -0.0176
               ( 58.26%)  -0.7633* H  8 s( 99.90%)p 0.00(  0.10%)
                                        -0.9995 -0.0022  0.0137 -0.0109 -0.0270


 NHO DIRECTIONALITY AND BOND BENDING (deviations from line of nuclear centers)

         [Thresholds for printing:  angular deviation  >  1.0 degree]
                                    p- or d-character  > 25.0%
                                    orbital occupancy  >  0.10e

                       Line of Centers        Hybrid 1              Hybrid 2
                       ---------------  -------------------   ------------------
           NBO           Theta   Phi    Theta   Phi    Dev    Theta   Phi    Dev
 ===============================================================================
   2. BD ( 2) C 1- C 2    90.0    6.7     5.7    8.0  84.3      5.7  192.9  84.3
   3. BD ( 1) C 1- H 4    90.0  245.2    90.0  243.1   2.1      --     --    --
   4. BD ( 1) C 1- H 5    90.0  127.8    90.0  129.8   2.0      --     --    --
   6. BD ( 1) C 2- H 6    90.0   69.4    90.0   68.1   1.4      --     --    --
   7. BD ( 1) C 3- H 7    31.5  321.7    32.0  318.8   1.6      --     --    --
   8. BD ( 1) C 3- H 8   148.5  321.7   148.0  318.8   1.6      --     --    --


 SECOND ORDER PERTURBATION THEORY ANALYSIS OF FOCK MATRIX IN NBO BASIS

     Threshold for printing:   0.25 kcal/mol
                                                          E(2)  E(j)-E(i) F(i,j)
      Donor NBO (i)              Acceptor NBO (j)       kcal/mol   a.u.    a.u. 
 ===============================================================================

 within unit  1
   1. BD ( 1) C 1- C 2       12. LP*( 1) C 3              0.83    0.63    0.029
   1. BD ( 1) C 1- C 2       33. RY*( 3) C 3              0.38    1.17    0.027
   1. BD ( 1) C 1- C 2       62. BD*( 1) C 1- H 4         0.35    1.06    0.024
   1. BD ( 1) C 1- C 2       63. BD*( 1) C 1- H 5         0.40    1.07    0.026
   1. BD ( 1) C 1- C 2       64. BD*( 1) C 2- C 3         1.08    1.09    0.043
   1. BD ( 1) C 1- C 2       65. BD*( 1) C 2- H 6         0.78    1.05    0.036
   2. BD ( 2) C 1- C 2       31. RY*( 1) C 3              0.28    1.81    0.028
   2. BD ( 2) C 1- C 2       66. BD*( 1) C 3- H 7         1.64    0.65    0.041
   2. BD ( 2) C 1- C 2       67. BD*( 1) C 3- H 8         1.64    0.65    0.041
   3. BD ( 1) C 1- H 4       22. RY*( 1) C 2              0.63    1.47    0.038
   3. BD ( 1) C 1- H 4       60. BD*( 1) C 1- C 2         0.48    1.04    0.028
   3. BD ( 1) C 1- H 4       65. BD*( 1) C 2- H 6         2.30    0.85    0.056
   4. BD ( 1) C 1- H 5       22. RY*( 1) C 2              0.30    1.47    0.026
   4. BD ( 1) C 1- H 5       24. RY*( 3) C 2              0.57    1.11    0.032
   4. BD ( 1) C 1- H 5       60. BD*( 1) C 1- C 2         0.51    1.04    0.029
   4. BD ( 1) C 1- H 5       64. BD*( 1) C 2- C 3         2.77    0.89    0.063
   5. BD ( 1) C 2- C 3       13. RY*( 1) C 1              0.80    1.56    0.045
   5. BD ( 1) C 2- C 3       60. BD*( 1) C 1- C 2         1.51    1.17    0.053
   5. BD ( 1) C 2- C 3       63. BD*( 1) C 1- H 5         1.24    0.99    0.044
   6. BD ( 1) C 2- H 6       12. LP*( 1) C 3              4.53    0.42    0.055
   6. BD ( 1) C 2- H 6       13. RY*( 1) C 1              0.45    1.41    0.032
   6. BD ( 1) C 2- H 6       60. BD*( 1) C 1- C 2         0.35    1.03    0.024
   6. BD ( 1) C 2- H 6       62. BD*( 1) C 1- H 4         2.36    0.85    0.057
   7. BD ( 1) C 3- H 7       23. RY*( 2) C 2              0.48    1.19    0.030
   7. BD ( 1) C 3- H 7       60. BD*( 1) C 1- C 2         0.38    1.04    0.025
   7. BD ( 1) C 3- H 7       61. BD*( 2) C 1- C 2         1.79    0.46    0.036
   8. BD ( 1) C 3- H 8       23. RY*( 2) C 2              0.48    1.19    0.030
   8. BD ( 1) C 3- H 8       60. BD*( 1) C 1- C 2         0.38    1.04    0.025
   8. BD ( 1) C 3- H 8       61. BD*( 2) C 1- C 2         1.79    0.46    0.036
   9. CR ( 1) C 1            24. RY*( 3) C 2              1.16   10.44    0.139
   9. CR ( 1) C 1            25. RY*( 4) C 2              0.29   10.41    0.069
   9. CR ( 1) C 1            40. RY*( 1) H 4              0.39   10.15    0.080
   9. CR ( 1) C 1            44. RY*( 1) H 5              0.40   10.18    0.080
   9. CR ( 1) C 1            60. BD*( 1) C 1- C 2         0.30   10.37    0.071
   9. CR ( 1) C 1            64. BD*( 1) C 2- C 3         0.64   10.21    0.103
   9. CR ( 1) C 1            65. BD*( 1) C 2- H 6         0.38   10.18    0.079
  10. CR ( 1) C 2            14. RY*( 2) C 1              1.21   10.28    0.141
  10. CR ( 1) C 2            32. RY*( 2) C 3              0.54   10.30    0.094
  10. CR ( 1) C 2            48. RY*( 1) H 6              0.39   10.17    0.080
  10. CR ( 1) C 2            60. BD*( 1) C 1- C 2         0.39   10.37    0.080
  10. CR ( 1) C 2            62. BD*( 1) C 1- H 4         0.36   10.20    0.077
  10. CR ( 1) C 2            63. BD*( 1) C 1- H 5         0.34   10.20    0.074
  11. CR ( 1) C 3            22. RY*( 1) C 2              0.33   10.82    0.075
  11. CR ( 1) C 3            24. RY*( 3) C 2              0.27   10.46    0.067
  11. CR ( 1) C 3            25. RY*( 4) C 2              0.39   10.43    0.080
  11. CR ( 1) C 3            52. RY*( 1) H 7              0.42   10.21    0.083
  11. CR ( 1) C 3            56. RY*( 1) H 8              0.42   10.21    0.083
  11. CR ( 1) C 3            60. BD*( 1) C 1- C 2         0.52   10.39    0.093


 NATURAL BOND ORBITALS (Summary):

                                                     Principal Delocalizations
           NBO                 Occupancy    Energy   (geminal,vicinal,remote)
 ===============================================================================
 Molecular unit  1  (C3H5)
   1. BD ( 1) C  1- C  2        0.98912    -0.65432  64(g),12(v),65(g),63(g)
                                                    33(v),62(g)
   2. BD ( 2) C  1- C  2        0.98857    -0.23642  66(v),67(v),31(v)
   3. BD ( 1) C  1- H  4        0.99258    -0.44813  65(v),22(v),60(g)
   4. BD ( 1) C  1- H  5        0.99105    -0.44851  64(v),24(v),60(g),22(v)
   5. BD ( 1) C  2- C  3        0.99357    -0.58306  60(g),63(v),13(v)
   6. BD ( 1) C  2- H  6        0.96778    -0.43805  12(v),62(v),13(v),60(g)
   7. BD ( 1) C  3- H  7        0.98892    -0.44777  61(v),23(v),60(v)
   8. BD ( 1) C  3- H  8        0.98892    -0.44777  61(v),23(v),60(v)
   9. CR ( 1) C  1              0.99948    -9.77762   24(v),64(v),44(v),40(v)
                                                    65(v),60(g),25(v)
  10. CR ( 1) C  2              0.99949    -9.78671   14(v),32(v),48(v),60(g)
                                                    62(v),63(v)
  11. CR ( 1) C  3              0.99960    -9.79889   60(v),52(v),56(v),25(v)
                                                    22(v),24(v)
  12. LP*( 1) C  3              0.03172    -0.02005
  13. RY*( 1) C  1              0.00222     0.97287
  14. RY*( 2) C  1              0.00040     0.49497
  15. RY*( 3) C  1              0.00012     0.52328
  16. RY*( 4) C  1              0.00003     1.57139
  17. RY*( 5) C  1              0.00000     1.26347
  18. RY*( 6) C  1              0.00000     1.85225
  19. RY*( 7) C  1              0.00000     1.79506
  20. RY*( 8) C  1              0.00000     2.27653
  21. RY*( 9) C  1              0.00000     2.08586
  22. RY*( 1) C  2              0.00167     1.02036
  23. RY*( 2) C  2              0.00111     0.73733
  24. RY*( 3) C  2              0.00096     0.65769
  25. RY*( 4) C  2              0.00018     0.63588
  26. RY*( 5) C  2              0.00001     1.93955
  27. RY*( 6) C  2              0.00000     1.69684
  28. RY*( 7) C  2              0.00000     1.79993
  29. RY*( 8) C  2              0.00001     2.30724
  30. RY*( 9) C  2              0.00001     2.09823
  31. RY*( 1) C  3              0.00047     1.57052
  32. RY*( 2) C  3              0.00032     0.50935
  33. RY*( 3) C  3              0.00020     0.51188
  34. RY*( 4) C  3              0.00001     0.53928
  35. RY*( 5) C  3              0.00001     2.15856
  36. RY*( 6) C  3              0.00000     1.54336
  37. RY*( 7) C  3              0.00000     1.73118
  38. RY*( 8) C  3              0.00000     1.95831
  39. RY*( 9) C  3              0.00000     2.19351
  40. RY*( 1) H  4              0.00096     0.37304
  41. RY*( 2) H  4              0.00011     1.57489
  42. RY*( 3) H  4              0.00004     1.79958
  43. RY*( 4) H  4              0.00002     2.21234
  44. RY*( 1) H  5              0.00074     0.40127
  45. RY*( 2) H  5              0.00012     1.57253
  46. RY*( 3) H  5              0.00005     1.77599
  47. RY*( 4) H  5              0.00002     2.20701
  48. RY*( 1) H  6              0.00094     0.38011
  49. RY*( 2) H  6              0.00011     1.59647
  50. RY*( 3) H  6              0.00004     1.82363
  51. RY*( 4) H  6              0.00002     2.23830
  52. RY*( 1) H  7              0.00069     0.40918
  53. RY*( 2) H  7              0.00006     1.83286
  54. RY*( 3) H  7              0.00001     1.77235
  55. RY*( 4) H  7              0.00001     1.89127
  56. RY*( 1) H  8              0.00069     0.40918
  57. RY*( 2) H  8              0.00006     1.83286
  58. RY*( 3) H  8              0.00001     1.77235
  59. RY*( 4) H  8              0.00001     1.89127
  60. BD*( 1) C  1- C  2        0.00361     0.58823
  61. BD*( 2) C  1- C  2        0.01890     0.00991
  62. BD*( 1) C  1- H  4        0.00565     0.40843
  63. BD*( 1) C  1- H  5        0.00432     0.41164
  64. BD*( 1) C  2- C  3        0.00621     0.43681
  65. BD*( 1) C  2- H  6        0.00751     0.39925
  66. BD*( 1) C  3- H  7        0.00530     0.41414
  67. BD*( 1) C  3- H  8        0.00530     0.41414
          -------------------------------
                 Total Lewis   10.89908  ( 99.0825%)
           Valence non-Lewis    0.08851  (  0.8047%)
           Rydberg non-Lewis    0.01241  (  0.1128%)
          -------------------------------
               Total unit  1   11.00000  (100.0000%)
              Charge unit  1    0.50000


 NATURAL LOCALIZED MOLECULAR ORBITAL (NLMO) ANALYSIS:

 Maximum off-diagonal element of DM in NLMO basis:  0.50024D-07

 Hybridization/Polarization Analysis of NLMOs in NAO Basis, Beta Spin:
 NLMO/Occupancy/Percent from Parent NBO/ Atomic Hybrid Contributions
 -------------------------------------------------------------------------------
   1. (1.00000)  98.9102%  BD ( 1) C  1- C  2       
                          47.836%  C  1 s( 37.14%)p 1.69( 62.80%)d 0.00(  0.06%)
                          51.171%  C  2 s( 36.14%)p 1.77( 63.82%)d 0.00(  0.04%)
                           0.783%  C  3 s(  1.20%)p81.77( 98.41%)d 0.32(  0.38%)
                           0.026%  H  4 s( 89.26%)p 0.12( 10.74%)
                           0.037%  H  5 s( 91.89%)p 0.09(  8.11%)
                           0.130%  H  6 s( 96.90%)p 0.03(  3.10%)
   2. (1.00000)  98.8567%  BD ( 2) C  1- C  2       
                          49.094%  C  1 s(  0.00%)p 1.00( 99.94%)d 0.00(  0.06%)
                          49.763%  C  2 s(  0.00%)p 1.00( 99.95%)d 0.00(  0.05%)
                           0.458%  C  3 s(  0.00%)p 1.00( 95.67%)d 0.05(  4.33%)
                           0.011%  H  4 s(  0.00%)p 1.00(100.00%)
                           0.011%  H  5 s(  0.00%)p 1.00(100.00%)
                           0.011%  H  6 s(  0.00%)p 1.00(100.00%)
                           0.326%  H  7 s( 99.69%)p 0.00(  0.31%)
                           0.326%  H  8 s( 99.69%)p 0.00(  0.31%)
   3. (1.00000)  99.2562%  BD ( 1) C  1- H  4       
                          60.052%  C  1 s( 29.04%)p 2.44( 70.92%)d 0.00(  0.04%)
                           0.337%  C  2 s(  1.89%)p50.37( 95.31%)d 1.48(  2.80%)
                           0.043%  C  3 s( 48.55%)p 1.03( 49.93%)d 0.03(  1.52%)
                          39.226%  H  4 s( 99.91%)p 0.00(  0.09%)
                           0.017%  H  5 s( 74.61%)p 0.34( 25.39%)
                           0.323%  H  6 s( 99.77%)p 0.00(  0.23%)
   4. (1.00000)  99.1047%  BD ( 1) C  1- H  5       
                          60.138%  C  1 s( 29.26%)p 2.42( 70.70%)d 0.00(  0.04%)
                           0.368%  C  2 s(  1.17%)p82.26( 95.93%)d 2.49(  2.90%)
                           0.368%  C  3 s( 30.02%)p 2.32( 69.77%)d 0.01(  0.21%)
                           0.019%  H  4 s( 80.03%)p 0.25( 19.97%)
                          38.985%  H  5 s( 99.91%)p 0.00(  0.09%)
                           0.118%  H  6 s( 99.65%)p 0.00(  0.35%)
   5. (1.00000)  99.3566%  BD ( 1) C  2- C  3       
                           0.306%  C  1 s(  0.95%)p99.99( 97.48%)d 1.65(  1.57%)
                          53.063%  C  2 s( 31.38%)p 2.18( 68.56%)d 0.00(  0.05%)
                          46.356%  C  3 s( 36.08%)p 1.77( 63.82%)d 0.00(  0.10%)
                           0.043%  H  4 s( 99.56%)p 0.00(  0.44%)
                           0.174%  H  5 s( 99.80%)p 0.00(  0.20%)
                           0.028%  H  6 s( 93.27%)p 0.07(  6.73%)
                           0.015%  H  7 s( 85.60%)p 0.17( 14.40%)
                           0.015%  H  8 s( 85.60%)p 0.17( 14.40%)
   6. (1.00000)  96.7591%  BD ( 1) C  2- H  6       
                           0.380%  C  1 s(  0.82%)p99.99( 96.50%)d 3.26(  2.68%)
                          61.145%  C  2 s( 24.45%)p 3.09( 75.53%)d 0.00(  0.02%)
                           2.365%  C  3 s(  0.37%)p99.99( 99.32%)d 0.86(  0.32%)
                           0.335%  H  4 s( 99.84%)p 0.00(  0.16%)
                           0.096%  H  5 s( 99.64%)p 0.00(  0.36%)
                          35.662%  H  6 s( 99.89%)p 0.00(  0.11%)
   7. (1.00000)  98.8901%  BD ( 1) C  3- H  7       
                           0.501%  C  1 s(  1.27%)p77.44( 98.65%)d 0.06(  0.07%)
                           0.574%  C  2 s(  1.69%)p57.30( 96.95%)d 0.80(  1.36%)
                          57.614%  C  3 s( 31.40%)p 2.18( 68.54%)d 0.00(  0.06%)
                          41.282%  H  7 s( 99.90%)p 0.00(  0.10%)
                           0.014%  H  8 s( 65.19%)p 0.53( 34.81%)
   8. (1.00000)  98.8902%  BD ( 1) C  3- H  8       
                           0.501%  C  1 s(  1.27%)p77.45( 98.65%)d 0.06(  0.07%)
                           0.574%  C  2 s(  1.69%)p57.30( 96.95%)d 0.80(  1.36%)
                          57.614%  C  3 s( 31.40%)p 2.18( 68.54%)d 0.00(  0.06%)
                           0.014%  H  7 s( 65.19%)p 0.53( 34.81%)
                          41.282%  H  8 s( 99.90%)p 0.00(  0.10%)
   9. (1.00000)  99.9483%  CR ( 1) C  1             
                          99.950%  C  1 s(100.00%)p 0.00(  0.00%)d 0.00(  0.00%)
                           0.024%  C  2 s( 21.80%)p 3.47( 75.63%)d 0.12(  2.57%)
  10. (1.00000)  99.9486%  CR ( 1) C  2             
                           0.022%  C  1 s( 23.33%)p 3.15( 73.58%)d 0.13(  3.10%)
                          99.950%  C  2 s(100.00%)p 0.00(  0.00%)d 0.00(  0.00%)
                           0.013%  C  3 s( 33.89%)p 1.74( 58.92%)d 0.21(  7.19%)
                           0.010%  H  6 s( 87.62%)p 0.14( 12.38%)
  11. (1.00000)  99.9604%  CR ( 1) C  3             
                           0.015%  C  2 s( 23.20%)p 3.07( 71.25%)d 0.24(  5.55%)
                          99.962%  C  3 s(100.00%)p 0.00(  0.00%)d 0.00(  0.00%)
