
 *********************************** NBO 5.0 ***********************************
             N A T U R A L   A T O M I C   O R B I T A L   A N D
          N A T U R A L   B O N D   O R B I T A L   A N A L Y S I S
 *******************************************************************************
  (c) Copyright 1996-2003 Board of Regents of the University of Wisconsin System
      on behalf of the Theoretical Chemistry Institute.  All Rights Reserved.

          Cite this program as:

          NBO 5.0.  E. D. Glendening, J. K. Badenhoop, A. E. Reed,
          J. E. Carpenter, J. A. Bohmann, C. M. Morales, and F. Weinhold
          (Theoretical Chemistry Institute, University of Wisconsin,
          Madison, WI, 2001); http://www.chem.wisc.edu/~nbo5

       /NPA    / : Natural Population Analysis
       /NBO    / : Natural Bond Orbital Analysis
       /AONBO  / : Print the AO to NBO transformation
       /PLOT   / : Write information for the orbital plotter
       /FILE   / : Set to CH4                                                 

 Job title:  *** NBO job generated by orca_scf                              

 Storage needed:        5970 in NPA,        4765 in NBO,
                        4819 in NLMO (    20000000 available)


 NATURAL POPULATIONS:  Natural atomic orbital occupancies 
                                                          
  NAO Atom No lang   Type(AO)    Occupancy      Energy    
 ---------------------------------------------------------
   1    C  1  s      Cor( 1s)         1.99934          -9.76713
   2    C  1  s      Val( 2s)         1.16666          -0.22563
   3    C  1  s      Ryd( 3s)         0.00000           0.72622
   4    C  1  px     Val( 2p)         1.23449          -0.05932
   5    C  1  px     Ryd( 3p)         0.00000           0.49447
   6    C  1  py     Val( 2p)         1.23425          -0.05968
   7    C  1  py     Ryd( 3p)         0.00000           0.48749
   8    C  1  pz     Val( 2p)         1.23485          -0.05963
   9    C  1  pz     Ryd( 3p)         0.00000           0.49010
  10    C  1  dxy    Ryd( 3d)         0.00020           2.10641
  11    C  1  dxz    Ryd( 3d)         0.00020           2.10833
  12    C  1  dyz    Ryd( 3d)         0.00041           2.23479
  13    C  1  dx2y2  Ryd( 3d)         0.00055           2.33134
  14    C  1  dz2    Ryd( 3d)         0.00045           2.26704
 
  15    H  2  s      Val( 1s)         0.78040           0.07431
  16    H  2  s      Ryd( 2s)         0.00057           0.31716
  17    H  2  px     Ryd( 2p)         0.00023           1.72608
  18    H  2  py     Ryd( 2p)         0.00055           2.12408
  19    H  2  pz     Ryd( 2p)         0.00029           1.80562
 
  20    H  3  s      Val( 1s)         0.78040           0.07431
  21    H  3  s      Ryd( 2s)         0.00057           0.31716
  22    H  3  px     Ryd( 2p)         0.00023           1.72608
  23    H  3  py     Ryd( 2p)         0.00055           2.12408
  24    H  3  pz     Ryd( 2p)         0.00029           1.80563
 
  25    H  4  s      Val( 1s)         0.78037           0.07479
  26    H  4  s      Ryd( 2s)         0.00056           0.31755
  27    H  4  px     Ryd( 2p)         0.00023           1.72598
  28    H  4  py     Ryd( 2p)         0.00017           1.64495
  29    H  4  pz     Ryd( 2p)         0.00068           2.28294
 
  30    H  5  s      Val( 1s)         0.78086           0.07477
  31    H  5  s      Ryd( 2s)         0.00055           0.32189
  32    H  5  px     Ryd( 2p)         0.00074           2.36314
  33    H  5  py     Ryd( 2p)         0.00017           1.64543
  34    H  5  pz     Ryd( 2p)         0.00017           1.64551


 Summary of Natural Population Analysis:

                                     Natural Population
             Natural    ---------------------------------------------
  Atom No    Charge        Core      Valence    Rydberg      Total
 --------------------------------------------------------------------
    C  1   -0.87141      1.99934     4.87024    0.00182     6.87141
    H  2    0.21795      0.00000     0.78040    0.00164     0.78205
    H  3    0.21795      0.00000     0.78040    0.00164     0.78205
    H  4    0.21799      0.00000     0.78037    0.00164     0.78201
    H  5    0.21751      0.00000     0.78086    0.00163     0.78249
 ====================================================================
 * Total *  0.00000      1.99934     7.99228    0.00839    10.00000

                                 Natural Population      
 --------------------------------------------------------
   Core                       1.99934 ( 99.9669% of   2)
   Valence                    7.99228 ( 99.9035% of   8)
   Natural Minimal Basis      9.99161 ( 99.9161% of  10)
   Natural Rydberg Basis      0.00839 (  0.0839% of  10)
 --------------------------------------------------------

    Atom No         Natural Electron Configuration
 ----------------------------------------------------------------------------
      C  1      [core]2s( 1.17)2p( 3.70)
      H  2            1s( 0.78)
      H  3            1s( 0.78)
      H  4            1s( 0.78)
      H  5            1s( 0.78)


 NATURAL BOND ORBITAL ANALYSIS:

                       Occupancies       Lewis Structure    Low   High
           Occ.    -------------------  -----------------   occ   occ
  Cycle   Thresh.   Lewis   Non-Lewis     CR  BD  3C  LP    (L)   (NL)   Dev
 =============================================================================
   1(1)    1.90     9.99430   0.00570      1   4   0   0     0      0    0.00
 -----------------------------------------------------------------------------

 Structure accepted: No low occupancy Lewis orbitals

 --------------------------------------------------------
   Core                      1.99934 ( 99.967% of   2)
   Valence Lewis             7.99496 ( 99.937% of   8)
  ==================       ============================
   Total Lewis               9.99430 ( 99.943% of  10)
  -----------------------------------------------------
   Valence non-Lewis         0.00181 (  0.018% of  10)
   Rydberg non-Lewis         0.00389 (  0.039% of  10)
  ==================       ============================
   Total non-Lewis           0.00570 (  0.057% of  10)
 --------------------------------------------------------


     (Occupancy)   Bond orbital/ Coefficients/ Hybrids
 -------------------------------------------------------------------------------
   1. (1.99872) BD ( 1) C  1- H  2       
               ( 60.94%)   0.7806* C  1 s( 25.01%)p 3.00( 74.96%)d 0.00(  0.04%)
                                         0.0002  0.5001  0.0003 -0.2885 -0.0005
                                         0.7069 -0.0004  0.4082 -0.0001 -0.0091
                                        -0.0053  0.0129 -0.0092 -0.0032
               ( 39.06%)   0.6250* H  2 s( 99.92%)p 0.00(  0.08%)
                                         0.9996  0.0009  0.0095 -0.0237 -0.0136
   2. (1.99872) BD ( 1) C  1- H  3       
               ( 60.94%)   0.7806* C  1 s( 25.01%)p 3.00( 74.96%)d 0.00(  0.04%)
                                         0.0002  0.5001  0.0003 -0.2885 -0.0005
                                        -0.7069  0.0004  0.4082 -0.0001  0.0091
                                        -0.0053 -0.0129 -0.0092 -0.0032
               ( 39.06%)   0.6250* H  3 s( 99.92%)p 0.00(  0.08%)
                                         0.9996  0.0009  0.0095  0.0237 -0.0136
   3. (1.99874) BD ( 1) C  1- H  4       
               ( 60.94%)   0.7806* C  1 s( 25.01%)p 3.00( 74.95%)d 0.00(  0.04%)
                                         0.0002  0.5001  0.0006 -0.2885 -0.0006
                                         0.0000  0.0000 -0.8163  0.0000  0.0000
                                         0.0105  0.0000  0.0020  0.0159
               ( 39.06%)   0.6250* H  4 s( 99.92%)p 0.00(  0.08%)
                                         0.9996  0.0009  0.0094  0.0000  0.0274
   4. (1.99877) BD ( 1) C  1- H  5       
               ( 60.91%)   0.7805* C  1 s( 24.98%)p 3.00( 74.99%)d 0.00(  0.04%)
                                         0.0001  0.4998 -0.0012  0.8659  0.0002
                                         0.0000  0.0000  0.0000 -0.0001  0.0000
                                        -0.0001  0.0000  0.0165 -0.0096
               ( 39.09%)   0.6252* H  5 s( 99.92%)p 0.00(  0.08%)
                                         0.9996  0.0008 -0.0289  0.0000 -0.0001
   5. (1.99934) CR ( 1) C  1             s(100.00%)
                                         1.0000 -0.0003  0.0000  0.0000  0.0000
                                         0.0000  0.0000  0.0000  0.0000  0.0000
                                         0.0000  0.0000  0.0000  0.0000
   6. (0.00000) RY*( 1) C  1             s(100.00%)p 0.00(  0.00%)
   7. (0.00000) RY*( 2) C  1             s(  0.00%)p 1.00(100.00%)
   8. (0.00000) RY*( 3) C  1             s(  0.00%)p 1.00(100.00%)
   9. (0.00000) RY*( 4) C  1             s(  0.00%)p 1.00(100.00%)
  10. (0.00000) RY*( 5) C  1             s(  0.00%)p 1.00(  0.02%)d99.99( 99.98%)
  11. (0.00000) RY*( 6) C  1             s(  0.00%)p 1.00(  0.02%)d99.99( 99.98%)
  12. (0.00000) RY*( 7) C  1             s(  0.00%)p 1.00(  0.03%)d99.99( 99.97%)
  13. (0.00000) RY*( 8) C  1             s(  0.00%)p 1.00(  0.04%)d99.99( 99.96%)
  14. (0.00000) RY*( 9) C  1             s(  0.00%)p 1.00(  0.04%)d99.99( 99.96%)
  15. (0.00064) RY*( 1) H  2             s( 88.61%)p 0.13( 11.39%)
                                         0.0089  0.9413 -0.0879  0.2929  0.1429
  16. (0.00017) RY*( 2) H  2             s(  0.03%)p99.99( 99.97%)
                                         0.0006  0.0176 -0.9514 -0.2717 -0.1442
  17. (0.00017) RY*( 3) H  2             s(  0.02%)p99.99( 99.98%)
                                         0.0008  0.0125  0.0009 -0.4705  0.8823
  18. (0.00000) RY*( 4) H  2             s( 11.43%)p 7.75( 88.57%)
  19. (0.00064) RY*( 1) H  3             s( 88.61%)p 0.13( 11.39%)
                                         0.0089  0.9413 -0.0879 -0.2929  0.1429
  20. (0.00017) RY*( 2) H  3             s(  0.03%)p99.99( 99.97%)
                                         0.0006  0.0176 -0.9514  0.2717 -0.1442
  21. (0.00017) RY*( 3) H  3             s(  0.02%)p99.99( 99.98%)
                                         0.0008  0.0125  0.0009  0.4705  0.8823
  22. (0.00000) RY*( 4) H  3             s( 11.43%)p 7.75( 88.57%)
  23. (0.00064) RY*( 1) H  4             s( 88.59%)p 0.13( 11.41%)
                                         0.0090  0.9412 -0.1052  0.0000 -0.3210
  24. (0.00017) RY*( 2) H  4             s(  0.00%)p 1.00(100.00%)
                                        -0.0001  0.0067 -0.9443  0.0000  0.3291
  25. (0.00017) RY*( 3) H  4             s(  0.00%)p 1.00(100.00%)
                                         0.0000  0.0000  0.0000  1.0000  0.0000
  26. (0.00000) RY*( 4) H  4             s( 11.49%)p 7.70( 88.51%)
  27. (0.00063) RY*( 1) H  5             s( 88.40%)p 0.13( 11.60%)
                                         0.0091  0.9402  0.3404  0.0000  0.0121
  28. (0.00017) RY*( 2) H  5             s(  0.00%)p 1.00(100.00%)
                                         0.0000  0.0000  0.0000  1.0000  0.0000
  29. (0.00017) RY*( 3) H  5             s(  0.01%)p 1.00( 99.99%)
                                         0.0002  0.0087  0.0117  0.0000 -0.9999
  30. (0.00000) RY*( 4) H  5             s( 11.68%)p 7.56( 88.32%)
  31. (0.00045) BD*( 1) C  1- H  2       
               ( 39.06%)   0.6250* C  1 s( 25.01%)p 3.00( 74.96%)d 0.00(  0.04%)
                                        -0.0002 -0.5001 -0.0003  0.2885  0.0005
                                        -0.7069  0.0004 -0.4082  0.0001  0.0091
                                         0.0053 -0.0129  0.0092  0.0032
               ( 60.94%)  -0.7806* H  2 s( 99.92%)p 0.00(  0.08%)
                                        -0.9996 -0.0009 -0.0095  0.0237  0.0136
  32. (0.00045) BD*( 1) C  1- H  3       
               ( 39.06%)   0.6250* C  1 s( 25.01%)p 3.00( 74.96%)d 0.00(  0.04%)
                                        -0.0002 -0.5001 -0.0003  0.2885  0.0005
                                         0.7069 -0.0004 -0.4082  0.0001 -0.0091
                                         0.0053  0.0129  0.0092  0.0032
               ( 60.94%)  -0.7806* H  3 s( 99.92%)p 0.00(  0.08%)
                                        -0.9996 -0.0009 -0.0095 -0.0237  0.0136
  33. (0.00045) BD*( 1) C  1- H  4       
               ( 39.06%)   0.6250* C  1 s( 25.01%)p 3.00( 74.95%)d 0.00(  0.04%)
                                        -0.0002 -0.5001 -0.0006  0.2885  0.0006
                                         0.0000  0.0000  0.8163  0.0000  0.0000
                                        -0.0105  0.0000 -0.0020 -0.0159
               ( 60.94%)  -0.7806* H  4 s( 99.92%)p 0.00(  0.08%)
                                        -0.9996 -0.0009 -0.0094  0.0000 -0.0274
  34. (0.00046) BD*( 1) C  1- H  5       
               ( 39.09%)   0.6252* C  1 s( 24.98%)p 3.00( 74.99%)d 0.00(  0.04%)
                                        -0.0001 -0.4998  0.0012 -0.8659 -0.0002
                                         0.0000  0.0000  0.0000  0.0001  0.0000
                                         0.0001  0.0000 -0.0165  0.0096
               ( 60.91%)  -0.7805* H  5 s( 99.92%)p 0.00(  0.08%)
                                        -0.9996 -0.0008  0.0289  0.0000  0.0001


 NHO DIRECTIONALITY AND BOND BENDING (deviations from line of nuclear centers)

         [Thresholds for printing:  angular deviation  >  1.0 degree]
                                    p- or d-character  > 25.0%
                                    orbital occupancy  >  0.10e

                       Line of Centers        Hybrid 1              Hybrid 2
                       ---------------  -------------------   ------------------
           NBO           Theta   Phi    Theta   Phi    Dev    Theta   Phi    Dev
 ===============================================================================
    None exceeding thresholds


 NBOs in the AO basis:                                                         

          AO         1       2       3       4       5       6       7       8
      ---------- ------- ------- ------- ------- ------- ------- ------- -------
   1.  C 1 (s)   -0.0781 -0.0781 -0.0782 -0.0778  1.0113 -0.1938 -0.0002  0.0000
   2.  C 1 (s)    0.2790  0.2790  0.2796  0.2761 -0.0223  1.9375  0.0010  0.0000
   3.  C 1 (s)    0.0087  0.0087  0.0073  0.0174  0.0023 -6.3985 -0.0003  0.0000
   4.  C 1 (pz)   0.1781  0.1781 -0.3564  0.0000  0.0000  0.0000  0.0000  0.0000
   5.  C 1 (px)  -0.1262 -0.1262 -0.1263  0.3781  0.0000  0.0013  0.8625  0.0000
   6.  C 1 (py)   0.3084 -0.3084  0.0000  0.0000  0.0000  0.0000  0.0000  0.8633
   7.  C 1 (pz)   0.0841  0.0841 -0.1680  0.0003  0.0000  0.0005 -0.0001  0.0000
   8.  C 1 (px)  -0.0584 -0.0584 -0.0583  0.1783  0.0000  0.0004 -1.9881  0.0000
   9.  C 1 (py)   0.1460 -0.1460  0.0000  0.0000  0.0000  0.0000  0.0000 -1.9872
  10.  C 1 (d5)  -0.0019 -0.0019  0.0094 -0.0057  0.0000  0.0000  0.0011  0.0000
  11.  C 1 (d2)  -0.0031 -0.0031  0.0062 -0.0001  0.0000  0.0000  0.0000  0.0000
  12.  C 1 (d3)   0.0077 -0.0077  0.0000  0.0000  0.0000  0.0000  0.0000 -0.0018
  13.  C 1 (d4)  -0.0055 -0.0055  0.0012  0.0098  0.0000  0.0000 -0.0019  0.0000
  14.  C 1 (d1)  -0.0054  0.0054  0.0000  0.0000  0.0000  0.0000  0.0000  0.0013
  15.  H 2 (s)    0.4182 -0.0393 -0.0392 -0.0401 -0.0140  0.5298 -0.1177  0.2877
  16.  H 2 (s)    0.1557 -0.0060 -0.0058 -0.0078 -0.0163  1.1880 -0.3477  0.8517
  17.  H 2 (pz)  -0.0092  0.0002 -0.0033 -0.0010  0.0000  0.0019  0.0000 -0.0001
  18.  H 2 (px)   0.0064 -0.0002 -0.0002  0.0032  0.0000 -0.0013  0.0166  0.0001
  19.  H 2 (py)  -0.0160 -0.0037 -0.0017 -0.0016  0.0000  0.0032  0.0001  0.0165
  20.  H 3 (s)   -0.0393  0.4182 -0.0392 -0.0401 -0.0140  0.5298 -0.1177 -0.2877
  21.  H 3 (s)   -0.0060  0.1557 -0.0058 -0.0078 -0.0163  1.1880 -0.3477 -0.8517
  22.  H 3 (pz)   0.0002 -0.0092 -0.0033 -0.0010  0.0000  0.0019  0.0000  0.0001
  23.  H 3 (px)  -0.0002  0.0064 -0.0002  0.0032  0.0000 -0.0013  0.0166 -0.0001
  24.  H 3 (py)   0.0037  0.0160  0.0017  0.0016  0.0000 -0.0032 -0.0001  0.0165
  25.  H 4 (s)   -0.0394 -0.0394  0.4188 -0.0400 -0.0140  0.5293 -0.1175  0.0000
  26.  H 4 (s)   -0.0060 -0.0060  0.1556 -0.0075 -0.0163  1.1892 -0.3482  0.0000
  27.  H 4 (pz)   0.0031  0.0031  0.0185  0.0019  0.0000 -0.0037 -0.0001  0.0000
  28.  H 4 (px)  -0.0002 -0.0002  0.0064  0.0032  0.0000 -0.0013  0.0167  0.0000
  29.  H 4 (py)   0.0021 -0.0021  0.0000  0.0000  0.0000  0.0000  0.0000  0.0168
  30.  H 5 (s)   -0.0397 -0.0397 -0.0396  0.4186 -0.0140  0.5288  0.3520  0.0000
  31.  H 5 (s)   -0.0067 -0.0067 -0.0065  0.1526 -0.0163  1.1890  1.0441  0.0000
  32.  H 5 (pz)   0.0012  0.0012 -0.0024 -0.0001  0.0000  0.0000  0.0000  0.0000
  33.  H 5 (px)  -0.0029 -0.0029 -0.0028 -0.0196  0.0000  0.0040  0.0165  0.0000
  34.  H 5 (py)   0.0021 -0.0021  0.0000  0.0000  0.0000  0.0000  0.0000  0.0168

          AO         9      10      11      12      13      14      15      16
      ---------- ------- ------- ------- ------- ------- ------- ------- -------
   1.  C 1 (s)    0.0000  0.0000 -0.0001  0.0000 -0.0001 -0.0001 -0.0663 -0.0040
   2.  C 1 (s)   -0.0001  0.0000  0.0005  0.0000  0.0007  0.0004  0.6687  0.0313
   3.  C 1 (s)    0.0008  0.0000  0.0002  0.0000  0.0004  0.0001 -1.6075 -0.0163
   4.  C 1 (pz)   0.8632  0.0000 -0.2440  0.0000 -0.1724 -0.2992  0.2048  0.0317
   5.  C 1 (px)   0.0001  0.0000 -0.0001  0.0000  0.3662 -0.2117 -0.1464  0.1048
   6.  C 1 (py)   0.0000 -0.2436  0.0000  0.3445  0.0000  0.0000  0.3491  0.0575
   7.  C 1 (pz)  -1.9878  0.0000 -0.3244  0.0000 -0.2297 -0.3982 -0.3906  0.1088
   8.  C 1 (px)  -0.0001  0.0000 -0.0003  0.0000  0.4874 -0.2814  0.2668  0.6733
   9.  C 1 (py)   0.0000 -0.3246  0.0000  0.4591  0.0000  0.0000 -0.7088  0.2043
  10.  C 1 (d5)   0.0016  0.0000  0.1027  0.0000 -0.0364  1.3339 -0.0251 -0.0023
  11.  C 1 (d2)   0.0013  0.0000  1.2289  0.0000  0.0594  0.1030 -0.0496  0.0769
  12.  C 1 (d3)   0.0000 -0.1184  0.0000  1.3126  0.0000  0.0000  0.1117  0.0779
  13.  C 1 (d4)   0.0009  0.0000  0.0593  0.0000  1.3757 -0.0365 -0.0768 -0.0901
  14.  C 1 (d1)   0.0000  1.2287  0.0000 -0.1187  0.0000  0.0000 -0.0813  0.1310
  15.  H 2 (s)    0.1661  0.4162  0.2402 -0.5888  0.4249  0.1472 -0.9736 -0.0352
  16.  H 2 (s)    0.4917  0.1220  0.0703 -0.1726  0.1246  0.0432  2.4310  0.0281
  17.  H 2 (pz)   0.0166 -0.1581  0.0017  0.0591 -0.1431 -0.1339  0.2327 -0.1574
  18.  H 2 (px)   0.0000 -0.0527 -0.0304 -0.1581  0.1425  0.0231 -0.1496 -1.0841
  19.  H 2 (py)  -0.0001 -0.1809 -0.1581  0.2558 -0.1150 -0.0019  0.4546 -0.2977
  20.  H 3 (s)    0.1661 -0.4162  0.2402  0.5888  0.4249  0.1472 -0.0284  0.0931
  21.  H 3 (s)    0.4917 -0.1220  0.0703  0.1726  0.1246  0.0432 -0.0628  0.2012
  22.  H 3 (pz)   0.0166  0.1581  0.0017 -0.0591 -0.1431 -0.1339  0.0040 -0.0156
  23.  H 3 (px)   0.0000  0.0527 -0.0304  0.1581  0.1425  0.0231 -0.0021 -0.0463
  24.  H 3 (py)   0.0001 -0.1809  0.1581  0.2558  0.1150  0.0019 -0.0020  0.0233
  25.  H 4 (s)   -0.3316  0.0000 -0.4810  0.0000 -0.0851 -0.7367 -0.0210  0.0896
  26.  H 4 (s)   -0.9846  0.0000 -0.1411  0.0000 -0.0250 -0.2163 -0.0475  0.1936
  27.  H 4 (pz)   0.0166  0.0000 -0.2730  0.0000 -0.0465 -0.3091 -0.0030  0.0277
  28.  H 4 (px)  -0.0001  0.0000  0.0611  0.0000  0.0056 -0.2147 -0.0018 -0.0466
  29.  H 4 (py)   0.0000  0.0933  0.0000  0.1539  0.0000  0.0000  0.0048 -0.0030
  30.  H 5 (s)   -0.0001  0.0000  0.0000  0.0000 -0.7655  0.4419 -0.0176 -0.1882
  31.  H 5 (s)    0.0000  0.0000  0.0002  0.0000 -0.2247  0.1297 -0.0401 -0.3959
  32.  H 5 (pz)   0.0168  0.0000 -0.1761  0.0000  0.0183  0.0317  0.0016 -0.0245
  33.  H 5 (px)   0.0000  0.0000  0.0000  0.0000  0.3771 -0.2177  0.0030  0.0220
  34.  H 5 (py)   0.0000 -0.1761  0.0000 -0.0366  0.0000  0.0000  0.0053 -0.0437

          AO        17      18      19      20      21      22      23      24
      ---------- ------- ------- ------- ------- ------- ------- ------- -------
   1.  C 1 (s)   -0.0044  0.1126 -0.0663 -0.0040 -0.0044  0.1126 -0.0663 -0.0008
   2.  C 1 (s)    0.0329 -0.7021  0.6687  0.0313  0.0329 -0.7021  0.6690  0.0067
   3.  C 1 (s)   -0.0037 -1.2662 -1.6075 -0.0163 -0.0037 -1.2662 -1.6041 -0.0100
   4.  C 1 (pz)  -0.0906 -0.3771  0.2048  0.0317 -0.0906 -0.3771 -0.4060 -0.0450
   5.  C 1 (px)  -0.0114  0.2672 -0.1464  0.1048 -0.0114  0.2672 -0.1445  0.1122
   6.  C 1 (py)   0.0843 -0.6470 -0.3491 -0.0575 -0.0843  0.6470  0.0000  0.0000
   7.  C 1 (pz)  -0.6175 -0.3839 -0.3906  0.1089 -0.6175 -0.3839  0.8036 -0.2325
   8.  C 1 (px)  -0.0084  0.2750  0.2668  0.6733 -0.0084  0.2750  0.2783  0.6728
   9.  C 1 (py)   0.3542 -0.6284  0.7088 -0.2043 -0.3542  0.6284  0.0000  0.0000
  10.  C 1 (d5)  -0.1260  0.0693 -0.0251 -0.0023 -0.1260  0.0693  0.1390  0.1080
  11.  C 1 (d2)   0.0814  0.1221 -0.0496  0.0769  0.0814  0.1221  0.0926 -0.1574
  12.  C 1 (d3)  -0.0734 -0.2906 -0.1117 -0.0779  0.0733  0.2906  0.0000  0.0000
  13.  C 1 (d4)  -0.0775  0.2057 -0.0768 -0.0901 -0.0775  0.2057  0.0163 -0.0220
  14.  C 1 (d1)  -0.0585  0.2063  0.0813 -0.1310  0.0585 -0.2063  0.0000  0.0000
  15.  H 2 (s)   -0.0346  0.4964 -0.0284  0.0931  0.1581  0.0695 -0.0236  0.0929
  16.  H 2 (s)    0.0101  1.7439 -0.0628  0.2012  0.3402 -0.0349 -0.0517  0.1974
  17.  H 2 (pz)   1.0085 -0.7003  0.0040 -0.0156  0.0353  0.0163 -0.0016 -0.0121
  18.  H 2 (px)  -0.0040  0.4895 -0.0021 -0.0463  0.0090 -0.0118 -0.0027 -0.0464
  19.  H 2 (py)  -0.5216 -1.2712  0.0020 -0.0233 -0.0395 -0.0169  0.0042 -0.0252
  20.  H 3 (s)    0.1581  0.0695 -0.9736 -0.0352 -0.0346  0.4964 -0.0236  0.0929
  21.  H 3 (s)    0.3402 -0.0349  2.4310  0.0281  0.0101  1.7439 -0.0517  0.1974
  22.  H 3 (pz)   0.0353  0.0163  0.2327 -0.1574  1.0085 -0.7003 -0.0016 -0.0121
  23.  H 3 (px)   0.0090 -0.0118 -0.1496 -1.0841 -0.0040  0.4895 -0.0027 -0.0464
  24.  H 3 (py)   0.0395  0.0169 -0.4546  0.2977  0.5216  1.2712 -0.0042  0.0252
  25.  H 4 (s)   -0.1646  0.0613 -0.0210  0.0896 -0.1646  0.0613 -0.9739 -0.0089
  26.  H 4 (s)   -0.3448 -0.0526 -0.0475  0.1936 -0.3448 -0.0526  2.4285  0.0155
  27.  H 4 (pz)  -0.0177  0.0056 -0.0030  0.0277 -0.0177  0.0056 -0.5061  0.3715
  28.  H 4 (px)  -0.0075 -0.0123 -0.0018 -0.0466 -0.0075 -0.0123 -0.1695 -1.0723
  29.  H 4 (py)  -0.0514  0.0200 -0.0048  0.0030  0.0514 -0.0200  0.0000  0.0000
  30.  H 5 (s)    0.0001  0.0599 -0.0176 -0.1882  0.0001  0.0599 -0.0213 -0.1868
  31.  H 5 (s)    0.0049 -0.0553 -0.0401 -0.3959  0.0049 -0.0553 -0.0472 -0.3957
  32.  H 5 (pz)   0.0473  0.0131  0.0016 -0.0245  0.0473  0.0131 -0.0045  0.0495
  33.  H 5 (px)  -0.0001 -0.0011  0.0030  0.0220 -0.0001 -0.0011  0.0034  0.0218
  34.  H 5 (py)  -0.0272  0.0198 -0.0053  0.0437  0.0272 -0.0198  0.0000  0.0000

          AO        25      26      27      28      29      30      31      32
      ---------- ------- ------- ------- ------- ------- ------- ------- -------
   1.  C 1 (s)    0.0000  0.1127 -0.0667  0.0000 -0.0017  0.1125  0.1663  0.1663
   2.  C 1 (s)    0.0000 -0.7021  0.6711  0.0000  0.0137 -0.7001 -0.6813 -0.6813
   3.  C 1 (s)    0.0000 -1.2674 -1.6007  0.0000 -0.0093 -1.2723 -0.1079 -0.1079
   4.  C 1 (pz)   0.0000  0.7496 -0.0015  0.0000  0.1208  0.0010 -0.3483 -0.3483
   5.  C 1 (px)   0.0000  0.2652  0.4333  0.0000  0.0117 -0.7938  0.2465  0.2465
   6.  C 1 (py)  -0.1207  0.0000  0.0000 -0.1207  0.0000  0.0000 -0.6032  0.6032
   7.  C 1 (pz)   0.0000  0.7406 -0.0087  0.0000  0.7118  0.0057 -0.2042 -0.2042
   8.  C 1 (px)   0.0000  0.2633 -0.8483  0.0000 -0.0040 -0.7886  0.1437  0.1437
   9.  C 1 (py)  -0.7119  0.0000  0.0000 -0.7119  0.0000  0.0000 -0.3539  0.3539
  10.  C 1 (d5)   0.0000 -0.3613 -0.0841  0.0000 -0.0366  0.2164  0.0047  0.0047
  11.  C 1 (d2)   0.0000 -0.2364 -0.0023  0.0000  0.1882  0.0015  0.0077  0.0077
  12.  C 1 (d3)   0.1644  0.0000  0.0000 -0.0390  0.0000  0.0000 -0.0188  0.0188
  13.  C 1 (d4)   0.0000 -0.0418  0.1467  0.0000 -0.0147 -0.3754  0.0135  0.0135
  14.  C 1 (d1)   0.0995  0.0000  0.0000 -0.1882  0.0000  0.0000  0.0133 -0.0133
  15.  H 2 (s)    0.1615  0.0638 -0.0219  0.1615 -0.0940  0.0628  1.1496 -0.0050
  16.  H 2 (s)    0.3424 -0.0472 -0.0476  0.3424 -0.1979 -0.0493  0.2471 -0.0092
  17.  H 2 (pz)  -0.0524 -0.0212  0.0028 -0.0253 -0.0397  0.0031 -0.0199 -0.0011
  18.  H 2 (px)   0.0083 -0.0112  0.0029  0.0466 -0.0271  0.0235  0.0139  0.0008
  19.  H 2 (py)   0.0106  0.0058  0.0037  0.0106  0.0253  0.0061 -0.0346  0.0031
  20.  H 3 (s)   -0.1615  0.0638 -0.0219 -0.1615 -0.0940  0.0628 -0.0050  1.1496
  21.  H 3 (s)   -0.3424 -0.0472 -0.0476 -0.3424 -0.1979 -0.0493 -0.0092  0.2471
  22.  H 3 (pz)   0.0524 -0.0212  0.0028  0.0253 -0.0397  0.0031 -0.0011 -0.0199
  23.  H 3 (px)  -0.0083 -0.0112  0.0029 -0.0466 -0.0271  0.0235  0.0008  0.0139
  24.  H 3 (py)   0.0106 -0.0058 -0.0037  0.0106 -0.0253 -0.0061 -0.0031  0.0346
  25.  H 4 (s)    0.0000  0.4954 -0.0251  0.0000  0.1857  0.0652 -0.0050 -0.0050
  26.  H 4 (s)    0.0000  1.7462 -0.0549  0.0000  0.3951 -0.0446 -0.0091 -0.0091
  27.  H 4 (pz)   0.0000  1.4444 -0.0047  0.0000  0.0040 -0.0068 -0.0022 -0.0022
  28.  H 4 (px)   0.0000  0.5083  0.0020  0.0000  0.0538  0.0242  0.0008  0.0008
  29.  H 4 (py)   1.1348  0.0000  0.0000  0.0545  0.0000  0.0000 -0.0026  0.0026
  30.  H 5 (s)    0.0000  0.0634 -0.9748  0.0000 -0.0158  0.4928 -0.0048 -0.0048
  31.  H 5 (s)    0.0000 -0.0484  2.4236  0.0000  0.0153  1.7535 -0.0087 -0.0087
  32.  H 5 (pz)   0.0000 -0.0246  0.0138  0.0000 -1.1347 -0.0091 -0.0015 -0.0015
  33.  H 5 (px)   0.0000 -0.0015  0.5381  0.0000  0.0188 -1.5296  0.0018  0.0018
  34.  H 5 (py)   0.0545  0.0000  0.0000  1.1349  0.0000  0.0000 -0.0026  0.0026

          AO        33      34
      ---------- ------- -------
   1.  C 1 (s)    0.1663  0.1661
   2.  C 1 (s)   -0.6818 -0.6796
   3.  C 1 (s)   -0.1059 -0.1120
   4.  C 1 (pz)   0.6967  0.0000
   5.  C 1 (px)   0.2465 -0.7393
   6.  C 1 (py)   0.0000  0.0000
   7.  C 1 (pz)   0.4076 -0.0001
   8.  C 1 (px)   0.1435 -0.4316
   9.  C 1 (py)   0.0000  0.0000
  10.  C 1 (d5)  -0.0234  0.0140
  11.  C 1 (d2)  -0.0154  0.0001
  12.  C 1 (d3)   0.0000  0.0000
  13.  C 1 (d4)  -0.0028 -0.0243
  14.  C 1 (d1)   0.0000  0.0000
  15.  H 2 (s)   -0.0050 -0.0044
  16.  H 2 (s)   -0.0092 -0.0077
  17.  H 2 (pz)   0.0033  0.0003
  18.  H 2 (px)   0.0008 -0.0034
  19.  H 2 (py)   0.0006  0.0006
  20.  H 3 (s)   -0.0050 -0.0044
  21.  H 3 (s)   -0.0092 -0.0077
  22.  H 3 (pz)   0.0033  0.0003
  23.  H 3 (px)   0.0008 -0.0034
  24.  H 3 (py)  -0.0006 -0.0006
  25.  H 4 (s)    1.1503 -0.0044
  26.  H 4 (s)    0.2443 -0.0077
  27.  H 4 (pz)   0.0400 -0.0007
  28.  H 4 (px)   0.0139 -0.0034
  29.  H 4 (py)   0.0000  0.0000
  30.  H 5 (s)   -0.0047  1.1509
  31.  H 5 (s)   -0.0088  0.2445
  32.  H 5 (pz)   0.0030 -0.0001
  33.  H 5 (px)   0.0017 -0.0422
  34.  H 5 (py)   0.0000  0.0000


 SECOND ORDER PERTURBATION THEORY ANALYSIS OF FOCK MATRIX IN NBO BASIS

     Threshold for printing:   0.50 kcal/mol
                                                          E(2)  E(j)-E(i) F(i,j)
      Donor NBO (i)              Acceptor NBO (j)       kcal/mol   a.u.    a.u. 
 ===============================================================================

 within unit  1
   5. CR ( 1) C 1            15. RY*( 1) H 2              0.80   10.37    0.081
   5. CR ( 1) C 1            19. RY*( 1) H 3              0.80   10.37    0.081
   5. CR ( 1) C 1            23. RY*( 1) H 4              0.80   10.37    0.081
   5. CR ( 1) C 1            27. RY*( 1) H 5              0.81   10.38    0.082


 NATURAL BOND ORBITALS (Summary):

                                                     Principal Delocalizations
           NBO                 Occupancy    Energy   (geminal,vicinal,remote)
 ===============================================================================
 Molecular unit  1  (CH4)
   1. BD ( 1) C  1- H  2        1.99872    -0.43951
   2. BD ( 1) C  1- H  3        1.99872    -0.43951
   3. BD ( 1) C  1- H  4        1.99874    -0.43935
   4. BD ( 1) C  1- H  5        1.99877    -0.43962
   5. CR ( 1) C  1              1.99934    -9.76665   27(v),23(v),15(v),19(v)
   6. RY*( 1) C  1              0.00000     0.72622
   7. RY*( 2) C  1              0.00000     0.49440
   8. RY*( 3) C  1              0.00000     0.48756
   9. RY*( 4) C  1              0.00000     0.49011
  10. RY*( 5) C  1              0.00000     2.10486
  11. RY*( 6) C  1              0.00000     2.10678
  12. RY*( 7) C  1              0.00000     2.23181
  13. RY*( 8) C  1              0.00000     2.32720
  14. RY*( 9) C  1              0.00000     2.26369
  15. RY*( 1) H  2              0.00064     0.60246
  16. RY*( 2) H  2              0.00017     1.64670
  17. RY*( 3) H  2              0.00017     1.64671
  18. RY*( 4) H  2              0.00000     2.06971
  19. RY*( 1) H  3              0.00064     0.60246
  20. RY*( 2) H  3              0.00017     1.64670
  21. RY*( 3) H  3              0.00017     1.64671
  22. RY*( 4) H  3              0.00000     2.06971
  23. RY*( 1) H  4              0.00064     0.60369
  24. RY*( 2) H  4              0.00017     1.64636
  25. RY*( 3) H  4              0.00017     1.64495
  26. RY*( 4) H  4              0.00000     2.06902
  27. RY*( 1) H  5              0.00063     0.61098
  28. RY*( 2) H  5              0.00017     1.64543
  29. RY*( 3) H  5              0.00017     1.64552
  30. RY*( 4) H  5              0.00000     2.06665
  31. BD*( 1) C  1- H  2        0.00045     0.42319
  32. BD*( 1) C  1- H  3        0.00045     0.42319
  33. BD*( 1) C  1- H  4        0.00045     0.42386
  34. BD*( 1) C  1- H  5        0.00046     0.42432
          -------------------------------
                 Total Lewis    9.99430  ( 99.9430%)
           Valence non-Lewis    0.00181  (  0.0181%)
           Rydberg non-Lewis    0.00389  (  0.0389%)
          -------------------------------
               Total unit  1   10.00000  (100.0000%)
              Charge unit  1    0.00000


 NATURAL LOCALIZED MOLECULAR ORBITAL (NLMO) ANALYSIS:

 Maximum off-diagonal element of DM in NLMO basis:  0.46121D-08

 Hybridization/Polarization Analysis of NLMOs in NAO Basis:
 NLMO/Occupancy/Percent from Parent NBO/ Atomic Hybrid Contributions
 -------------------------------------------------------------------------------
   1. (2.00000)  99.9361%  BD ( 1) C  1- H  2       
                          60.905%  C  1 s( 23.96%)p 3.17( 76.00%)d 0.00(  0.04%)
                          39.040%  H  2 s( 99.92%)p 0.00(  0.08%)
                           0.019%  H  3 s( 65.47%)p 0.53( 34.53%)
                           0.018%  H  4 s( 63.70%)p 0.57( 36.30%)
                           0.018%  H  5 s( 62.72%)p 0.59( 37.28%)
   2. (2.00000)  99.9361%  BD ( 1) C  1- H  3       
                          60.905%  C  1 s( 23.96%)p 3.17( 76.00%)d 0.00(  0.04%)
                           0.019%  H  2 s( 65.47%)p 0.53( 34.53%)
                          39.040%  H  3 s( 99.92%)p 0.00(  0.08%)
                           0.018%  H  4 s( 63.70%)p 0.57( 36.30%)
                           0.018%  H  5 s( 62.72%)p 0.59( 37.28%)
   3. (2.00000)  99.9372%  BD ( 1) C  1- H  4       
                          60.908%  C  1 s( 23.95%)p 3.17( 76.01%)d 0.00(  0.04%)
                           0.018%  H  2 s( 62.66%)p 0.60( 37.34%)
                           0.018%  H  3 s( 62.66%)p 0.60( 37.34%)
                          39.038%  H  4 s( 99.91%)p 0.00(  0.09%)
                           0.018%  H  5 s( 63.18%)p 0.58( 36.82%)
   4. (2.00000)  99.9387%  BD ( 1) C  1- H  5       
                          60.886%  C  1 s( 23.91%)p 3.18( 76.06%)d 0.00(  0.04%)
                           0.017%  H  2 s( 61.99%)p 0.61( 38.01%)
                           0.017%  H  3 s( 61.99%)p 0.61( 38.01%)
                           0.018%  H  4 s( 63.38%)p 0.58( 36.62%)
                          39.062%  H  5 s( 99.92%)p 0.00(  0.08%)
   5. (2.00000)  99.9668%  CR ( 1) C  1             
                          99.967%  C  1 s(100.00%)p 0.00(  0.00%)d 0.00(  0.00%)
