 *******************************************************************************
 **                            MOPAC 93 (c) Fujitsu                           **
 *******************************************************************************

                                 AM1 CALCULATION RESULTS


 *******************************************************************************
 *                   MOPAC  93.00               CALC'D. Mon May 31 20:29:07 2004
 *   T=      - A TIME OF   600.000 SECONDS REQUESTED
 *  DUMP=N   - RESTART FILE WRITTEN EVERY  3600.000 SECONDS
 *  AM1      - THE AM1 HAMILTONIAN TO BE USED
 *  NOINTER  - INTERATOMIC DISTANCES NOT TO BE PRINTED
 ***********************************************************************050BY050
 AM1 NOINTER T=600
 benzene
 

    ATOM   CHEMICAL  BOND LENGTH    BOND ANGLE     TWIST ANGLE
   NUMBER  SYMBOL    (ANGSTROMS)     (DEGREES)      (DEGREES)
    (I)                  NA:I          NB:NA:I      NC:NB:NA:I     NA   NB   NC

      1      C       
      2      C         1.39516  *                                  1
      3      C         1.39471  *     120.00863  *                 2    1
      4      C         1.39543  *     119.99416  *   -0.05684  *   3    2    1
      5      C         1.39482  *     119.99399  *    0.03411  *   4    3    2
      6      C         1.39483  *     119.99846  *    0.03235  *   1    2    3
      7      H         1.09961  *     119.99722  * -179.97293  *   1    2    3
      8      C         1.45000  *     119.98077  *  179.95325  *   2    1    6
      9      N         1.44000  *     120.01279  *  179.96185  *   3    2    1
     10      H         1.09968  *     119.98114  * -179.99644  *   4    3    2
     11      H         1.09976  *     120.01134  * -179.99951  *   5    4    3
     12      H         1.09960  *     120.00800  *  179.98917  *   6    1    2
     13      H         1.00800  *     109.47100  *  180.00000  *   9    3    2
     14      H         1.00800  *     109.47100  *  120.00000  *   9    3   13
     15      C         1.40000  *     120.00000  *  180.00000  *   8    2    1
     16      C         1.40000  *     120.00000  *  180.00000  *  15    8    2
     17      C         1.40000  *     120.00000  *    0.00000  *  16   15    8
     18      C         1.40000  *     120.00000  *    0.00000  *  17   16   15
     19      C         1.40000  *     120.00000  *    0.00000  *  18   17   16
     20      H         1.08900  *     120.00000  *  180.00000  *  15    8   16
     21      H         1.08900  *     120.00000  *  180.00000  *  16   15   17
     22      H         1.08900  *     120.00000  *  180.00000  *  17   16   18
     23      H         1.08900  *     120.00000  *  180.00000  *  18   17   16
     24      H         1.08900  *     120.00000  *  180.00000  *  19   18   17


          CARTESIAN COORDINATES 

    NO.       ATOM         X         Y         Z

     1         C        0.0000    0.0000    0.0000
     2         C        1.3952    0.0000    0.0000
     3         C        2.0927    1.2078    0.0000
     4         C        1.3950    2.4163   -0.0012
     5         C        0.0002    2.4162   -0.0017
     6         C       -0.6974    1.2080   -0.0007
     7         H       -0.5498   -0.9523    0.0004
     8         C        2.1197   -1.2560    0.0017
     9         N        3.5327    1.2079    0.0008
    10         H        1.9452    3.3684   -0.0013
    11         H       -0.5499    3.3685   -0.0026
    12         H       -1.7970    1.2082   -0.0009
    13         H        3.8686    2.1582    0.0007
    14         H        3.8683    0.7330    0.8242
    15         C        3.5197   -1.2564    0.0017
    16         C        4.2193   -2.4691    0.0034
    17         C        3.5189   -3.6813    0.0051
    18         C        2.1189   -3.6808    0.0051
    19         C        1.4193   -2.4682    0.0034
    20         H        4.0646   -0.3135    0.0004
    21         H        5.3083   -2.4695    0.0034
    22         H        4.0631   -4.6246    0.0064
    23         H        1.5741   -4.6238    0.0064
    24         H        0.3303   -2.4678    0.0034
  H: (AM1): M.J.S. DEWAR ET AL, J. AM. CHEM. SOC. 107 3902-3909 (1985)          
  C: (AM1): M.J.S. DEWAR ET AL, J. AM. CHEM. SOC. 107 3902-3909 (1985)          
  N: (AM1): M.J.S. DEWAR ET AL, J. AM. CHEM. SOC. 107 3902-3909 (1985)          


      MOLECULAR POINT GROUP   :   C1  


      RHF CALCULATION, NO. OF DOUBLY OCCUPIED LEVELS = 32
 CYCLE:   1 TIME:   0.219 TIME LEFT:  599.64 GRAD.:   409.566 HEAT: 69.70936    
 CYCLE:   2 TIME:   0.140 TIME LEFT:  599.50 GRAD.:   176.394 HEAT: 63.44744    
 CYCLE:   3 TIME:   0.088 TIME LEFT:  599.41 GRAD.:   188.873 HEAT: 63.33228    
 CYCLE:   4 TIME:   0.085 TIME LEFT:  599.33 GRAD.:    57.793 HEAT: 58.67448    
 CYCLE:   5 TIME:   0.118 TIME LEFT:  599.21 GRAD.:    39.896 HEAT: 57.78208    
 CYCLE:   6 TIME:   0.081 TIME LEFT:  599.13 GRAD.:    34.797 HEAT: 57.39773    
 CYCLE:   7 TIME:   0.114 TIME LEFT:  599.02 GRAD.:    36.019 HEAT: 56.70055    
 CYCLE:   8 TIME:   0.086 TIME LEFT:  598.93 GRAD.:    38.619 HEAT: 56.30061    
 CYCLE:   9 TIME:   0.086 TIME LEFT:  598.85 GRAD.:    30.858 HEAT: 55.69068    
 CYCLE:  10 TIME:   0.086 TIME LEFT:  598.76 GRAD.:    33.884 HEAT: 55.14855    
 CYCLE:  11 TIME:   0.090 TIME LEFT:  598.67 GRAD.:    52.506 HEAT: 54.19462    
 CYCLE:  12 TIME:   0.086 TIME LEFT:  598.58 GRAD.:    49.581 HEAT: 53.15917    
 CYCLE:  13 TIME:   0.086 TIME LEFT:  598.50 GRAD.:    41.337 HEAT: 52.23950    
 CYCLE:  14 TIME:   0.086 TIME LEFT:  598.41 GRAD.:    41.886 HEAT: 51.40052    
 CYCLE:  15 TIME:   0.086 TIME LEFT:  598.33 GRAD.:    41.879 HEAT: 50.47272    
 CYCLE:  16 TIME:   0.086 TIME LEFT:  598.24 GRAD.:    35.972 HEAT: 49.39489    
 CYCLE:  17 TIME:   0.095 TIME LEFT:  598.14 GRAD.:    31.520 HEAT: 48.38234    
 CYCLE:  18 TIME:   0.081 TIME LEFT:  598.06 GRAD.:    25.723 HEAT: 47.92179    
 CYCLE:  19 TIME:   0.086 TIME LEFT:  597.98 GRAD.:    23.243 HEAT: 47.53748    
 CYCLE:  20 TIME:   0.081 TIME LEFT:  597.90 GRAD.:    19.975 HEAT: 47.33365    
 CYCLE:  21 TIME:   0.081 TIME LEFT:  597.82 GRAD.:    17.598 HEAT: 47.14706    
 CYCLE:  22 TIME:   0.081 TIME LEFT:  597.74 GRAD.:    14.199 HEAT: 47.00476    
 CYCLE:  23 TIME:   0.081 TIME LEFT:  597.65 GRAD.:    13.242 HEAT: 46.84024    
 CYCLE:  24 TIME:   0.077 TIME LEFT:  597.58 GRAD.:    10.506 HEAT: 46.77008    
 CYCLE:  25 TIME:   0.081 TIME LEFT:  597.50 GRAD.:    11.612 HEAT: 46.69600    
 CYCLE:  26 TIME:   0.106 TIME LEFT:  597.39 GRAD.:     8.510 HEAT: 46.60323    
 TEST ON GRADIENT SATISFIED
                    HOWEVER, A COMPONENT OF GRADIENT IS LARGER THAN  1.00

 CYCLE:  27 TIME:   0.106 TIME LEFT:  597.29 GRAD.:     7.729 HEAT: 46.52676    
 CYCLE:  28 TIME:   0.106 TIME LEFT:  597.18 GRAD.:    10.679 HEAT: 46.46206    
 TEST ON GRADIENT SATISFIED
                    HOWEVER, A COMPONENT OF GRADIENT IS LARGER THAN  1.00

 CYCLE:  29 TIME:   0.106 TIME LEFT:  597.07 GRAD.:     7.010 HEAT: 46.41350    
 TEST ON X SATISFIED
                    HOWEVER, A COMPONENT OF GRADIENT IS LARGER THAN  1.00

 CYCLE:  30 TIME:   0.191 TIME LEFT:  596.88 GRAD.:    10.940 HEAT: 46.41167    
 HEAT OF FORMATION TEST SATISFIED
                    HOWEVER, A COMPONENT OF GRADIENT IS LARGER THAN  1.00

 CYCLE:  31 TIME:   0.116 TIME LEFT:  596.77 GRAD.:    14.607 HEAT: 46.41079    
 HEAT OF FORMATION TEST SATISFIED
                    HOWEVER, A COMPONENT OF GRADIENT IS LARGER THAN  1.00

           THERE HAVE BEEN 3 ATTEMPTS TO REDUCE THE GRADIENT.
           DURING THESE ATTEMPTS THE ENERGY DROPPED BY LESS THAN 0.3 KCAL/MOLE
           FURTHER CALCULATION IS NOT JUSTIFIED AT THIS TIME.
           TO CONTINUE, START AGAIN WITH THE WORD "PRECISE"

 -------------------------------------------------------------------------------
 AM1 NOINTER T=600
 benzene
 


     GRADIENT TEST NOT PASSED, BUT FURTHER WORK NOT JUSTIFIED 
     SCF FIELD WAS ACHIEVED                                   


                                AM1    CALCULATION
                                                       MOPAC 93.00
                                                       Mon May 31 20:29:11 2004




          FINAL HEAT OF FORMATION =         46.40950 KCAL =    194.17736 KJ


          TOTAL ENERGY            =      -1894.22446 EV
          ELECTRONIC ENERGY       =     -10549.03145 EV  POINT GROUP:     C1  
          CORE-CORE REPULSION     =       8654.80699 EV

          GRADIENT NORM           =         20.72113
          IONIZATION POTENTIAL    =          8.32956
          NO. OF FILLED LEVELS    =         32
          MOLECULAR WEIGHT        =    169.226


          SCF CALCULATIONS  =               47
          COMPUTATION TIME =   3.418 SECONDS



       FINAL  POINT  AND  DERIVATIVES

   PARAMETER     ATOM    TYPE            VALUE       GRADIENT
      1          2  C    BOND            1.399031     1.208449  KCAL/ANGSTROM
      2          3  C    BOND            1.426322     6.503412  KCAL/ANGSTROM
      3          3  C    ANGLE         119.322833     4.233984  KCAL/RADIAN  
      4          4  C    BOND            1.417403     1.613985  KCAL/ANGSTROM
      5          4  C    ANGLE         118.430512     4.312098  KCAL/RADIAN  
      6          4  C    DIHEDRAL       -2.131499    -0.543842  KCAL/RADIAN  
      7          5  C    BOND            1.388031     0.084785  KCAL/ANGSTROM
      8          5  C    ANGLE         120.763465     2.261734  KCAL/RADIAN  
      9          5  C    DIHEDRAL        0.470205    -0.243131  KCAL/RADIAN  
     10          6  C    BOND            1.390289    -1.314616  KCAL/ANGSTROM
     11          6  C    ANGLE         121.352721     1.933422  KCAL/RADIAN  
     12          6  C    DIHEDRAL        2.344203    -0.437498  KCAL/RADIAN  
     13          7  H    BOND            1.101753     0.138900  KCAL/ANGSTROM
     14          7  H    ANGLE         118.642351    -0.343285  KCAL/RADIAN  
     15          7  H    DIHEDRAL     -178.607305     0.002864  KCAL/RADIAN  
     16          8  C    BOND            1.462653    -0.670906  KCAL/ANGSTROM
     17          8  C    ANGLE         119.059198     0.176698  KCAL/RADIAN  
     18          8  C    DIHEDRAL      181.499411     0.885640  KCAL/RADIAN  
     19          9  N    BOND            1.390833    -0.312219  KCAL/ANGSTROM
     20          9  N    ANGLE         121.230328    -0.107255  KCAL/RADIAN  
     21          9  N    DIHEDRAL      180.178601    -1.800775  KCAL/RADIAN  
     22         10  H    BOND            1.100350     0.048008  KCAL/ANGSTROM
     23         10  H    ANGLE         119.653989    -0.404275  KCAL/RADIAN  
     24         10  H    DIHEDRAL     -179.267103    -0.021174  KCAL/RADIAN  
     25         11  H    BOND            1.100482     0.076001  KCAL/ANGSTROM
     26         11  H    ANGLE         119.516330    -0.166490  KCAL/RADIAN  
     27         11  H    DIHEDRAL     -179.432619    -0.012092  KCAL/RADIAN  
     28         12  H    BOND            1.098627     0.000014  KCAL/ANGSTROM
     29         12  H    ANGLE         120.159518    -0.110534  KCAL/RADIAN  
     30         12  H    DIHEDRAL      179.230058     0.050618  KCAL/RADIAN  
     31         13  H    BOND            0.992975     0.198117  KCAL/ANGSTROM
     32         13  H    ANGLE         115.694530    -0.179983  KCAL/RADIAN  
     33         13  H    DIHEDRAL      195.707074    -1.380067  KCAL/RADIAN  
     34         14  H    BOND            0.993549    -0.239750  KCAL/ANGSTROM
     35         14  H    ANGLE         116.245684     0.570057  KCAL/RADIAN  
     36         14  H    DIHEDRAL      140.449115     0.220267  KCAL/RADIAN  
     37         15  C    BOND            1.401020     0.897802  KCAL/ANGSTROM
     38         15  C    ANGLE         120.769692    -1.035438  KCAL/RADIAN  
     39         15  C    DIHEDRAL      126.142790     0.507934  KCAL/RADIAN  
     40         16  C    BOND            1.396562     0.497916  KCAL/ANGSTROM
     41         16  C    ANGLE         120.365406    -3.896254  KCAL/RADIAN  
     42         16  C    DIHEDRAL      180.885135     0.212055  KCAL/RADIAN  
     43         17  C    BOND            1.394335    -5.000822  KCAL/ANGSTROM
     44         17  C    ANGLE         120.270853   -10.944862  KCAL/RADIAN  
     45         17  C    DIHEDRAL        0.099706    -0.263128  KCAL/RADIAN  
     46         18  C    BOND            1.395404    -1.288120  KCAL/ANGSTROM
     47         18  C    ANGLE         119.368432   -11.928612  KCAL/RADIAN  
     48         18  C    DIHEDRAL        0.374306    -0.319374  KCAL/RADIAN  
     49         19  C    BOND            1.392822     2.202216  KCAL/ANGSTROM
     50         19  C    ANGLE         120.656695    -3.388821  KCAL/RADIAN  
     51         19  C    DIHEDRAL       -0.436161    -0.489934  KCAL/RADIAN  
     52         20  H    BOND            1.099986    -0.749228  KCAL/ANGSTROM
     53         20  H    ANGLE         120.526192     1.696816  KCAL/RADIAN  
     54         20  H    DIHEDRAL      179.873390     0.769706  KCAL/RADIAN  
     55         21  H    BOND            1.099793    -0.041934  KCAL/ANGSTROM
     56         21  H    ANGLE         119.569454    -0.245482  KCAL/RADIAN  
     57         21  H    DIHEDRAL      179.967860     0.155983  KCAL/RADIAN  
     58         22  H    BOND            1.098995    -0.085591  KCAL/ANGSTROM
     59         22  H    ANGLE         120.447793     0.174706  KCAL/RADIAN  
     60         22  H    DIHEDRAL      179.621187    -0.043319  KCAL/RADIAN  
     61         23  H    BOND            1.100281    -0.057620  KCAL/ANGSTROM
     62         23  H    ANGLE         119.676528    -0.168447  KCAL/RADIAN  
     63         23  H    DIHEDRAL      179.558757    -0.069952  KCAL/RADIAN  
     64         24  H    BOND            1.100568     0.168954  KCAL/ANGSTROM
     65         24  H    ANGLE         120.438003     0.778640  KCAL/RADIAN  
     66         24  H    DIHEDRAL      179.739482    -0.196044  KCAL/RADIAN  





    ATOM   CHEMICAL  BOND LENGTH    BOND ANGLE     TWIST ANGLE
   NUMBER  SYMBOL    (ANGSTROMS)     (DEGREES)      (DEGREES)
    (I)                  NA:I          NB:NA:I      NC:NB:NA:I     NA   NB   NC

      1      C       
      2      C         1.39903  *                                  1
      3      C         1.42632  *     119.32283  *                 2    1
      4      C         1.41740  *     118.43051  *   -2.13150  *   3    2    1
      5      C         1.38803  *     120.76347  *    0.47020  *   4    3    2
      6      C         1.39029  *     121.35272  *    2.34420  *   1    2    3
      7      H         1.10175  *     118.64235  * -178.60731  *   1    2    3
      8      C         1.46265  *     119.05920  * -178.50059  *   2    1    6
      9      N         1.39083  *     121.23033  * -179.82140  *   3    2    1
     10      H         1.10035  *     119.65399  * -179.26710  *   4    3    2
     11      H         1.10048  *     119.51633  * -179.43262  *   5    4    3
     12      H         1.09863  *     120.15952  *  179.23006  *   6    1    2
     13      H         0.99298  *     115.69453  * -164.29293  *   9    3    2
     14      H         0.99355  *     116.24568  *  140.44911  *   9    3   13
     15      C         1.40102  *     120.76969  *  126.14279  *   8    2    1
     16      C         1.39656  *     120.36541  * -179.11486  *  15    8    2
     17      C         1.39433  *     120.27085  *    0.09971  *  16   15    8
     18      C         1.39540  *     119.36843  *    0.37431  *  17   16   15
     19      C         1.39282  *     120.65669  *   -0.43616  *  18   17   16
     20      H         1.09999  *     120.52619  *  179.87339  *  15    8   16
     21      H         1.09979  *     119.56945  *  179.96786  *  16   15   17
     22      H         1.09900  *     120.44779  *  179.62119  *  17   16   18
     23      H         1.10028  *     119.67653  *  179.55876  *  18   17   16
     24      H         1.10057  *     120.43800  *  179.73948  *  19   18   17


      MOLECULAR POINT GROUP   :   C1  


                  EIGENVALUES

 -40.36141 -38.61347 -35.29241 -33.28397 -31.36677 -29.98507 -28.74154 -24.18842
 -23.45716 -22.44535 -21.53388 -18.16002 -17.52781 -17.43272 -16.61599 -15.64021
 -15.45725 -14.68529 -14.57662 -14.16939 -14.07712 -13.78288 -13.26062 -12.65814
 -12.17160 -11.85041 -11.70680 -11.49437 -10.05735  -9.66456  -9.20576  -8.32956
   0.12457   0.54764   0.68544   0.87314   2.82503   2.92760   3.13679   3.79257
   3.95577   4.03604   4.08661   4.15949   4.19839   4.43782   4.50215   4.51979
   4.64641   4.85787   5.00549   5.10982   5.14716   5.30675   5.51981   5.62356
   5.66249   5.75343   5.82987   5.92846   6.12161   6.39811   6.43466


              NET ATOMIC CHARGES AND DIPOLE CONTRIBUTIONS

         ATOM NO.   TYPE          CHARGE        ATOM  ELECTRON DENSITY
           1          C          -0.077432        4.0774
           2          C          -0.111917        4.1119
           3          C           0.092081        3.9079
           4          C          -0.204421        4.2044
           5          C          -0.084661        4.0847
           6          C          -0.180980        4.1810
           7          H           0.133333        0.8667
           8          C          -0.034151        4.0342
           9          N          -0.353814        5.3538
          10          H           0.129968        0.8700
          11          H           0.129223        0.8708
          12          H           0.131980        0.8680
          13          H           0.194938        0.8051
          14          H           0.205702        0.7943
          15          C          -0.122959        4.1230
          16          C          -0.134518        4.1345
          17          C          -0.130278        4.1303
          18          C          -0.133016        4.1330
          19          C          -0.123079        4.1231
          20          H           0.145492        0.8545
          21          H           0.131384        0.8686
          22          H           0.131582        0.8684
          23          H           0.129837        0.8702
          24          H           0.135710        0.8643
 DIPOLE           X         Y         Z       TOTAL
 POINT-CHG.     0.767     0.204     0.467     0.920
 HYBRID         0.214     0.042     0.632     0.669
 SUM            0.981     0.246     1.099     1.493


          CARTESIAN COORDINATES 

    NO.       ATOM               X         Y         Z

     1         C                  0.0000    0.0000    0.0000
     2         C                  1.3990    0.0000    0.0000
     3         C                  2.0975    1.2436    0.0000
     4         C                  1.3420    2.4419   -0.0464
     5         C                 -0.0451    2.4058   -0.0809
     6         C                 -0.7234    1.1863   -0.0486
     7         H                 -0.5281   -0.9666    0.0235
     8         C                  2.1095   -1.2784    0.0189
     9         N                  3.4876    1.2899   -0.0037
    10         H                  1.8606    3.4123   -0.0595
    11         H                 -0.6111    3.3485   -0.1262
    12         H                 -1.8217    1.1629   -0.0604
    13         H                  3.8899    2.1647    0.2388
    14         H                  3.9548    0.4893    0.3540
    15         C                  3.0782   -1.5744   -0.9490
    16         C                  3.7383   -2.8050   -0.9340
    17         C                  3.4374   -3.7520    0.0442
    18         C                  2.4655   -3.4613    1.0023
    19         C                  1.8042   -2.2354    0.9938
    20         H                  3.3279   -0.8428   -1.7316
    21         H                  4.4973   -3.0232   -1.6994
    22         H                  3.9550   -4.7214    0.0587
    23         H                  2.2188   -4.2077    1.7720
    24         H                  1.0352   -2.0115    1.7486


          ATOMIC ORBITAL ELECTRON POPULATIONS

   1.21608   0.91987   0.97702   0.96446   1.18356   0.92596   0.89701   1.10540
   1.19365   0.85105   0.92591   0.93731   1.21565   0.93773   0.95273   1.09830
   1.21500   0.93153   0.97230   0.96583   1.21470   0.98823   0.91813   1.05992
   0.86667   1.18411   0.96484   0.93084   0.95436   1.49159   1.04757   1.10161
   1.71303   0.87003   0.87078   0.86802   0.80506   0.79430   1.22137   0.95709
   0.96538   0.97911   1.21923   0.99590   0.93646   0.98293   1.21872   0.97569
   0.98596   0.94991   1.21777   0.96602   0.96361   0.98562   1.21925   0.99416
   0.92993   0.97975   0.85451   0.86862   0.86842   0.87016   0.86429



 TOTAL CPU TIME:             3.43 SECONDS

 == MOPAC DONE ==
 JOB FINISHED
