 *******************************************************************************
 **  MOPAC: Public Domain Version              Written by James J. P. Stewart **
 *******************************************************************************

                                 PM3 CALCULATION RESULTS


 *******************************************************************************
 *                   MOPAC   7.10               CALC'D. Mon Mar 14 07:20:12 2011
 *  MMOK     - APPLY MM CORRECTION TO CONH BARRIER
 *
 *
 *
 *                 CHARGE ON SYSTEM =    -1
 *
 *
 *
 *   T=      - A TIME OF  3600.000 SECONDS REQUESTED
 *  DUMP=N   - RESTART FILE WRITTEN EVERY  3600.000 SECONDS
 *  FORCE    - FORCE CALCULATION SPECIFIED
 *  PM3      - THE PM3 HAMILTONIAN TO BE USED
 *******************************************************************************
 CHARGE=-1 FORCE PM3 MMOK
 Input file created by Schrodinger MOPAC python module.
 

    ATOM   CHEMICAL  BOND LENGTH    BOND ANGLE     TWIST ANGLE
   NUMBER  SYMBOL    (ANGSTROMS)     (DEGREES)      (DEGREES)
    (I)                  NA:I          NB:NA:I      NC:NB:NA:I     NA   NB   NC

      1     Cl       
      2      O         1.49873  *                                  1
      3      O         1.49873  *     109.47122  *                 1    2
      4      O         1.49873  *     109.47122  *  120.00000  *   1    2    3
      5      O         1.49873  *     109.47122  * -120.00000  *   1    2    3


          CARTESIAN COORDINATES 

    NO.       ATOM         X         Y         Z

     1        Cl        0.0000    0.0000    0.0000
     2         O        1.4987    0.0000    0.0000
     3         O       -0.4996    1.4130    0.0000
     4         O       -0.4996   -0.7065   -1.2237
     5         O       -0.4996   -0.7065    1.2237
  
  O: (PM3): J. J. P. STEWART, J. COMP. CHEM. 10, 209 (1989).                    
 Cl: (PM3): J. J. P. STEWART, J. COMP. CHEM. 10, 209 (1989).                    


      MOLECULAR POINT GROUP   :   Td  


      RHF CALCULATION, NO. OF DOUBLY OCCUPIED LEVELS =    16


            INTERATOMIC DISTANCES


                 Cl  1       O  2       O  3       O  4       O  5
 ------------------------------------------------------------------
    Cl    1   0.000000
     O    2   1.498726   0.000000
     O    3   1.498726   2.447410   0.000000
     O    4   1.498726   2.447410   2.447410   0.000000
     O    5   1.498726   2.447410   2.447410   2.447410   0.000000


          HEAT OF FORMATION = -125.005534 KCALS/MOLE


          INTERNAL COORDINATE DERIVATIVES

   NUMBER  ATOM       BOND         ANGLE      DIHEDRAL

     1      Cl
     2       O     38.026309
     3       O     38.026218    -0.000389
     4       O     37.977366     0.026569    -0.126823
     5       O     38.075130    -0.026236    -0.126898


          GRADIENT NORM =  76.05276



 ** GRADIENT IS TOO LARGE TO ALLOW FORCE MATRIX TO BE CALCULATED, (LIMIT=10) **




           GEOMETRY WILL BE OPTIMIZED FIRST
               USING FLEPO
 CYCLE:   1 TIME:   0.000 TIME LEFT: 60.00M  GRAD.:    12.198 HEAT:-128.0864    
 CYCLE:   2 TIME:   0.000 TIME LEFT: 60.00M  GRAD.:     1.502 HEAT:-128.1489    
 HEAT OF FORMATION TEST SATISFIED
                    HOWEVER, A COMPONENT OF GRADIENT IS LARGER THAN  0.10

 CYCLE:   3 TIME:   0.000 TIME LEFT: 60.00M  GRAD.:     0.407 HEAT:-128.1498    


          HERBERTS TEST SATISFIED - GEOMETRY OPTIMIZED

 -------------------------------------------------------------------------------
 CHARGE=-1 FORCE PM3 MMOK
 Input file created by Schrodinger MOPAC python module.
 


     HERBERTS TEST WAS SATISFIED IN BFGS                      
     SCF FIELD WAS ACHIEVED                                   


                                PM3    CALCULATION
                                                       MOPAC  7.10
                                                       Mon Mar 14 07:20:12 2011




          FINAL HEAT OF FORMATION =       -128.14980 KCAL =   -536.17878 KJ


          TOTAL ENERGY            =      -1489.70891 EV
          ELECTRONIC ENERGY       =      -4159.20549 EV  POINT GROUP:     Td  
          CORE-CORE REPULSION     =       2669.49659 EV

          IONIZATION POTENTIAL    =          9.88465
          NO. OF FILLED LEVELS    =         16
          MOLECULAR WEIGHT        =     99.451

          MOLECULAR DIMENSIONS (Angstroms)

            Atom       Atom       Distance
            O     5    O     2     2.38418
            O     4    O     3     2.38326
            O     3    O     5     1.68491


          SCF CALCULATIONS  =                9
          COMPUTATION TIME =   0.062 SECONDS





    ATOM   CHEMICAL  BOND LENGTH    BOND ANGLE     TWIST ANGLE
   NUMBER  SYMBOL    (ANGSTROMS)     (DEGREES)      (DEGREES)
    (I)                  NA:I          NB:NA:I      NC:NB:NA:I     NA   NB   NC

      1     Cl       
      2      O         1.45953  *                                  1
      3      O         1.45954  *     109.48506  *                 1    2
      4      O         1.45956  *     109.48228  *  120.00055  *   1    2    3
      5      O         1.45954  *     109.52377  * -119.97178  *   1    2    3


            INTERATOMIC DISTANCES


                 Cl  1       O  2       O  3       O  4       O  5
 ------------------------------------------------------------------
    Cl    1   0.000000
     O    2   1.459530   0.000000
     O    3   1.459541   2.383615   0.000000
     O    4   1.459558   2.383588   2.383258   0.000000
     O    5   1.459538   2.384182   2.382591   2.383296   0.000000


      MOLECULAR POINT GROUP   :   Td  


                  EIGENVALUES

 -51.52900 -32.46363 -32.45947 -32.45740 -25.46271 -14.29344 -14.29157 -14.29046
 -10.44099 -10.44035  -9.99835  -9.99793  -9.99771  -9.88721  -9.88641  -9.88465
   0.33096  10.88774  10.88968  10.89235


              NET ATOMIC CHARGES AND DIPOLE CONTRIBUTIONS

         ATOM NO.   TYPE          CHARGE        ATOM  ELECTRON DENSITY
           1         Cl           3.845022        3.1550
           2          O          -1.211227        7.2112
           3          O          -1.211283        7.2113
           4          O          -1.211247        7.2112
           5          O          -1.211265        7.2113
 DIPOLE           X         Y         Z       TOTAL
 POINT-CHG.     0.011    -0.004     0.000     0.012
 HYBRID         0.000     0.000     0.000     0.000
 SUM            0.011    -0.004     0.000     0.012


          CARTESIAN COORDINATES 

    NO.       ATOM               X         Y         Z

     1        Cl                  0.0000    0.0000    0.0000
     2         O                  1.4595    0.0000    0.0000
     3         O                 -0.4868    1.3760    0.0000
     4         O                 -0.4868   -0.6880   -1.1916
     5         O                 -0.4878   -0.6872    1.1917


          ATOMIC ORBITAL ELECTRON POPULATIONS

   1.67670   0.49276   0.49276   0.49276   1.95757   1.32537   1.96414   1.96414
   1.95756   1.89295   1.39664   1.96413   1.95757   1.89299   1.82227   1.53842
   1.95756   1.89262   1.82268   1.53841


          GRADIENT NORM = 0.4066601

          MOLECULAR WEIGHT =   99.45



          PRINCIPAL MOMENTS OF INERTIA IN CM(-1)

          A =    0.185553   B =    0.185472   C =    0.185407



           PRINCIPAL MOMENTS OF INERTIA IN UNITS OF 10**(-40)*GRAM-CM**2

          A =  150.860975   B =  150.927433   C =  150.980063


          ORIENTATION OF MOLECULE IN FORCE CALCULATION

    NO.       ATOM         X         Y         Z

     1         Cl       0.0003   -0.0001    0.0000
     2          O       1.4598   -0.0001    0.0000
     3          O      -0.4865    1.3758    0.0000
     4          O      -0.4865   -0.6881   -1.1916
     5          O      -0.4875   -0.6873    1.1917


    FIRST DERIVATIVES WILL BE USED IN THE CALCULATION OF SECOND DERIVATIVES

    FOR POINT-GROUP Td   THERE ARE  24 UNIQUE SYMMETRY FUNCTIONS.

 STEP:   1 TIME =     0.02 SECS, INTEGRAL =      0.02 TIME LEFT:   3599.92
 STEP:   2 TIME =     0.00 SECS, INTEGRAL =      0.02 TIME LEFT:   3599.92
 STEP:   3 TIME =     0.00 SECS, INTEGRAL =      0.02 TIME LEFT:   3599.92
 STEP:   4 TIME =     0.00 SECS, INTEGRAL =      0.02 TIME LEFT:   3599.92
 STEP:   5 TIME =     0.02 SECS, INTEGRAL =      0.03 TIME LEFT:   3599.91
 STEP:   6 TIME =     0.00 SECS, INTEGRAL =      0.03 TIME LEFT:   3599.91
 STEP:   7                       INTEGRAL =      0.03 TIME LEFT:   3599.91
 STEP:   8                       INTEGRAL =      0.03 TIME LEFT:   3599.91
 STEP:   9                       INTEGRAL =      0.03 TIME LEFT:   3599.91
 STEP:  10                       INTEGRAL =      0.03 TIME LEFT:   3599.91
 STEP:  11                       INTEGRAL =      0.03 TIME LEFT:   3599.91
 STEP:  12                       INTEGRAL =      0.03 TIME LEFT:   3599.91
 STEP:  13                       INTEGRAL =      0.03 TIME LEFT:   3599.91
 STEP:  14                       INTEGRAL =      0.03 TIME LEFT:   3599.91
 STEP:  15                       INTEGRAL =      0.03 TIME LEFT:   3599.91


           FORCE MATRIX IN MILLIDYNES/ANGSTROM


                 Cl  1       O  2       O  3       O  4       O  5
 ------------------------------------------------------------------
    Cl    1  22.783479
     O    2   6.988746   6.896425
     O    3   6.987157   0.681828   6.896425
     O    4   6.985194   0.681814   0.681814   6.896425
     O    5   6.986758   0.681581   0.681581   0.681581   6.896425


          HEAT OF FORMATION = -128.149804 KCALS/MOLE

          ZERO POINT ENERGY       9.218 KCAL/MOL


           NORMAL COORDINATE ANALYSIS


   Root No.    1       2       3       4       5       6       7       8

              1 E     1 E     1 T2    1 T2    1 T2    1 A1    2 T2    2 T2  

             351.8   351.8   506.3   506.3   506.3   915.6  1103.3  1103.3
  
         1  0.0000  0.0000 -0.0618  0.1001  0.0498  0.0000  0.0974  0.1105
         2  0.0000  0.0000 -0.0927 -0.0777  0.0412  0.0000  0.2288 -0.0719
         3  0.0000  0.0000 -0.0626  0.0163 -0.1102  0.0000 -0.0268 -0.2122
         4  0.0001  0.0001 -0.1067  0.1733  0.0859 -0.2500 -0.1272 -0.1445
         5  0.0514  0.2446  0.1573  0.1315 -0.0699  0.0000 -0.0405  0.0128
         6 -0.2446  0.0514  0.1060 -0.0274  0.1869 -0.0001  0.0047  0.0375
         7  0.0484  0.2308  0.1809 -0.0483 -0.1099  0.0833  0.0519 -0.0589
         8  0.0172  0.0814 -0.0586 -0.2125  0.0022 -0.2357 -0.2360  0.1242
         9  0.2447 -0.0514  0.1061 -0.0274  0.1868  0.0001  0.0048  0.0375
        10  0.1754 -0.1575 -0.0269 -0.1584 -0.1461  0.0833 -0.0619  0.0447
        11 -0.1756 -0.1333 -0.0291  0.1478 -0.1570  0.1179 -0.1036  0.1036
        12  0.0298  0.1412 -0.2165  0.0005  0.0360  0.2041 -0.1046  0.1948
        13 -0.2240 -0.0734  0.0895 -0.1885  0.0596  0.0834 -0.0786 -0.0862
        14  0.1070 -0.1928  0.1359  0.1053  0.1334  0.1178 -0.1268 -0.0812
        15 -0.0299 -0.1412  0.1430  0.0184 -0.1655 -0.2041  0.1545  0.2003


   Root No.    9

              2 T2  

            1103.3
  
         1  0.2053
         2 -0.0720
         3  0.1314
         4 -0.2687
         5  0.0129
         6 -0.0234
         7 -0.0876
         8  0.1581
         9 -0.0233
        10 -0.0898
        11 -0.0628
        12 -0.1542
        13 -0.0089
        14  0.0514
        15 -0.0903


           MASS-WEIGHTED COORDINATE ANALYSIS


   Root No.    1       2       3       4       5       6       7       8

              1 E     1 E     1 T2    1 T2    1 T2    1 A1    2 T2    2 T2  

             351.8   351.8   506.3   506.3   506.3   915.6  1103.3  1103.3
  
         1  0.0000  0.0000 -0.1934  0.3132  0.1559  0.0000  0.2708 -0.3078
         2  0.0000  0.0000 -0.2899 -0.2432  0.1289  0.0000  0.6363  0.2002
         3  0.0000  0.0000 -0.1959  0.0507 -0.3448  0.0000 -0.0746  0.5907
         4  0.0003  0.0002 -0.2245  0.3641  0.1806 -0.5000 -0.2377  0.2703
         5  0.1025  0.4893  0.3303  0.2766 -0.1470  0.0001 -0.0757 -0.0240
         6 -0.4892  0.1026  0.2230 -0.0575  0.3929 -0.0001  0.0088 -0.0702
         7  0.0966  0.4616  0.3803 -0.1013 -0.2311  0.1666  0.0970  0.1102
         8  0.0343  0.1628 -0.1230 -0.4467  0.0047 -0.4714 -0.4409 -0.2323
         9  0.4894 -0.1026  0.2232 -0.0575  0.3926  0.0001  0.0090 -0.0701
        10  0.3510 -0.3148 -0.0564 -0.3329 -0.3069  0.1666 -0.1156 -0.0836
        11 -0.3510 -0.2667 -0.0615  0.3106 -0.3299  0.2357 -0.1936 -0.1937
        12  0.0595  0.2825 -0.4551  0.0007  0.0757  0.4082 -0.1955 -0.3644
        13 -0.4480 -0.1470  0.1885 -0.3961  0.1254  0.1668 -0.1468  0.1612
        14  0.2142 -0.3854  0.2857  0.2215  0.2803  0.2356 -0.2369  0.1519
        15 -0.0597 -0.2824  0.3005  0.0388 -0.3479 -0.4083  0.2887 -0.3747


   Root No.    9

              2 T2  

            1103.3
  
         1 -0.5618
         2  0.1970
         3 -0.3595
         4  0.4939
         5 -0.0236
         6  0.0429
         7  0.1611
         8 -0.2907
         9  0.0428
        10  0.1650
        11  0.1155
        12  0.2834
        13  0.0164
        14 -0.0945
        15  0.1660
1

          DESCRIPTION OF VIBRATIONS


 VIBRATION   1  1E        ATOM PAIR     ENERGY CONTRIBUTION     RADIAL
 FREQ.      351.80      Cl 1 --  O 5           25.0% ( 43.2%)     0.0%
 T-DIPOLE   0.0000      Cl 1 --  O 3           25.0%              0.0%
 TRAVEL     0.1095      Cl 1 --  O 4           25.0%              0.0%
 RED. MASS  3.9999      Cl 1 --  O 2           25.0%              0.0%

 VIBRATION   2  1E        ATOM PAIR     ENERGY CONTRIBUTION     RADIAL
 FREQ.      351.80      Cl 1 --  O 3           25.0% ( 43.2%)     0.0%
 T-DIPOLE   0.0000      Cl 1 --  O 4           25.0%              0.0%
 TRAVEL     0.1095      Cl 1 --  O 2           25.0%              0.0%
 RED. MASS  3.9999      Cl 1 --  O 5           25.0%              0.0%

 VIBRATION   3  1T2       ATOM PAIR     ENERGY CONTRIBUTION     RADIAL
 FREQ.      506.34      Cl 1 --  O 5           29.8% ( 79.3%)     0.0%
 T-DIPOLE   2.5243      Cl 1 --  O 2           26.5%              0.2%
 TRAVEL     0.0816      Cl 1 --  O 3           25.9%              0.2%
 RED. MASS  3.7293      Cl 1 --  O 4           17.8%              2.5%

 VIBRATION   4  1T2       ATOM PAIR     ENERGY CONTRIBUTION     RADIAL
 FREQ.      506.34      Cl 1 --  O 4           29.9% ( 79.4%)     0.0%
 T-DIPOLE   2.5243      Cl 1 --  O 5           29.7%              0.0%
 TRAVEL     0.0816      Cl 1 --  O 2           20.8%              0.9%
 RED. MASS  3.7294      Cl 1 --  O 3           19.6%              1.3%

 VIBRATION   5  1T2       ATOM PAIR     ENERGY CONTRIBUTION     RADIAL
 FREQ.      506.34      Cl 1 --  O 3           29.5% ( 78.9%)     0.0%
 T-DIPOLE   2.5243      Cl 1 --  O 2           27.7%              0.1%
 TRAVEL     0.0816      Cl 1 --  O 4           27.3%              0.1%
 RED. MASS  3.7295      Cl 1 --  O 5           15.4%             17.0%

 VIBRATION   6  1A1       ATOM PAIR     ENERGY CONTRIBUTION     RADIAL
 FREQ.      915.57      Cl 1 --  O 3           25.0% ( 46.3%)   100.0%
 T-DIPOLE   0.0000      Cl 1 --  O 2           25.0%            100.0%
 TRAVEL     0.0678      Cl 1 --  O 4           25.0%            100.0%
 RED. MASS  3.9998      Cl 1 --  O 5           25.0%            100.0%

 VIBRATION   7  2T2       ATOM PAIR     ENERGY CONTRIBUTION     RADIAL
 FREQ.     1103.25      Cl 1 --  O 3           31.2% ( 74.2%)    76.6%
 T-DIPOLE   8.0170      Cl 1 --  O 5           27.7%             67.2%
 TRAVEL     0.0499      Cl 1 --  O 4           21.7%             44.9%
 RED. MASS  9.5645      Cl 1 --  O 2           19.5%             33.5%

 VIBRATION   8  2T2       ATOM PAIR     ENERGY CONTRIBUTION     RADIAL
 FREQ.     1103.25      Cl 1 --  O 5           30.0% ( 72.8%)    73.7%
 T-DIPOLE   8.0170      Cl 1 --  O 4           29.0%             71.0%
 TRAVEL     0.0499      Cl 1 --  O 2           20.8%             40.7%
 RED. MASS  9.5520      Cl 1 --  O 3           20.2%             37.5%

 VIBRATION   9  2T2       ATOM PAIR     ENERGY CONTRIBUTION     RADIAL
 FREQ.     1103.25      Cl 1 --  O 2           34.7% ( 78.3%)    84.1%
 T-DIPOLE   8.0170      Cl 1 --  O 4           24.3%             56.0%
 TRAVEL     0.0499      Cl 1 --  O 3           23.6%             53.3%
 RED. MASS  9.7239      Cl 1 --  O 5           17.3%             20.0%
1

           FORCE CONSTANT IN INTERNAL COORDINATES (Millidynes/A)

    ATOM   CHEMICAL  BOND LENGTH      BOND ANGLE     TWIST ANGLE
   NUMBER   SYMBOL  FORCE CONSTANT  FORCE CONSTANT  FORCE CONSTANT

      1      Cl        0.000000        0.000000        0.000000
      2       O        6.782434        0.000000        0.000000
      3       O        6.782432        1.856870        0.000000
      4       O        6.782437        1.856905        1.650356
      5       O        6.782437        1.856853        1.649464



 TOTAL CPU TIME:             0.09 SECONDS

 == MOPAC DONE ==
