 *******************************************************************************
 **   32-bit Microsoft Windows, Victor Lobanov, 1996, University of Florida   **
 **     max number of heavy atoms =  50, max number of light atoms = 100      **
 *******************************************************************************

                                 PM3 CALCULATION RESULTS


 *******************************************************************************
 *          MOPAC:  VERSION  6.00               CALC'D.                         
 *  BONDS    - FINAL BOND-ORDER MATRIX TO BE PRINTED
 *  SINGLET  - SPIN STATE DEFINED AS A SINGLET
 *
 *
 *
 *                 CHARGE ON SYSTEM = -1
 *
 *
 *
 *   T=      - A TIME OF  3600.0 SECONDS REQUESTED
 *  DUMP=N   - RESTART FILE WRITTEN EVERY  3600.0 SECONDS
 *  FORCE    - FORCE CALCULATION SPECIFIED
 *  PM3      - THE PM3 HAMILTONIAN TO BE USED
 ***********************************************************************050BY100
 PM3 FORCE BONDS CHARGE=-1 SINGLET
 perchlorate
 

    ATOM   CHEMICAL  BOND LENGTH    BOND ANGLE     TWIST ANGLE
   NUMBER  SYMBOL    (ANGSTROMS)     (DEGREES)      (DEGREES)
    (I)                  NA:I          NB:NA:I      NC:NB:NA:I     NA   NB   NC

      1     Cl       
      2      O         1.42972  *                                  1
      3      O         1.42494  *     109.09583  *                 1    2
      4      O         1.38673  *     106.44570  *  114.78725  *   1    2    3
      5      O         1.39604  *     110.44314  * -123.69152  *   1    2    3


          CARTESIAN COORDINATES 

    NO.       ATOM         X         Y         Z

     1        Cl         .0000     .0000     .0000
     2         O        1.4297     .0000     .0000
     3         O        -.4662    1.3465     .0000
     4         O        -.3926    -.5576   -1.2075
     5         O        -.4876    -.7256    1.0884
  O: (PM3): J. J. P. STEWART, J. COMP. CHEM.     10, 209 (1989).                
 Cl: (PM3): J. J. P. STEWART, J. COMP. CHEM.     10, 209 (1989).                


          RHF CALCULATION, NO. OF DOUBLY OCCUPIED LEVELS = 16


            INTERATOMIC DISTANCES
0
                 Cl  1       O  2       O  3       O  4       O  5
 ------------------------------------------------------------------
    Cl    1    .000000
     O    2   1.429724    .000000
     O    3   1.424935   2.325409    .000000
     O    4   1.386733   2.256045   2.255902    .000000
     O    5   1.396042   2.321061   2.340715   2.303971    .000000


          HEAT OF FORMATION = -119.306236 KCALS/MOLE


          INTERNAL COORDINATE DERIVATIVES

   ATOM  AT. NO.  BOND           ANGLE          DIHEDRAL

     1    Cl
     2     O   -42.789058
     3     O   -49.433373    -5.826384
     4     O  -109.698259   -12.204986   -14.708541
     5     O   -94.783522    -4.086160    -2.626642


          GRADIENT NORM = 160.35907



 ** GRADIENT IS TOO LARGE TO ALLOW FORCE MATRIX TO BE CALCULATED, (LIMIT=10) **




           GEOMETRY WILL BE OPTIMIZED FIRST
               USING FLEPO
 CYCLE:   1 TIME:    .00 TIME LEFT:   3600.0 GRAD.:    29.732 HEAT:-127.4006    
 CYCLE:   2 TIME:    .01 TIME LEFT:   3600.0 GRAD.:    13.766 HEAT:-127.8800    
 CYCLE:   3 TIME:    .00 TIME LEFT:   3600.0 GRAD.:     4.464 HEAT:-128.0144    
 CYCLE:   4 TIME:    .00 TIME LEFT:   3600.0 GRAD.:     1.977 HEAT:-128.0413    
 CYCLE:   5 TIME:    .00 TIME LEFT:   3600.0 GRAD.:      .356 HEAT:-128.0460    
 TEST ON X SATISFIED
                    HOWEVER, A COMPONENT OF GRADIENT IS LARGER THAN   .10

 CYCLE:   6 TIME:    .00 TIME LEFT:   3600.0 GRAD.:      .269 HEAT:-128.0476    


          HERBERTS TEST SATISFIED - GEOMETRY OPTIMIZED

 -------------------------------------------------------------------------------
 PM3 FORCE BONDS CHARGE=-1 SINGLET
 perchlorate
 


     HERBERTS TEST WAS SATISFIED IN BFGS                      
     SCF FIELD WAS ACHIEVED                                   


                                PM3    CALCULATION
                                                       VERSION  6.00
                                                                               




          FINAL HEAT OF FORMATION =       -128.04757 KCAL


          TOTAL ENERGY            =      -1489.70412 EV
          ELECTRONIC ENERGY       =      -4159.17876 EV
          CORE-CORE REPULSION     =       2669.47464 EV

          IONIZATION POTENTIAL    =          9.88562
          NO. OF FILLED LEVELS    =         16
          MOLECULAR WEIGHT        =     99.451


          SCF CALCULATIONS  =               13
          COMPUTATION TIME =    .030 SECONDS





    ATOM   CHEMICAL  BOND LENGTH    BOND ANGLE     TWIST ANGLE
   NUMBER  SYMBOL    (ANGSTROMS)     (DEGREES)      (DEGREES)
    (I)                  NA:I          NB:NA:I      NC:NB:NA:I     NA   NB   NC

      1     Cl       
      2      O         1.45948  *                                  1
      3      O         1.45941  *     109.46717  *                 1    2
      4      O         1.45952  *     109.46418  *  119.99617  *   1    2    3
      5      O         1.45943  *     109.48216  * -119.99949  *   1    2    3


            INTERATOMIC DISTANCES
0
                 Cl  1       O  2       O  3       O  4       O  5
 ------------------------------------------------------------------
    Cl    1    .000000
     O    2   1.459481    .000000
     O    3   1.459407   2.383202    .000000
     O    4   1.459524   2.383254   2.383333    .000000
     O    5   1.459429   2.383441   2.383163   2.383339    .000000


                  EIGENVALUES

 -51.53112 -32.46139 -32.46085 -32.45934 -25.46208 -14.29236 -14.29210 -14.29178
 -10.44064 -10.44045  -9.99782  -9.99777  -9.99765  -9.88604  -9.88588  -9.88562
    .33138  10.88935  10.89005  10.89045


              NET ATOMIC CHARGES AND DIPOLE CONTRIBUTIONS

         ATOM NO.   TYPE          CHARGE        ATOM  ELECTRON DENSITY
           1         Cl           3.8449          3.1551
           2          O          -1.2112          7.2112
           3          O          -1.2113          7.2113
           4          O          -1.2112          7.2112
           5          O          -1.2112          7.2112
 DIPOLE           X         Y         Z       TOTAL
 POINT-CHG.      .000     -.001      .001      .001
 HYBRID          .000      .000      .000      .000
 SUM             .000     -.001      .001      .001


          CARTESIAN COORDINATES 

    NO.       ATOM               X         Y         Z

     1        Cl                   .0000     .0000     .0000
     2         O                  1.4595     .0000     .0000
     3         O                  -.4864    1.3760     .0000
     4         O                  -.4863    -.6880   -1.1918
     5         O                  -.4867    -.6879    1.1915


          ATOMIC ORBITAL ELECTRON POPULATIONS

   1.67668    .49281    .49280    .49281   1.95756   1.32538   1.96414   1.96413
   1.95754   1.89320   1.39641   1.96412   1.95757   1.89323   1.82221   1.53817
   1.95755   1.89307   1.82223   1.53840

          BONDING CONTRIBUTION OF EACH M.O.

   .7060   .4478   .4478   .4477   .1056  1.0818  1.0817  1.0818   .0717   .0717
   .4433   .4433   .4435   .0717   .0717   .0717 -2.7309 -1.4527 -1.4527 -1.4527


                    BOND ORDERS AND VALENCIES


0
                 Cl  1       O  2       O  3       O  4       O  5
 ------------------------------------------------------------------
    Cl    1   2.770370
     O    2    .692582   1.079661
     O    3    .692626    .129010   1.079654
     O    4    .692563    .129050    .129017   1.079665
     O    5    .692600    .129020    .129002    .129036   1.079657
  .ARC FILE OPENED


          GRADIENT NORM =  .2691869


          TIME FOR SCF CALCULATION =     .01


          TIME FOR DERIVATIVES     =     .00

          MOLECULAR WEIGHT =   99.45



           PRINCIPAL MOMENTS OF INERTIA IN CM(-1)

          A =     .185513   B =     .185501   C =     .185481



           PRINCIPAL MOMENTS OF INERTIA IN UNITS OF 10**(-40)*GRAM-CM**2

          A =  150.893184   B =  150.902903   C =  150.919045


         ORIENTATION OF MOLECULE IN FORCE CALCULATION

    NO.       ATOM         X         Y         Z

     1        17         .0000     .0000     .0000
     2         8        1.4595     .0000     .0000
     3         8        -.4864    1.3760     .0000
     4         8        -.4863    -.6880   -1.1918
     5         8        -.4867    -.6879    1.1916


    FIRST DERIVATIVES WILL BE USED IN THE CALCULATION OF SECOND DERIVATIVES

          ESTIMATED TIME TO COMPLETE CALCULATION =      .30 SECONDS
 STEP:   1 TIME =      .00 SECS, INTEGRAL =       .00 TIME LEFT:   3599.94
 STEP:   2 TIME =      .00 SECS, INTEGRAL =       .00 TIME LEFT:   3599.94
 STEP:   3 TIME =      .01 SECS, INTEGRAL =       .01 TIME LEFT:   3599.93
 STEP:   4 TIME =      .00 SECS, INTEGRAL =       .01 TIME LEFT:   3599.93
 STEP:   5 TIME =      .01 SECS, INTEGRAL =       .02 TIME LEFT:   3599.92
 STEP:   6 TIME =      .00 SECS, INTEGRAL =       .02 TIME LEFT:   3599.92
 STEP:   7 TIME =      .00 SECS, INTEGRAL =       .02 TIME LEFT:   3599.92
 STEP:   8 TIME =      .01 SECS, INTEGRAL =       .03 TIME LEFT:   3599.91
 STEP:   9 TIME =      .00 SECS, INTEGRAL =       .03 TIME LEFT:   3599.91
 STEP:  10 TIME =      .00 SECS, INTEGRAL =       .03 TIME LEFT:   3599.91
 STEP:  11 TIME =      .01 SECS, INTEGRAL =       .04 TIME LEFT:   3599.90
 STEP:  12 TIME =      .00 SECS, INTEGRAL =       .04 TIME LEFT:   3599.90
 STEP:  13 TIME =      .00 SECS, INTEGRAL =       .04 TIME LEFT:   3599.90
 STEP:  14 TIME =      .01 SECS, INTEGRAL =       .05 TIME LEFT:   3599.89
 STEP:  15 TIME =      .00 SECS, INTEGRAL =       .05 TIME LEFT:   3599.89


           FORCE MATRIX IN MILLIDYNES/ANGSTROM
0
                 Cl  1       O  2       O  3       O  4       O  5
 ------------------------------------------------------------------
    Cl    1  11.438656
     O    2   3.503020   3.452157
     O    3   3.505020    .340669   3.454728
     O    4   3.502437    .340172    .339870   3.385844
     O    5   3.503241    .340073    .339967    .306683   3.410781


          HEAT OF FORMATION = -128.047569 KCALS/MOLE


           ZERO POINT ENERGY       9.323 KILOCALORIES PER MOLE


    THE LAST 6 VIBRATIONS ARE THE TRANSLATION AND ROTATION MODES
    THE FIRST THREE OF THESE BEING TRANSLATIONS IN X, Y, AND Z, RESPECTIVELY


           NORMAL COORDINATE ANALYSIS




    ROOT NO.    1           2           3           4           5           6

           343.12575   353.32614   494.63846   507.38371   507.64841   909.90315
  
         1    .00404     -.00011     -.06264     -.07887     -.04279      .00319
         2    .00598     -.00018     -.08620      .06574      .00936      .00471
         3    .00126      .00032     -.01853     -.03965      .10114      .00112
         4    .00607     -.00010     -.10706     -.13663     -.07406      .20942
         5    .19446      .03597      .16324     -.11194     -.01622     -.00139
         6    .03300     -.20766      .03470      .06676     -.17082     -.00032
         7    .18148      .03392      .19083      .03259      .04592     -.07099
         8    .07097      .01178     -.04189      .17366      .05874      .19679
         9   -.03782      .20662      .02895      .06746     -.17184     -.00126
        10   -.12578      .15260      .00759      .10281      .15521     -.07295
        11   -.11691     -.14287      .01159     -.15602      .10179     -.10244
        12    .13598      .02038     -.18157     -.01012      .03160     -.16798
        13   -.07073     -.18618      .04745      .17600     -.03225     -.07254
        14   -.16177      .09552      .05808     -.05138     -.16506     -.10340
        15   -.13396     -.02006      .15898     -.03625      .08693      .16709




    ROOT NO.    7           8           9          10          11          12

          1103.46882  1104.52444  1104.95909      .01997      .02370      .01024
  
         1    .12916     -.05164      .15992     -.16841      .00000      .00000
         2    .14831     -.03889     -.14485      .00000      .16841      .00000
         3    .06083      .20345      .01289      .00000      .00000     -.16841
         4   -.17102      .06758     -.20865     -.16841      .00000      .00000
         5   -.02653      .00690      .02572      .00000      .16841      .00000
         6   -.01082     -.03584     -.00227      .00000      .00000     -.16841
         7    .01405      .00179     -.09997     -.16841      .00000      .00000
         8   -.13146      .02776      .22830      .00000      .16841      .00000
         9   -.01115     -.03584     -.00221      .00000      .00000     -.16841
        10   -.08328     -.04025     -.02686     -.16841      .00000      .00000
        11   -.11146     -.06300      .02780      .00000      .16841      .00000
        12   -.15495     -.15734      .00107      .00000      .00000     -.16841
        13   -.04596      .08530     -.01890     -.16841      .00000      .00000
        14   -.05921      .11451      .03915      .00000      .16841      .00000
        15    .04212     -.22180     -.02515      .00000      .00000     -.16841




    ROOT NO.   13          14          15

            31.89367    29.22224    31.53507
  
         1    .00000      .00001      .00000
         2    .00000      .00000      .00000
         3    .00000      .00000      .00000
         4    .00000      .00001      .00000
         5    .19745      .09562      .13811
         6   -.02249     -.19694      .16745
         7   -.18614     -.09015     -.13022
         8   -.06579     -.03187     -.04603
         9   -.14945      .19765      .07730
        10    .07471     -.11574      .20184
        11   -.20173      .08247      .06926
        12    .08597     -.00038     -.12235
        13    .11143      .20587     -.07161
        14    .07007     -.14622     -.16133
        15    .08597     -.00032     -.12239


           MASS-WEIGHTED COORDINATE ANALYSIS




    ROOT NO.    1           2           3           4           5           6

           343.12575   353.32614   494.63846   507.38371   507.64841   909.90315
  
         1    .01436     -.00039     -.22729     -.28626     -.15529      .01132
         2    .02124     -.00064     -.31279      .23860      .03398      .01675
         3    .00449      .00115     -.06724     -.14390      .36709      .00397
         4    .01449     -.00023     -.26096     -.33314     -.18058      .49974
         5    .46411      .08557      .39791     -.27294     -.03954     -.00332
         6    .07876     -.49400      .08459      .16278     -.41647     -.00077
         7    .43312      .08069      .46516      .07947      .11197     -.16941
         8    .16938      .02802     -.10211      .42342      .14321      .46961
         9   -.09026      .49153      .07058      .16448     -.41897     -.00301
        10   -.30019      .36303      .01850      .25066      .37841     -.17408
        11   -.27902     -.33987      .02825     -.38039      .24818     -.24447
        12    .32454      .04849     -.44258     -.02467      .07706     -.40085
        13   -.16880     -.44291      .11565      .42913     -.07864     -.17310
        14   -.38610      .22723      .14157     -.12527     -.40243     -.24674
        15   -.31972     -.04773      .38751     -.08839      .21193      .39873




    ROOT NO.    7           8           9          10          11          12

          1103.46882  1104.52444  1104.95909      .01997      .02370      .01023
  
         1    .43839     -.16819      .51476     -.59707      .00000      .00000
         2    .50341     -.12666     -.46625      .00000      .59707      .00000
         3    .20648      .66267      .04149      .00000      .00000     -.59707
         4   -.38995      .14787     -.45117     -.40110      .00000      .00000
         5   -.06049      .01510      .05562      .00000      .40110      .00000
         6   -.02468     -.07842     -.00490      .00000      .00000     -.40110
         7    .03204      .00392     -.21616     -.40110      .00000      .00000
         8   -.29974      .06073      .49367      .00000      .40110      .00000
         9   -.02542     -.07842     -.00479      .00000      .00000     -.40110
        10   -.18988     -.08807     -.05808     -.40110      .00000      .00000
        11   -.25414     -.13784      .06010      .00000      .40110      .00000
        12   -.35331     -.34428      .00230      .00000      .00000     -.40110
        13   -.10480      .18664     -.04087     -.40110      .00000      .00000
        14   -.13500      .25055      .08465      .00000      .40110      .00000
        15    .09605     -.48532     -.05437      .00000      .00000     -.40110




    ROOT NO.   13          14          15

            31.89367    29.22224    31.53507
  
         1    .00001      .00002     -.00001
         2    .00001     -.00001     -.00002
         3    .00001      .00000     -.00001
         4    .00001      .00001     -.00001
         5    .46644      .22533      .32662
         6   -.05313     -.46408      .39599
         7   -.43974     -.21243     -.30795
         8   -.15543     -.07510     -.10886
         9   -.35306      .46573      .18281
        10    .17648     -.27272      .47732
        11   -.47656      .19434      .16379
        12    .20309     -.00090     -.28935
        13    .26324      .48511     -.16935
        14    .16553     -.34454     -.38153
        15    .20309     -.00076     -.28944
1

          DESCRIPTION OF VIBRATIONS


 VIBRATION   1            ATOM PAIR      ENERGY CONTRIBUTION              RADIAL
 FREQ.      343.13      Cl 1 --  O 4           29.6% ( 48.0%)                .1%
 T-DIPOLE    .3511      Cl 1 --  O 5           29.2%                         .0%
 TRAVEL      .1107      Cl 1 --  O 3           20.8%                         .0%
 RED. MASS  8.0120      Cl 1 --  O 2           20.4%                         .0%

 VIBRATION   2            ATOM PAIR      ENERGY CONTRIBUTION              RADIAL
 FREQ.      353.33      Cl 1 --  O 2           25.1% ( 43.4%)                .0%
 T-DIPOLE    .0151      Cl 1 --  O 5           25.1%                         .0%
 TRAVEL      .1092      Cl 1 --  O 4           25.0%                         .0%
 RED. MASS  7.9997      Cl 1 --  O 3           24.8%                         .0%

 VIBRATION   3            ATOM PAIR      ENERGY CONTRIBUTION              RADIAL
 FREQ.      494.64      Cl 1 --  O 3           26.2% ( 75.2%)                .2%
 T-DIPOLE   5.2086      Cl 1 --  O 5           26.0%                         .3%
 TRAVEL      .0827      Cl 1 --  O 2           26.0%                         .2%
 RED. MASS  9.9679      Cl 1 --  O 4           21.8%                        1.3%

 VIBRATION   4            ATOM PAIR      ENERGY CONTRIBUTION              RADIAL
 FREQ.      507.38      Cl 1 --  O 4           29.1% ( 78.3%)                .0%
 T-DIPOLE   5.2638      Cl 1 --  O 5           28.2%                         .1%
 TRAVEL      .0815      Cl 1 --  O 2           22.3%                         .6%
 RED. MASS  9.9957      Cl 1 --  O 3           20.4%                        1.0%

 VIBRATION   5            ATOM PAIR      ENERGY CONTRIBUTION              RADIAL
 FREQ.      507.65      Cl 1 --  O 3           29.4% ( 78.7%)                .0%
 T-DIPOLE   5.2685      Cl 1 --  O 2           27.7%                         .1%
 TRAVEL      .0815      Cl 1 --  O 4           23.4%                         .4%
 RED. MASS  9.9997      Cl 1 --  O 5           19.4%                        1.3%

 VIBRATION   6            ATOM PAIR      ENERGY CONTRIBUTION              RADIAL
 FREQ.      909.90      Cl 1 --  O 4           25.8% ( 47.2%)              99.7%
 T-DIPOLE    .1840      Cl 1 --  O 5           25.5%                       99.5%
 TRAVEL      .0680      Cl 1 --  O 2           24.4%                       99.8%
 RED. MASS  8.0036      Cl 1 --  O 3           24.3%                       99.8%

 VIBRATION   7            ATOM PAIR      ENERGY CONTRIBUTION              RADIAL
 FREQ.     1103.47      Cl 1 --  O 4           33.2% ( 76.8%)              81.7%
 T-DIPOLE   4.8206      Cl 1 --  O 2           27.2%                       64.9%
 TRAVEL      .0498      Cl 1 --  O 3           21.9%                       44.8%
 RED. MASS 12.3031      Cl 1 --  O 5           17.6%                       21.5%

 VIBRATION   8            ATOM PAIR      ENERGY CONTRIBUTION              RADIAL
 FREQ.     1104.52      Cl 1 --  O 5           41.9% ( 85.9%)              95.9%
 T-DIPOLE   4.7419      Cl 1 --  O 4           26.3%                       62.8%
 TRAVEL      .0499      Cl 1 --  O 2           16.7%                       14.9%
 RED. MASS 12.2574      Cl 1 --  O 3           15.1%                        2.3%

 VIBRATION   9            ATOM PAIR      ENERGY CONTRIBUTION              RADIAL
 FREQ.     1104.96      Cl 1 --  O 3           38.4% ( 82.3%)              90.5%
 T-DIPOLE   4.7602      Cl 1 --  O 2           31.5%                       77.3%
 TRAVEL      .0499      Cl 1 --  O 5           15.3%                        3.7%
 RED. MASS 12.2642      Cl 1 --  O 4           14.9%                         .1%
1



 TOTAL CPU TIME:              .11 SECONDS

 == MOPAC DONE ==
