 *******************************************************************************
 **                            MOPAC 93 (c) Fujitsu                           **
 *******************************************************************************

                                 AM1 CALCULATION RESULTS


 *******************************************************************************
 *                   MOPAC  93.00               CALC'D. Mon May 31 20:25:00 2004
 *   T=      - A TIME OF   600.000 SECONDS REQUESTED
 *  DUMP=N   - RESTART FILE WRITTEN EVERY  3600.000 SECONDS
 *  AM1      - THE AM1 HAMILTONIAN TO BE USED
 *  NOINTER  - INTERATOMIC DISTANCES NOT TO BE PRINTED
 ***********************************************************************050BY050
 AM1 NOINTER T=600
 title
 

    ATOM   CHEMICAL  BOND LENGTH    BOND ANGLE     TWIST ANGLE
   NUMBER  SYMBOL    (ANGSTROMS)     (DEGREES)      (DEGREES)
    (I)                  NA:I          NB:NA:I      NC:NB:NA:I     NA   NB   NC

      1      N       
      2      C         1.44861  *                                  1
      3      C         1.54297  *     112.63760  *                 2    1
      4      N         1.45590  *     111.83822  *  -51.59408  *   3    2    1
      5      C         1.46434  *     111.28889  *   56.91514  *   4    3    2
      6      C         1.56409  *     109.21443  *  -57.55429  *   5    4    3
      7      C         1.41846  *     117.83375  *  166.17825  *   4    5    6
      8      N         1.41040  *     122.99245  *  112.66247  *   7    4    5
      9      C         1.39204  *     120.59035  *  174.31322  *   8    7    4
     10      C         1.39255  *     120.48968  *    0.34430  *   9    8    7
     11      C         1.39347  *     119.65217  *    0.20603  *  10    9    8
     12      C         1.39456  *     120.79343  *   -0.43923  *  11   10    9
     13      C         1.48997  *     119.32221  * -178.99206  *  12    7    8
     14      C         1.49187  *     110.42568  *   67.09270  *  13   12    7
     15      C         1.40407  *     117.94545  *  121.02179  *  14   13   12
     16      C         1.38992  *     121.10723  * -177.43671  *  15   14   13
     17      C         1.39533  *     119.58073  *    0.60824  *  16   15   14
     18      C         1.38972  *     119.73296  *   -0.93906  *  17   16   15
     19      C         1.40707  *     121.24176  *   -0.17055  *  18   17   16
     20      H         1.10077  *     119.45814  *  179.96928  *  11   12    7
     21      H         1.09918  *     120.07059  *  179.72487  *  10   11   12
     22      H         1.10022  *     119.50565  * -179.89209  *   9    8    7
     23      H         1.10159  *     119.37489  *  179.76866  *  18   17   16
     24      H         1.09960  *     120.07458  *  179.89032  *  17   18   19
     25      H         1.09955  *     120.20516  *  179.52991  *  16   17   18
     26      H         1.10089  *     119.55878  * -179.07101  *  15   16   17
     27      H         1.11000  *     106.32289  *  -42.79669  *   5   19   18
     28      H         1.12571  *     109.85062  *  -53.85296  *  13   12    7
     29      H         1.12406  *     109.92863  * -171.20732  *  13   12    7
     30      H         1.12930  *     111.76369  *   72.57132  *   3    4    7
     31      H         1.12513  *     108.23219  *  -46.58371  *   3    4    7
     32      H         1.12597  *     107.84544  * -170.20938  *   2    3    4
     33      H         1.12921  *     108.32984  *   73.30603  *   2    3    4
     34      H         1.12827  *     108.06455  *   58.73024  *   6    5   19
     35      H         1.12578  *     107.63234  *  -57.83402  *   6    5   19
     36      H         1.00328  *     110.06426  *  172.45224  *   1    2    3


          CARTESIAN COORDINATES 

    NO.       ATOM         X         Y         Z

     1         N        0.0000    0.0000    0.0000
     2         C        1.4486    0.0000    0.0000
     3         C        2.0425    1.4241    0.0000
     4         N        1.4761    2.2471   -1.0590
     5         C        0.0175    2.3206   -0.9527
     6         C       -0.5757    0.8742   -1.0014
     7         C        2.1813    3.4466   -1.3345
     8         N        3.0448    4.0609   -0.4037
     9         C        3.8024    5.1712   -0.7658
    10         C        3.7142    5.6977   -2.0520
    11         C        2.8574    5.1098   -2.9804
    12         C        2.0931    3.9940   -2.6400
    13         C        1.1696    3.3730   -3.6308
    14         C       -0.2494    3.5693   -3.2141
    15         C       -1.1043    4.2540   -4.0926
    16         C       -2.4245    4.5198   -3.7483
    17         C       -2.9075    4.1117   -2.5045
    18         C       -2.0709    3.4271   -1.6310
    19         C       -0.7395    3.1313   -1.9769
    20         H        2.7829    5.5276   -3.9960
    21         H        4.3145    6.5741   -2.3343
    22         H        4.4715    5.6352   -0.0260
    23         H       -2.4573    3.1110   -0.6490
    24         H       -3.9454    4.3312   -2.2151
    25         H       -3.0818    5.0551   -4.4485
    26         H       -0.7193    4.5897   -5.0677
    27         H       -0.2406    2.7500    0.0378
    28         H        1.3877    2.2722   -3.7189
    29         H        1.3399    3.8221   -4.6471
    30         H        1.8767    1.8809    1.0194
    31         H        3.1511    1.3410   -0.1735
    32         H        1.7896   -0.5160    0.9409
    33         H        1.8780   -0.5638   -0.8791
    34         H       -0.4464    0.4781   -2.0499
    35         H       -1.6787    0.9506   -0.7892
    36         H       -0.3442   -0.9342   -0.1238
  H: (AM1): M.J.S. DEWAR ET AL, J. AM. CHEM. SOC. 107 3902-3909 (1985)          
  C: (AM1): M.J.S. DEWAR ET AL, J. AM. CHEM. SOC. 107 3902-3909 (1985)          
  N: (AM1): M.J.S. DEWAR ET AL, J. AM. CHEM. SOC. 107 3902-3909 (1985)          


      MOLECULAR POINT GROUP   :   C1  


      RHF CALCULATION, NO. OF DOUBLY OCCUPIED LEVELS = 48
 CYCLE:   1 TIME:   0.588 TIME LEFT:  599.06 GRAD.:   170.563 HEAT: 86.23210    
 CYCLE:   2 TIME:   0.366 TIME LEFT:  598.70 GRAD.:   165.298 HEAT: 85.55410    
 CYCLE:   3 TIME:   0.330 TIME LEFT:  598.37 GRAD.:   108.008 HEAT: 84.75423    
 CYCLE:   4 TIME:   0.309 TIME LEFT:  598.06 GRAD.:   121.843 HEAT: 84.23477    
 CYCLE:   5 TIME:   0.362 TIME LEFT:  597.70 GRAD.:   176.485 HEAT: 83.98777    
 CYCLE:   6 TIME:   0.335 TIME LEFT:  597.36 GRAD.:   134.927 HEAT: 83.24471    
 CYCLE:   7 TIME:   0.537 TIME LEFT:  596.82 GRAD.:   251.209 HEAT: 83.18222    
 CYCLE:   8 TIME:   0.358 TIME LEFT:  596.47 GRAD.:   184.411 HEAT: 82.74389    
 CYCLE:   9 TIME:   0.363 TIME LEFT:  596.10 GRAD.:   147.810 HEAT: 82.61158    
 HEAT OF FORMATION TEST SATISFIED
                    HOWEVER, A COMPONENT OF GRADIENT IS LARGER THAN  1.00

 CYCLE:  10 TIME:   0.525 TIME LEFT:  595.58 GRAD.:   151.601 HEAT: 82.61039    
 CYCLE:  11 TIME:   0.512 TIME LEFT:  595.07 GRAD.:   149.596 HEAT: 82.59740    
 CYCLE:  12 TIME:   0.468 TIME LEFT:  594.60 GRAD.:   120.212 HEAT: 82.54548    
 CYCLE:  13 TIME:   0.511 TIME LEFT:  594.09 GRAD.:   123.940 HEAT: 82.52545    
 CYCLE:  14 TIME:   0.468 TIME LEFT:  593.62 GRAD.:   119.943 HEAT: 82.51450    
 TEST ON X SATISFIED
                    HOWEVER, A COMPONENT OF GRADIENT IS LARGER THAN  1.00

 CYCLE:  15 TIME:   0.482 TIME LEFT:  593.14 GRAD.:   131.587 HEAT: 82.51260    
 CYCLE:  16 TIME:   0.390 TIME LEFT:  592.75 GRAD.:    55.816 HEAT: 82.35483    
 CYCLE:  17 TIME:   0.182 TIME LEFT:  592.56 GRAD.:    58.292 HEAT: 82.27999    
 CYCLE:  18 TIME:   0.259 TIME LEFT:  592.31 GRAD.:    96.742 HEAT: 82.15546    
 CYCLE:  19 TIME:   0.271 TIME LEFT:  592.04 GRAD.:    67.096 HEAT: 82.00150    
 CYCLE:  20 TIME:   0.183 TIME LEFT:  591.85 GRAD.:    53.648 HEAT: 81.92909    
 CYCLE:  21 TIME:   0.182 TIME LEFT:  591.67 GRAD.:    59.491 HEAT: 81.82518    
 CYCLE:  22 TIME:   0.258 TIME LEFT:  591.41 GRAD.:    53.629 HEAT: 81.71977    
 CYCLE:  23 TIME:   0.182 TIME LEFT:  591.23 GRAD.:    30.479 HEAT: 81.66898    
 CYCLE:  24 TIME:   0.182 TIME LEFT:  591.05 GRAD.:    24.676 HEAT: 81.64379    
 CYCLE:  25 TIME:   0.336 TIME LEFT:  590.71 GRAD.:    30.783 HEAT: 81.62097    
 CYCLE:  26 TIME:   0.337 TIME LEFT:  590.38 GRAD.:    35.143 HEAT: 81.56313    
 CYCLE:  27 TIME:   0.335 TIME LEFT:  590.04 GRAD.:    36.708 HEAT: 81.49277    
 CYCLE:  28 TIME:   0.256 TIME LEFT:  589.79 GRAD.:    23.554 HEAT: 81.45481    
 CYCLE:  29 TIME:   0.256 TIME LEFT:  589.53 GRAD.:    38.543 HEAT: 81.41305    
 CYCLE:  30 TIME:   0.337 TIME LEFT:  589.19 GRAD.:    23.859 HEAT: 81.35087    
 CYCLE:  31 TIME:   0.259 TIME LEFT:  588.93 GRAD.:    29.400 HEAT: 81.30887    
 CYCLE:  32 TIME:   0.259 TIME LEFT:  588.67 GRAD.:    28.439 HEAT: 81.26637    
 CYCLE:  33 TIME:   0.335 TIME LEFT:  588.34 GRAD.:    33.745 HEAT: 81.21295    
 CYCLE:  34 TIME:   0.334 TIME LEFT:  588.01 GRAD.:    23.686 HEAT: 81.13556    
 CYCLE:  35 TIME:   0.257 TIME LEFT:  587.75 GRAD.:    27.522 HEAT: 81.08161    
 CYCLE:  36 TIME:   0.258 TIME LEFT:  587.49 GRAD.:    24.243 HEAT: 81.01914    
 CYCLE:  37 TIME:   0.257 TIME LEFT:  587.23 GRAD.:    24.924 HEAT: 80.97041    
 CYCLE:  38 TIME:   0.336 TIME LEFT:  586.90 GRAD.:    18.507 HEAT: 80.90187    
 CYCLE:  39 TIME:   0.259 TIME LEFT:  586.64 GRAD.:    19.733 HEAT: 80.85547    
 CYCLE:  40 TIME:   0.181 TIME LEFT:  586.46 GRAD.:    18.965 HEAT: 80.82992    
 CYCLE:  41 TIME:   0.180 TIME LEFT:  586.28 GRAD.:    18.019 HEAT: 80.80517    
 CYCLE:  42 TIME:   0.180 TIME LEFT:  586.10 GRAD.:    17.028 HEAT: 80.78313    
 CYCLE:  43 TIME:   0.180 TIME LEFT:  585.92 GRAD.:    14.964 HEAT: 80.75897    
 CYCLE:  44 TIME:   0.180 TIME LEFT:  585.74 GRAD.:    13.066 HEAT: 80.73898    
 CYCLE:  45 TIME:   0.181 TIME LEFT:  585.55 GRAD.:    12.811 HEAT: 80.72328    
 CYCLE:  46 TIME:   0.182 TIME LEFT:  585.37 GRAD.:    12.912 HEAT: 80.70861    
 CYCLE:  47 TIME:   0.182 TIME LEFT:  585.19 GRAD.:    12.198 HEAT: 80.69665    
 CYCLE:  48 TIME:   0.180 TIME LEFT:  585.01 GRAD.:    11.447 HEAT: 80.68757    
 CYCLE:  49 TIME:   0.179 TIME LEFT:  584.83 GRAD.:    11.660 HEAT: 80.67995    
 CYCLE:  50 TIME:   0.253 TIME LEFT:  584.58 GRAD.:    13.771 HEAT: 80.66951    
 CYCLE:  51 TIME:   0.335 TIME LEFT:  584.24 GRAD.:    10.553 HEAT: 80.64890    
 CYCLE:  52 TIME:   0.255 TIME LEFT:  583.99 GRAD.:    10.501 HEAT: 80.63949    
 CYCLE:  53 TIME:   0.256 TIME LEFT:  583.73 GRAD.:    10.866 HEAT: 80.63130    
 CYCLE:  54 TIME:   0.331 TIME LEFT:  583.40 GRAD.:    10.725 HEAT: 80.61536    
 CYCLE:  55 TIME:   0.333 TIME LEFT:  583.07 GRAD.:    11.095 HEAT: 80.60052    
 TEST ON GRADIENT SATISFIED
                    HOWEVER, A COMPONENT OF GRADIENT IS LARGER THAN  1.00

 CYCLE:  56 TIME:   0.257 TIME LEFT:  582.81 GRAD.:     8.409 HEAT: 80.58805    
 TEST ON GRADIENT SATISFIED
                    HOWEVER, A COMPONENT OF GRADIENT IS LARGER THAN  1.00

 CYCLE:  57 TIME:   0.181 TIME LEFT:  582.63 GRAD.:     8.634 HEAT: 80.57717    
 TEST ON X SATISFIED
                    HOWEVER, A COMPONENT OF GRADIENT IS LARGER THAN  1.00

 CYCLE:  58 TIME:   0.469 TIME LEFT:  582.16 GRAD.:    13.280 HEAT: 80.57694    


          HERBERTS TEST SATISFIED - GEOMETRY OPTIMIZED

 -------------------------------------------------------------------------------
 AM1 NOINTER T=600
 title
 


     HERBERTS TEST WAS SATISFIED IN BFGS                      
     SCF FIELD WAS ACHIEVED                                   


                                AM1    CALCULATION
                                                       MOPAC 93.00
                                                       Mon May 31 20:25:18 2004




          FINAL HEAT OF FORMATION =         80.57682 KCAL =    337.13342 KJ


          TOTAL ENERGY            =      -2902.19845 EV
          ELECTRONIC ENERGY       =     -20771.79151 EV  POINT GROUP:     C1  
          CORE-CORE REPULSION     =      17869.59306 EV

          GRADIENT NORM           =         13.28025
          IONIZATION POTENTIAL    =          8.77945
          NO. OF FILLED LEVELS    =         48
          MOLECULAR WEIGHT        =    251.330


          SCF CALCULATIONS  =              121
          COMPUTATION TIME =  17.945 SECONDS



       FINAL  POINT  AND  DERIVATIVES

   PARAMETER     ATOM    TYPE            VALUE       GRADIENT
      1          2  C    BOND            1.448408    -0.502280  KCAL/ANGSTROM
      2          3  C    BOND            1.542518    -0.726381  KCAL/ANGSTROM
      3          3  C    ANGLE         112.717894    -0.565036  KCAL/RADIAN  
      4          4  N    BOND            1.459786     0.142977  KCAL/ANGSTROM
      5          4  N    ANGLE         111.532257     0.577567  KCAL/RADIAN  
      6          4  N    DIHEDRAL      -51.697318     0.160151  KCAL/RADIAN  
      7          5  C    BOND            1.469115     1.616613  KCAL/ANGSTROM
      8          5  C    ANGLE         111.159432     2.217676  KCAL/RADIAN  
      9          5  C    DIHEDRAL       57.256377     0.140775  KCAL/RADIAN  
     10          6  C    BOND            1.562919    -0.469825  KCAL/ANGSTROM
     11          6  C    ANGLE         108.996333     1.167266  KCAL/RADIAN  
     12          6  C    DIHEDRAL      -58.084431    -1.753236  KCAL/RADIAN  
     13          7  C    BOND            1.429976     0.620516  KCAL/ANGSTROM
     14          7  C    ANGLE         115.857409     0.163209  KCAL/RADIAN  
     15          7  C    DIHEDRAL      167.638392     0.683776  KCAL/RADIAN  
     16          8  N    BOND            1.367027     0.590706  KCAL/ANGSTROM
     17          8  N    ANGLE         120.750776    -5.223459  KCAL/RADIAN  
     18          8  N    DIHEDRAL      110.847195    -0.035170  KCAL/RADIAN  
     19          9  C    BOND            1.343394     4.016176  KCAL/ANGSTROM
     20          9  C    ANGLE         118.260495     5.870837  KCAL/RADIAN  
     21          9  C    DIHEDRAL      174.086263    -1.902322  KCAL/RADIAN  
     22         10  C    BOND            1.404344     0.493690  KCAL/ANGSTROM
     23         10  C    ANGLE         123.560812     1.756561  KCAL/RADIAN  
     24         10  C    DIHEDRAL        0.307229    -3.852133  KCAL/RADIAN  
     25         11  C    BOND            1.395585     1.199461  KCAL/ANGSTROM
     26         11  C    ANGLE         118.414747     2.593104  KCAL/RADIAN  
     27         11  C    DIHEDRAL        0.236433    -3.954211  KCAL/RADIAN  
     28         12  C    BOND            1.394947    -2.359719  KCAL/ANGSTROM
     29         12  C    ANGLE         119.615123    -0.360006  KCAL/RADIAN  
     30         12  C    DIHEDRAL       -0.314600    -1.983790  KCAL/RADIAN  
     31         13  C    BOND            1.486994     1.089521  KCAL/ANGSTROM
     32         13  C    ANGLE         119.908422     3.340376  KCAL/RADIAN  
     33         13  C    DIHEDRAL     -178.377172     1.471080  KCAL/RADIAN  
     34         14  C    BOND            1.492859     0.626947  KCAL/ANGSTROM
     35         14  C    ANGLE         109.863008    -0.123188  KCAL/RADIAN  
     36         14  C    DIHEDRAL       67.251134     2.605810  KCAL/RADIAN  
     37         15  C    BOND            1.403294    -0.223536  KCAL/ANGSTROM
     38         15  C    ANGLE         118.004417    -0.473145  KCAL/RADIAN  
     39         15  C    DIHEDRAL      121.579440     0.615217  KCAL/RADIAN  
     40         16  C    BOND            1.389429    -0.489396  KCAL/ANGSTROM
     41         16  C    ANGLE         121.096937     0.944516  KCAL/RADIAN  
     42         16  C    DIHEDRAL     -176.936990     0.772863  KCAL/RADIAN  
     43         17  C    BOND            1.394557    -1.197958  KCAL/ANGSTROM
     44         17  C    ANGLE         119.575492     0.538842  KCAL/RADIAN  
     45         17  C    DIHEDRAL        0.702402     0.785049  KCAL/RADIAN  
     46         18  C    BOND            1.389785    -0.402558  KCAL/ANGSTROM
     47         18  C    ANGLE         119.768859     0.003776  KCAL/RADIAN  
     48         18  C    DIHEDRAL       -1.091954     0.297005  KCAL/RADIAN  
     49         19  C    BOND            1.407774     0.233623  KCAL/ANGSTROM
     50         19  C    ANGLE         121.252424    -0.289587  KCAL/RADIAN  
     51         19  C    DIHEDRAL       -0.258957    -0.226251  KCAL/RADIAN  
     52         20  H    BOND            1.100339     0.008300  KCAL/ANGSTROM
     53         20  H    ANGLE         119.984458    -0.148064  KCAL/RADIAN  
     54         20  H    DIHEDRAL      179.850281     0.118966  KCAL/RADIAN  
     55         21  H    BOND            1.097159     0.023068  KCAL/ANGSTROM
     56         21  H    ANGLE         121.037239    -0.022188  KCAL/RADIAN  
     57         21  H    DIHEDRAL      179.820513     0.074881  KCAL/RADIAN  
     58         22  H    BOND            1.104867     0.023019  KCAL/ANGSTROM
     59         22  H    ANGLE         115.343559     0.201208  KCAL/RADIAN  
     60         22  H    DIHEDRAL     -180.067271    -0.075283  KCAL/RADIAN  
     61         23  H    BOND            1.101637    -0.026794  KCAL/ANGSTROM
     62         23  H    ANGLE         119.373154    -0.020348  KCAL/RADIAN  
     63         23  H    DIHEDRAL      179.852911     0.045071  KCAL/RADIAN  
     64         24  H    BOND            1.099771    -0.003928  KCAL/ANGSTROM
     65         24  H    ANGLE         120.035004    -0.009847  KCAL/RADIAN  
     66         24  H    DIHEDRAL      179.771122    -0.005670  KCAL/RADIAN  
     67         25  H    BOND            1.099664     0.007161  KCAL/ANGSTROM
     68         25  H    ANGLE         120.205274    -0.033788  KCAL/RADIAN  
     69         25  H    DIHEDRAL      179.370514    -0.011720  KCAL/RADIAN  
     70         26  H    BOND            1.100986     0.006884  KCAL/ANGSTROM
     71         26  H    ANGLE         119.596067     0.091771  KCAL/RADIAN  
     72         26  H    DIHEDRAL     -179.018483    -0.010179  KCAL/RADIAN  
     73         27  H    BOND            1.139412     0.896968  KCAL/ANGSTROM
     74         27  H    ANGLE         106.417936     0.130115  KCAL/RADIAN  
     75         27  H    DIHEDRAL      -43.449332    -0.421311  KCAL/RADIAN  
     76         28  H    BOND            1.125579    -0.000912  KCAL/ANGSTROM
     77         28  H    ANGLE         110.026248    -0.029539  KCAL/RADIAN  
     78         28  H    DIHEDRAL      -53.617093    -0.002451  KCAL/RADIAN  
     79         29  H    BOND            1.123898    -0.017345  KCAL/ANGSTROM
     80         29  H    ANGLE         109.920904    -0.097788  KCAL/RADIAN  
     81         29  H    DIHEDRAL     -171.235095     0.012392  KCAL/RADIAN  
     82         30  H    BOND            1.127936    -0.062294  KCAL/ANGSTROM
     83         30  H    ANGLE         111.851518    -0.112187  KCAL/RADIAN  
     84         30  H    DIHEDRAL       69.745146     0.137625  KCAL/RADIAN  
     85         31  H    BOND            1.124940     0.125464  KCAL/ANGSTROM
     86         31  H    ANGLE         108.238446    -0.075891  KCAL/RADIAN  
     87         31  H    DIHEDRAL      -49.545608     0.187266  KCAL/RADIAN  
     88         32  H    BOND            1.126014    -0.009561  KCAL/ANGSTROM
     89         32  H    ANGLE         107.822772     0.115182  KCAL/RADIAN  
     90         32  H    DIHEDRAL     -170.301974    -0.014438  KCAL/RADIAN  
     91         33  H    BOND            1.129417     0.035634  KCAL/ANGSTROM
     92         33  H    ANGLE         108.425069    -0.070992  KCAL/RADIAN  
     93         33  H    DIHEDRAL       73.237265     0.025383  KCAL/RADIAN  
     94         34  H    BOND            1.128424    -0.008813  KCAL/ANGSTROM
     95         34  H    ANGLE         108.035061    -0.145374  KCAL/RADIAN  
     96         34  H    DIHEDRAL       59.029931     0.093123  KCAL/RADIAN  
     97         35  H    BOND            1.126008     0.187384  KCAL/ANGSTROM
     98         35  H    ANGLE         107.692770     0.000289  KCAL/RADIAN  
     99         35  H    DIHEDRAL      -57.563812     0.037533  KCAL/RADIAN  
    100         36  H    BOND            1.003053     0.016716  KCAL/ANGSTROM
    101         36  H    ANGLE         110.321611     0.427908  KCAL/RADIAN  
    102         36  H    DIHEDRAL      172.747590    -0.054376  KCAL/RADIAN  





    ATOM   CHEMICAL  BOND LENGTH    BOND ANGLE     TWIST ANGLE
   NUMBER  SYMBOL    (ANGSTROMS)     (DEGREES)      (DEGREES)
    (I)                  NA:I          NB:NA:I      NC:NB:NA:I     NA   NB   NC

      1      N       
      2      C         1.44841  *                                  1
      3      C         1.54252  *     112.71789  *                 2    1
      4      N         1.45979  *     111.53226  *  -51.69732  *   3    2    1
      5      C         1.46911  *     111.15943  *   57.25638  *   4    3    2
      6      C         1.56292  *     108.99633  *  -58.08443  *   5    4    3
      7      C         1.42998  *     115.85741  *  167.63839  *   4    5    6
      8      N         1.36703  *     120.75078  *  110.84719  *   7    4    5
      9      C         1.34339  *     118.26049  *  174.08626  *   8    7    4
     10      C         1.40434  *     123.56081  *    0.30723  *   9    8    7
     11      C         1.39558  *     118.41475  *    0.23643  *  10    9    8
     12      C         1.39495  *     119.61512  *   -0.31460  *  11   10    9
     13      C         1.48699  *     119.90842  * -178.37717  *  12    7    8
     14      C         1.49286  *     109.86301  *   67.25113  *  13   12    7
     15      C         1.40329  *     118.00442  *  121.57944  *  14   13   12
     16      C         1.38943  *     121.09694  * -176.93699  *  15   14   13
     17      C         1.39456  *     119.57549  *    0.70240  *  16   15   14
     18      C         1.38979  *     119.76886  *   -1.09195  *  17   16   15
     19      C         1.40777  *     121.25242  *   -0.25896  *  18   17   16
     20      H         1.10034  *     119.98446  *  179.85028  *  11   12    7
     21      H         1.09716  *     121.03724  *  179.82051  *  10   11   12
     22      H         1.10487  *     115.34356  *  179.93273  *   9    8    7
     23      H         1.10164  *     119.37315  *  179.85291  *  18   17   16
     24      H         1.09977  *     120.03500  *  179.77112  *  17   18   19
     25      H         1.09966  *     120.20527  *  179.37051  *  16   17   18
     26      H         1.10099  *     119.59607  * -179.01848  *  15   16   17
     27      H         1.13941  *     106.41794  *  -43.44933  *   5   19   18
     28      H         1.12558  *     110.02625  *  -53.61709  *  13   12    7
     29      H         1.12390  *     109.92090  * -171.23510  *  13   12    7
     30      H         1.12794  *     111.85152  *   69.74515  *   3    4    7
     31      H         1.12494  *     108.23845  *  -49.54561  *   3    4    7
     32      H         1.12601  *     107.82277  * -170.30197  *   2    3    4
     33      H         1.12942  *     108.42507  *   73.23726  *   2    3    4
     34      H         1.12842  *     108.03506  *   59.02993  *   6    5   19
     35      H         1.12601  *     107.69277  *  -57.56381  *   6    5   19
     36      H         1.00305  *     110.32161  *  172.74759  *   1    2    3


      MOLECULAR POINT GROUP   :   C1  


                  EIGENVALUES

 -41.22641 -39.40580 -38.77730 -35.46494 -34.84399 -33.34486 -32.13643 -30.75374
 -29.96987 -27.09357 -26.58819 -25.03115 -23.37287 -23.01263 -22.36174 -21.70194
 -20.15183 -18.38403 -17.43158 -17.20013 -16.80422 -16.45689 -16.34306 -15.90274
 -15.59408 -15.24911 -15.12889 -14.75406 -14.38000 -14.20660 -13.91012 -13.83155
 -13.45917 -13.21903 -13.06527 -12.62066 -12.46590 -12.21111 -11.96724 -11.94244
 -11.67982 -10.68328 -10.48707 -10.08612  -9.62582  -9.43829  -9.40968  -8.77945
   0.16058   0.31972   0.36798   0.49348   2.20017   2.69424   2.77986   3.18614
   3.46218   3.60396   3.72128   3.76305   3.83283   3.89257   3.94913   4.01500
   4.05452   4.06743   4.11367   4.18158   4.22104   4.27943   4.39485   4.43803
   4.46143   4.61333   4.65161   4.66934   4.78723   4.84266   4.89140   4.99387
   5.09306   5.11429   5.32614   5.42940   5.52132   5.59190   5.63117   5.91002
   6.00383   6.10889   6.17322   6.38235   6.93918


              NET ATOMIC CHARGES AND DIPOLE CONTRIBUTIONS

         ATOM NO.   TYPE          CHARGE        ATOM  ELECTRON DENSITY
           1          N          -0.303044        5.3030
           2          C          -0.079415        4.0794
           3          C          -0.051136        4.0511
           4          N          -0.223488        5.2235
           5          C           0.039386        3.9606
           6          C          -0.071804        4.0718
           7          C           0.090742        3.9093
           8          N          -0.180029        5.1800
           9          C          -0.051483        4.0515
          10          C          -0.200077        4.2001
          11          C          -0.080112        4.0801
          12          C          -0.112030        4.1120
          13          C          -0.075096        4.0751
          14          C          -0.047820        4.0478
          15          C          -0.130543        4.1305
          16          C          -0.125990        4.1260
          17          C          -0.130835        4.1308
          18          C          -0.129425        4.1294
          19          C          -0.068990        4.0690
          20          H           0.137632        0.8624
          21          H           0.142335        0.8577
          22          H           0.158388        0.8416
          23          H           0.134461        0.8655
          24          H           0.132951        0.8670
          25          H           0.132325        0.8677
          26          H           0.130678        0.8693
          27          H           0.093126        0.9069
          28          H           0.117194        0.8828
          29          H           0.089000        0.9110
          30          H           0.087124        0.9129
          31          H           0.104168        0.8958
          32          H           0.093980        0.9060
          33          H           0.056198        0.9438
          34          H           0.065167        0.9348
          35          H           0.095761        0.9042
          36          H           0.160699        0.8393
 DIPOLE           X         Y         Z       TOTAL
 POINT-CHG.    -0.281    -0.298    -0.692     0.804
 HYBRID        -0.016     0.338    -1.124     1.174
 SUM           -0.297     0.039    -1.816     1.840


          CARTESIAN COORDINATES 

    NO.       ATOM               X         Y         Z

     1         N                  0.0000    0.0000    0.0000
     2         C                  1.4484    0.0000    0.0000
     3         C                  2.0441    1.4228    0.0000
     4         N                  1.4747    2.2421   -1.0656
     5         C                  0.0119    2.3182   -0.9519
     6         C                 -0.5782    0.8718   -1.0020
     7         C                  2.1463    3.4803   -1.3119
     8         N                  2.9347    4.0508   -0.3519
     9         C                  3.6374    5.1490   -0.6759
    10         C                  3.6016    5.7469   -1.9461
    11         C                  2.7895    5.1752   -2.9265
    12         C                  2.0468    4.0331   -2.6266
    13         C                  1.1496    3.4018   -3.6304
    14         C                 -0.2744    3.5702   -3.2150
    15         C                 -1.1427    4.2363   -4.0934
    16         C                 -2.4647    4.4843   -3.7451
    17         C                 -2.9353    4.0785   -2.4967
    18         C                 -2.0857    3.4107   -1.6227
    19         C                 -0.7521    3.1277   -1.9739
    20         H                  2.7330    5.6196   -3.9315
    21         H                  4.1978    6.6434   -2.1575
    22         H                  4.2569    5.5706    0.1360
    23         H                 -2.4636    3.0952   -0.6372
    24         H                 -3.9747    4.2859   -2.2031
    25         H                 -3.1336    5.0040   -4.4463
    26         H                 -0.7664    4.5710   -5.0725
    27         H                 -0.2450    2.7601    0.0664
    28         H                  1.3895    2.3063   -3.7269
    29         H                  1.3181    3.8658   -4.6401
    30         H                  1.8814    1.8838    1.0165
    31         H                  3.1518    1.3361   -0.1763
    32         H                  1.7887   -0.5161    0.9411
    33         H                  1.8765   -0.5662   -0.8784
    34         H                 -0.4459    0.4767   -2.0507
    35         H                 -1.6819    0.9451   -0.7915
    36         H                 -0.3483   -0.9331   -0.1187


          ATOMIC ORBITAL ELECTRON POPULATIONS

   1.59116   1.07342   1.13408   1.50439   1.23023   0.87549   0.96443   1.00927
   1.23023   0.98673   0.90720   0.92698   1.56741   1.03678   1.14585   1.47344
   1.21562   0.83110   0.94397   0.96992   1.23473   0.98383   0.91441   0.93883
   1.22444   0.92565   0.87068   0.88849   1.71391   1.08674   1.09241   1.28697
   1.24039   0.94975   0.91345   0.94789   1.22504   1.01850   1.01524   0.94130
   1.21867   0.94012   0.93358   0.98774   1.20545   1.00191   0.97303   0.93164
   1.19577   0.89615   1.02378   0.95940   1.19781   0.94320   0.97898   0.92782
   1.21895   0.93448   0.99014   0.98698   1.21722   0.95146   0.99550   0.96181
   1.21688   0.98927   0.98595   0.93874   1.22033   0.92688   0.98972   0.99250
   1.20331   0.93939   0.98898   0.93731   0.86237   0.85766   0.84161   0.86554
   0.86705   0.86768   0.86932   0.90687   0.88281   0.91100   0.91288   0.89583
   0.90602   0.94380   0.93483   0.90424   0.83930



 TOTAL CPU TIME:            17.96 SECONDS

 == MOPAC DONE ==
 JOB FINISHED
