
CAChe Tabulator 6.1.10 - methanol.csf

Surface Type: Molecular Orbitals
Max Grid Intervals: 101
Prefered Interval Distance: 0.100000 Angstroms

Net molecular charge =   0.0000 a.u.
Using orbitals from 1 to 18.
Molecular orbital values: 0.050000 -0.050000
Number of valence electrons = 20


Resolution:
  x:   0.10 A
  y:   0.10 A
  z:   0.10 A

Integral of function: 13.133971

MO number  Surface value  Surface Area    Volume Range   Number of triangles
                    a.u.      (A**2)         (A**3) 
    1                0.050        22.420     6.62-   10.11     9036
    1               -0.050         0.000     0.00-    0.00     0
    2                0.050        23.298     8.16-   11.74     9179
    2               -0.050         6.735     1.13-    2.17     2643
    3                0.050        17.390     5.33-    8.00     6818
    3               -0.050        20.113     4.76-    7.86     7970
    4                0.050        23.943     4.60-    8.31     9479
    4               -0.050        10.697     2.16-    3.81     4220
    5                0.050        21.674     5.01-    8.40     8924
    5               -0.050        21.701     5.04-    8.36     8501
    6                0.050        15.472     2.95-    5.34     6129
    6               -0.050        19.448     3.78-    6.82     7931

Molecular orbital values: 0.050000 -0.050000
Number of valence electrons = 20


Resolution:
  x:   0.10 A
  y:   0.10 A
  z:   0.10 A

Integral of function: 0.434454

MO number  Surface value  Surface Area    Volume Range   Number of triangles
                    a.u.      (A**2)         (A**3) 
    7                0.050        19.380     4.23-    7.21     7768
    7               -0.050        19.001     3.73-    6.66     7416
    8                0.050        19.892     3.83-    6.90     7851
    8               -0.050        19.771     3.78-    6.81     7856
    9                0.050        26.872     5.07-    9.26     10852
    9               -0.050        18.928     3.59-    6.57     7907
    10                0.050        19.472     3.35-    6.38     7762
    10               -0.050        19.512     3.37-    6.39     7778
    11                0.050        26.315     4.21-    8.25     10349
    11               -0.050        20.957     2.93-    6.16     8344
    12                0.050        13.986     1.76-    3.95     5754
    12               -0.050        35.790     5.68-   11.19     14154

Molecular orbital values: 0.050000 -0.050000
Number of valence electrons = 20


Resolution:
  x:   0.10 A
  y:   0.10 A
  z:   0.10 A

Integral of function: 0.147647

MO number  Surface value  Surface Area    Volume Range   Number of triangles
                    a.u.      (A**2)         (A**3) 
    13                0.050        23.085     3.69-    7.25     9252
    13               -0.050        22.917     3.66-    7.19     9109
    14                0.050        18.509     2.77-    5.60     7370
    14               -0.050        23.823     3.50-    7.22     9645
    15                0.050        22.563     3.97-    7.46     8916
    15               -0.050        18.756     2.36-    5.26     7504
    16                0.050        29.408     3.99-    8.57     11940
    16               -0.050        15.367     1.88-    4.25     6103
    17                0.050        22.278     3.28-    6.74     8913
    17               -0.050        22.064     3.20-    6.59     8696
    18                0.050        22.589     3.55-    7.08     9226
    18               -0.050        15.022     1.57-    3.90     6019


Mulliken population analysis used for atomic properties.
Computation time: 0000:00:12.58
